\BOOKMARK [0][-]{chapter.1}{Introducci\363n}{}% 1
\BOOKMARK [1][-]{section.1.1}{Contexto}{chapter.1}% 2
\BOOKMARK [1][-]{section.1.2}{Motivaci\363n}{chapter.1}% 3
\BOOKMARK [1][-]{section.1.3}{Objetivos}{chapter.1}% 4
\BOOKMARK [1][-]{section.1.4}{Organizaci\363n del documento}{chapter.1}% 5
\BOOKMARK [0][-]{chapter.2}{Estado del Arte}{}% 6
\BOOKMARK [1][-]{section.2.1}{Herramientas para gesti\363n de incidentes}{chapter.2}% 7
\BOOKMARK [2][-]{subsection.2.1.1}{Que es RTIR}{section.2.1}% 8
\BOOKMARK [1][-]{section.2.2}{Modelos de datos para representar informaci\363n}{chapter.2}% 9
\BOOKMARK [2][-]{subsection.2.2.1}{IDMEF}{section.2.2}% 10
\BOOKMARK [2][-]{subsection.2.2.2}{IODEF}{section.2.2}% 11
\BOOKMARK [2][-]{subsection.2.2.3}{STIX}{section.2.2}% 12
\BOOKMARK [1][-]{section.2.3}{Protocolos de Intercambio}{chapter.2}% 13
\BOOKMARK [2][-]{subsection.2.3.1}{RID}{section.2.3}% 14
\BOOKMARK [2][-]{subsection.2.3.2}{TAXII}{section.2.3}% 15
\BOOKMARK [2][-]{subsection.2.3.3}{Modelos}{section.2.3}% 16
\BOOKMARK [0][-]{chapter.3}{An\341lisis}{}% 17
\BOOKMARK [1][-]{section.3.1}{An\341lisis de requerimientos}{chapter.3}% 18
\BOOKMARK [1][-]{section.3.2}{Herramientas}{chapter.3}% 19
\BOOKMARK [2][-]{subsection.3.2.1}{RTIR}{section.3.2}% 20
\BOOKMARK [2][-]{subsection.3.2.2}{STIX y TAXII}{section.3.2}% 21
\BOOKMARK [1][-]{section.3.3}{Actores y Casos de Uso}{chapter.3}% 22
\BOOKMARK [2][-]{subsection.3.3.1}{Actores}{section.3.3}% 23
\BOOKMARK [2][-]{subsection.3.3.2}{Casos de uso y diagramas de secuencia}{section.3.3}% 24
\BOOKMARK [0][-]{chapter.4}{Dise\361o}{}% 25
\BOOKMARK [1][-]{section.4.1}{Contexto para el uso del sistema}{chapter.4}% 26
\BOOKMARK [1][-]{section.4.2}{Componentes del sistema}{chapter.4}% 27
\BOOKMARK [1][-]{section.4.3}{Aspectos generales de las componentes del sistema}{chapter.4}% 28
\BOOKMARK [2][-]{subsection.4.3.1}{RTIR}{section.4.3}% 29
\BOOKMARK [2][-]{subsection.4.3.2}{TAXII App}{section.4.3}% 30
\BOOKMARK [1][-]{section.4.4}{Comunicaci\363n entre los componentes}{chapter.4}% 31
\BOOKMARK [1][-]{section.4.5}{Modelo de datos}{chapter.4}% 32
\BOOKMARK [0][-]{chapter.5}{Implementaci\363n}{}% 33
\BOOKMARK [1][-]{section.5.1}{Aspectos Generales}{chapter.5}% 34
\BOOKMARK [2][-]{subsection.5.1.1}{Entorno de desarrollo}{section.5.1}% 35
\BOOKMARK [2][-]{subsection.5.1.2}{Metodolog\355a}{section.5.1}% 36
\BOOKMARK [2][-]{subsection.5.1.3}{Librerias utilizadas}{section.5.1}% 37
\BOOKMARK [2][-]{subsection.5.1.4}{M\363dulos desarrollados}{section.5.1}% 38
\BOOKMARK [2][-]{subsection.5.1.5}{Alcance}{section.5.1}% 39
\BOOKMARK [0][-]{chapter.6}{Caso de estudio}{}% 40
\BOOKMARK [1][-]{section.6.1}{Objetivos}{chapter.6}% 41
\BOOKMARK [1][-]{section.6.2}{Escenario del caso de estudio}{chapter.6}% 42
\BOOKMARK [1][-]{section.6.3}{Ejecuci\363n del caso de estudio}{chapter.6}% 43
\BOOKMARK [0][-]{chapter.7}{Conclusiones y trabajo futuro}{}% 44
\BOOKMARK [1][-]{section.7.1}{Conclusiones}{chapter.7}% 45
\BOOKMARK [1][-]{section.7.2}{Trabajo Futuro}{chapter.7}% 46
\BOOKMARK [0][-]{chapter.8}{Anexo}{}% 47
\BOOKMARK [1][-]{section.8.1}{Implementaci\363n}{chapter.8}% 48
\BOOKMARK [2][-]{subsection.8.1.1}{Servicios TAXII Implementados}{section.8.1}% 49
\BOOKMARK [2][-]{subsection.8.1.2}{API REST implementada}{section.8.1}% 50
\BOOKMARK [2][-]{subsection.8.1.3}{Entidades desarrolladas utilizadas}{section.8.1}% 51
\BOOKMARK [2][-]{subsection.8.1.4}{Cyber Obsevables utilizados en el caso de estudio}{section.8.1}% 52
