This is pdfTeX, Version 3.1415926-2.4-1.40.13 (TeX Live 2012) (format=pdflatex 2012.6.30)  1 JUN 2014 16:26
entering extended mode
 restricted \write18 enabled.
 file:line:error style messages enabled.
 %&-line parsing enabled.
**Análisis2.1
(./Análisis2.1.tex
LaTeX2e <2011/06/27>
Babel <v3.8m> and hyphenation patterns for english, dumylang, nohyphenation, ge
rman-x-2012-05-30, ngerman-x-2012-05-30, afrikaans, ancientgreek, ibycus, arabi
c, armenian, basque, bulgarian, catalan, pinyin, coptic, croatian, czech, danis
h, dutch, ukenglish, usenglishmax, esperanto, estonian, ethiopic, farsi, finnis
h, french, friulan, galician, german, ngerman, swissgerman, monogreek, greek, h
ungarian, icelandic, assamese, bengali, gujarati, hindi, kannada, malayalam, ma
rathi, oriya, panjabi, tamil, telugu, indonesian, interlingua, irish, italian, 
kurmanji, latin, latvian, lithuanian, mongolian, mongolianlmc, bokmal, nynorsk,
 polish, portuguese, romanian, romansh, russian, sanskrit, serbian, serbianc, s
lovak, slovenian, spanish, swedish, turkish, turkmen, ukrainian, uppersorbian, 
welsh, loaded.
(/usr/local/texlive/2012/texmf-dist/tex/latex/base/article.cls
Document Class: article 2007/10/19 v1.4h Standard LaTeX document class
(/usr/local/texlive/2012/texmf-dist/tex/latex/base/size11.clo
File: size11.clo 2007/10/19 v1.4h Standard LaTeX file (size option)
)
\c@part=\count79
\c@section=\count80
\c@subsection=\count81
\c@subsubsection=\count82
\c@paragraph=\count83
\c@subparagraph=\count84
\c@figure=\count85
\c@table=\count86
\abovecaptionskip=\skip41
\belowcaptionskip=\skip42
\bibindent=\dimen102
)
(/usr/local/texlive/2012/texmf-dist/tex/latex/base/inputenc.sty
Package: inputenc 2008/03/30 v1.1d Input encoding file
\inpenc@prehook=\toks14
\inpenc@posthook=\toks15

(/usr/local/texlive/2012/texmf-dist/tex/latex/base/utf8.def
File: utf8.def 2008/04/05 v1.1m UTF-8 support for inputenc
Now handling font encoding OML ...
... no UTF-8 mapping file for font encoding OML
Now handling font encoding T1 ...
... processing UTF-8 mapping file for font encoding T1

(/usr/local/texlive/2012/texmf-dist/tex/latex/base/t1enc.dfu
File: t1enc.dfu 2008/04/05 v1.1m UTF-8 support for inputenc
   defining Unicode char U+00A1 (decimal 161)
   defining Unicode char U+00A3 (decimal 163)
   defining Unicode char U+00AB (decimal 171)
   defining Unicode char U+00BB (decimal 187)
   defining Unicode char U+00BF (decimal 191)
   defining Unicode char U+00C0 (decimal 192)
   defining Unicode char U+00C1 (decimal 193)
   defining Unicode char U+00C2 (decimal 194)
   defining Unicode char U+00C3 (decimal 195)
   defining Unicode char U+00C4 (decimal 196)
   defining Unicode char U+00C5 (decimal 197)
   defining Unicode char U+00C6 (decimal 198)
   defining Unicode char U+00C7 (decimal 199)
   defining Unicode char U+00C8 (decimal 200)
   defining Unicode char U+00C9 (decimal 201)
   defining Unicode char U+00CA (decimal 202)
   defining Unicode char U+00CB (decimal 203)
   defining Unicode char U+00CC (decimal 204)
   defining Unicode char U+00CD (decimal 205)
   defining Unicode char U+00CE (decimal 206)
   defining Unicode char U+00CF (decimal 207)
   defining Unicode char U+00D0 (decimal 208)
   defining Unicode char U+00D1 (decimal 209)
   defining Unicode char U+00D2 (decimal 210)
   defining Unicode char U+00D3 (decimal 211)
   defining Unicode char U+00D4 (decimal 212)
   defining Unicode char U+00D5 (decimal 213)
   defining Unicode char U+00D6 (decimal 214)
   defining Unicode char U+00D8 (decimal 216)
   defining Unicode char U+00D9 (decimal 217)
   defining Unicode char U+00DA (decimal 218)
   defining Unicode char U+00DB (decimal 219)
   defining Unicode char U+00DC (decimal 220)
   defining Unicode char U+00DD (decimal 221)
   defining Unicode char U+00DE (decimal 222)
   defining Unicode char U+00DF (decimal 223)
   defining Unicode char U+00E0 (decimal 224)
   defining Unicode char U+00E1 (decimal 225)
   defining Unicode char U+00E2 (decimal 226)
   defining Unicode char U+00E3 (decimal 227)
   defining Unicode char U+00E4 (decimal 228)
   defining Unicode char U+00E5 (decimal 229)
   defining Unicode char U+00E6 (decimal 230)
   defining Unicode char U+00E7 (decimal 231)
   defining Unicode char U+00E8 (decimal 232)
   defining Unicode char U+00E9 (decimal 233)
   defining Unicode char U+00EA (decimal 234)
   defining Unicode char U+00EB (decimal 235)
   defining Unicode char U+00EC (decimal 236)
   defining Unicode char U+00ED (decimal 237)
   defining Unicode char U+00EE (decimal 238)
   defining Unicode char U+00EF (decimal 239)
   defining Unicode char U+00F0 (decimal 240)
   defining Unicode char U+00F1 (decimal 241)
   defining Unicode char U+00F2 (decimal 242)
   defining Unicode char U+00F3 (decimal 243)
   defining Unicode char U+00F4 (decimal 244)
   defining Unicode char U+00F5 (decimal 245)
   defining Unicode char U+00F6 (decimal 246)
   defining Unicode char U+00F8 (decimal 248)
   defining Unicode char U+00F9 (decimal 249)
   defining Unicode char U+00FA (decimal 250)
   defining Unicode char U+00FB (decimal 251)
   defining Unicode char U+00FC (decimal 252)
   defining Unicode char U+00FD (decimal 253)
   defining Unicode char U+00FE (decimal 254)
   defining Unicode char U+00FF (decimal 255)
   defining Unicode char U+0102 (decimal 258)
   defining Unicode char U+0103 (decimal 259)
   defining Unicode char U+0104 (decimal 260)
   defining Unicode char U+0105 (decimal 261)
   defining Unicode char U+0106 (decimal 262)
   defining Unicode char U+0107 (decimal 263)
   defining Unicode char U+010C (decimal 268)
   defining Unicode char U+010D (decimal 269)
   defining Unicode char U+010E (decimal 270)
   defining Unicode char U+010F (decimal 271)
   defining Unicode char U+0110 (decimal 272)
   defining Unicode char U+0111 (decimal 273)
   defining Unicode char U+0118 (decimal 280)
   defining Unicode char U+0119 (decimal 281)
   defining Unicode char U+011A (decimal 282)
   defining Unicode char U+011B (decimal 283)
   defining Unicode char U+011E (decimal 286)
   defining Unicode char U+011F (decimal 287)
   defining Unicode char U+0130 (decimal 304)
   defining Unicode char U+0131 (decimal 305)
   defining Unicode char U+0132 (decimal 306)
   defining Unicode char U+0133 (decimal 307)
   defining Unicode char U+0139 (decimal 313)
   defining Unicode char U+013A (decimal 314)
   defining Unicode char U+013D (decimal 317)
   defining Unicode char U+013E (decimal 318)
   defining Unicode char U+0141 (decimal 321)
   defining Unicode char U+0142 (decimal 322)
   defining Unicode char U+0143 (decimal 323)
   defining Unicode char U+0144 (decimal 324)
   defining Unicode char U+0147 (decimal 327)
   defining Unicode char U+0148 (decimal 328)
   defining Unicode char U+014A (decimal 330)
   defining Unicode char U+014B (decimal 331)
   defining Unicode char U+0150 (decimal 336)
   defining Unicode char U+0151 (decimal 337)
   defining Unicode char U+0152 (decimal 338)
   defining Unicode char U+0153 (decimal 339)
   defining Unicode char U+0154 (decimal 340)
   defining Unicode char U+0155 (decimal 341)
   defining Unicode char U+0158 (decimal 344)
   defining Unicode char U+0159 (decimal 345)
   defining Unicode char U+015A (decimal 346)
   defining Unicode char U+015B (decimal 347)
   defining Unicode char U+015E (decimal 350)
   defining Unicode char U+015F (decimal 351)
   defining Unicode char U+0160 (decimal 352)
   defining Unicode char U+0161 (decimal 353)
   defining Unicode char U+0162 (decimal 354)
   defining Unicode char U+0163 (decimal 355)
   defining Unicode char U+0164 (decimal 356)
   defining Unicode char U+0165 (decimal 357)
   defining Unicode char U+016E (decimal 366)
   defining Unicode char U+016F (decimal 367)
   defining Unicode char U+0170 (decimal 368)
   defining Unicode char U+0171 (decimal 369)
   defining Unicode char U+0178 (decimal 376)
   defining Unicode char U+0179 (decimal 377)
   defining Unicode char U+017A (decimal 378)
   defining Unicode char U+017B (decimal 379)
   defining Unicode char U+017C (decimal 380)
   defining Unicode char U+017D (decimal 381)
   defining Unicode char U+017E (decimal 382)
   defining Unicode char U+200C (decimal 8204)
   defining Unicode char U+2013 (decimal 8211)
   defining Unicode char U+2014 (decimal 8212)
   defining Unicode char U+2018 (decimal 8216)
   defining Unicode char U+2019 (decimal 8217)
   defining Unicode char U+201A (decimal 8218)
   defining Unicode char U+201C (decimal 8220)
   defining Unicode char U+201D (decimal 8221)
   defining Unicode char U+201E (decimal 8222)
   defining Unicode char U+2030 (decimal 8240)
   defining Unicode char U+2031 (decimal 8241)
   defining Unicode char U+2039 (decimal 8249)
   defining Unicode char U+203A (decimal 8250)
   defining Unicode char U+2423 (decimal 9251)
)
Now handling font encoding OT1 ...
... processing UTF-8 mapping file for font encoding OT1

(/usr/local/texlive/2012/texmf-dist/tex/latex/base/ot1enc.dfu
File: ot1enc.dfu 2008/04/05 v1.1m UTF-8 support for inputenc
   defining Unicode char U+00A1 (decimal 161)
   defining Unicode char U+00A3 (decimal 163)
   defining Unicode char U+00B8 (decimal 184)
   defining Unicode char U+00BF (decimal 191)
   defining Unicode char U+00C5 (decimal 197)
   defining Unicode char U+00C6 (decimal 198)
   defining Unicode char U+00D8 (decimal 216)
   defining Unicode char U+00DF (decimal 223)
   defining Unicode char U+00E6 (decimal 230)
   defining Unicode char U+00EC (decimal 236)
   defining Unicode char U+00ED (decimal 237)
   defining Unicode char U+00EE (decimal 238)
   defining Unicode char U+00EF (decimal 239)
   defining Unicode char U+00F8 (decimal 248)
   defining Unicode char U+0131 (decimal 305)
   defining Unicode char U+0141 (decimal 321)
   defining Unicode char U+0142 (decimal 322)
   defining Unicode char U+0152 (decimal 338)
   defining Unicode char U+0153 (decimal 339)
   defining Unicode char U+2013 (decimal 8211)
   defining Unicode char U+2014 (decimal 8212)
   defining Unicode char U+2018 (decimal 8216)
   defining Unicode char U+2019 (decimal 8217)
   defining Unicode char U+201C (decimal 8220)
   defining Unicode char U+201D (decimal 8221)
)
Now handling font encoding OMS ...
... processing UTF-8 mapping file for font encoding OMS

(/usr/local/texlive/2012/texmf-dist/tex/latex/base/omsenc.dfu
File: omsenc.dfu 2008/04/05 v1.1m UTF-8 support for inputenc
   defining Unicode char U+00A7 (decimal 167)
   defining Unicode char U+00B6 (decimal 182)
   defining Unicode char U+00B7 (decimal 183)
   defining Unicode char U+2020 (decimal 8224)
   defining Unicode char U+2021 (decimal 8225)
   defining Unicode char U+2022 (decimal 8226)
)
Now handling font encoding OMX ...
... no UTF-8 mapping file for font encoding OMX
Now handling font encoding U ...
... no UTF-8 mapping file for font encoding U
   defining Unicode char U+00A9 (decimal 169)
   defining Unicode char U+00AA (decimal 170)
   defining Unicode char U+00AE (decimal 174)
   defining Unicode char U+00BA (decimal 186)
   defining Unicode char U+02C6 (decimal 710)
   defining Unicode char U+02DC (decimal 732)
   defining Unicode char U+200C (decimal 8204)
   defining Unicode char U+2026 (decimal 8230)
   defining Unicode char U+2122 (decimal 8482)
   defining Unicode char U+2423 (decimal 9251)
))
(/usr/local/texlive/2012/texmf-dist/tex/latex/base/fontenc.sty
Package: fontenc 2005/09/27 v1.99g Standard LaTeX package

(/usr/local/texlive/2012/texmf-dist/tex/latex/base/t1enc.def
File: t1enc.def 2005/09/27 v1.99g Standard LaTeX file
LaTeX Font Info:    Redeclaring font encoding T1 on input line 43.
))
(/usr/local/texlive/2012/texmf-dist/tex/generic/babel/babel.sty
Package: babel 2008/07/08 v3.8m The Babel package

(/usr/local/texlive/2012/texmf-dist/tex/generic/babel/spanish.ldf
Language: spanish.ldf 2011/10/06 v5.0k Spanish support from the babel system

(/usr/local/texlive/2012/texmf-dist/tex/generic/babel/babel.def
File: babel.def 2008/07/08 v3.8m Babel common definitions
\babel@savecnt=\count87
\U@D=\dimen103
)
\es@datefmt=\count88
\es@quottoks=\toks16
\es@quotdepth=\count89
Package babel Info: Making " an active character on input line 496.
Package babel Info: Making . an active character on input line 599.
Package babel Info: Making < an active character on input line 644.
Package babel Info: Making > an active character on input line 644.
)
(/usr/local/texlive/2012/texmf-dist/tex/generic/babel/english.ldf
Language: english 2005/03/30 v3.3o English support from the babel system
\l@canadian = a dialect from \language\l@american 
\l@australian = a dialect from \language\l@british 
\l@newzealand = a dialect from \language\l@british 
))
(/usr/local/texlive/2012/texmf-dist/tex/latex/amsmath/amsmath.sty
Package: amsmath 2000/07/18 v2.13 AMS math features
\@mathmargin=\skip43

For additional information on amsmath, use the `?' option.
(/usr/local/texlive/2012/texmf-dist/tex/latex/amsmath/amstext.sty
Package: amstext 2000/06/29 v2.01

(/usr/local/texlive/2012/texmf-dist/tex/latex/amsmath/amsgen.sty
File: amsgen.sty 1999/11/30 v2.0
\@emptytoks=\toks17
\ex@=\dimen104
))
(/usr/local/texlive/2012/texmf-dist/tex/latex/amsmath/amsbsy.sty
Package: amsbsy 1999/11/29 v1.2d
\pmbraise@=\dimen105
)
(/usr/local/texlive/2012/texmf-dist/tex/latex/amsmath/amsopn.sty
Package: amsopn 1999/12/14 v2.01 operator names
)
\inf@bad=\count90
LaTeX Info: Redefining \frac on input line 211.
\uproot@=\count91
\leftroot@=\count92
LaTeX Info: Redefining \overline on input line 307.
\classnum@=\count93
\DOTSCASE@=\count94
LaTeX Info: Redefining \ldots on input line 379.
LaTeX Info: Redefining \dots on input line 382.
LaTeX Info: Redefining \cdots on input line 467.
\Mathstrutbox@=\box26
\strutbox@=\box27
\big@size=\dimen106
LaTeX Font Info:    Redeclaring font encoding OML on input line 567.
LaTeX Font Info:    Redeclaring font encoding OMS on input line 568.
\macc@depth=\count95
\c@MaxMatrixCols=\count96
\dotsspace@=\muskip10
\c@parentequation=\count97
\dspbrk@lvl=\count98
\tag@help=\toks18
\row@=\count99
\column@=\count100
\maxfields@=\count101
\andhelp@=\toks19
\eqnshift@=\dimen107
\alignsep@=\dimen108
\tagshift@=\dimen109
\tagwidth@=\dimen110
\totwidth@=\dimen111
\lineht@=\dimen112
\@envbody=\toks20
\multlinegap=\skip44
\multlinetaggap=\skip45
\mathdisplay@stack=\toks21
LaTeX Info: Redefining \[ on input line 2666.
LaTeX Info: Redefining \] on input line 2667.
)
(/usr/local/texlive/2012/texmf-dist/tex/latex/amsfonts/amssymb.sty
Package: amssymb 2009/06/22 v3.00

(/usr/local/texlive/2012/texmf-dist/tex/latex/amsfonts/amsfonts.sty
Package: amsfonts 2009/06/22 v3.00 Basic AMSFonts support
\symAMSa=\mathgroup4
\symAMSb=\mathgroup5
LaTeX Font Info:    Overwriting math alphabet `\mathfrak' in version `bold'
(Font)                  U/euf/m/n --> U/euf/b/n on input line 96.
))
(/usr/local/texlive/2012/texmf-dist/tex/latex/base/textcomp.sty
Package: textcomp 2005/09/27 v1.99g Standard LaTeX package
Package textcomp Info: Sub-encoding information:
(textcomp)               5 = only ISO-Adobe without \textcurrency
(textcomp)               4 = 5 + \texteuro
(textcomp)               3 = 4 + \textohm
(textcomp)               2 = 3 + \textestimated + \textcurrency
(textcomp)               1 = TS1 - \textcircled - \t
(textcomp)               0 = TS1 (full)
(textcomp)             Font families with sub-encoding setting implement
(textcomp)             only a restricted character set as indicated.
(textcomp)             Family '?' is the default used for unknown fonts.
(textcomp)             See the documentation for details.
Package textcomp Info: Setting ? sub-encoding to TS1/1 on input line 71.

(/usr/local/texlive/2012/texmf-dist/tex/latex/base/ts1enc.def
File: ts1enc.def 2001/06/05 v3.0e (jk/car/fm) Standard LaTeX file
Now handling font encoding TS1 ...
... processing UTF-8 mapping file for font encoding TS1

(/usr/local/texlive/2012/texmf-dist/tex/latex/base/ts1enc.dfu
File: ts1enc.dfu 2008/04/05 v1.1m UTF-8 support for inputenc
   defining Unicode char U+00A2 (decimal 162)
   defining Unicode char U+00A3 (decimal 163)
   defining Unicode char U+00A4 (decimal 164)
   defining Unicode char U+00A5 (decimal 165)
   defining Unicode char U+00A6 (decimal 166)
   defining Unicode char U+00A7 (decimal 167)
   defining Unicode char U+00A8 (decimal 168)
   defining Unicode char U+00A9 (decimal 169)
   defining Unicode char U+00AA (decimal 170)
   defining Unicode char U+00AC (decimal 172)
   defining Unicode char U+00AE (decimal 174)
   defining Unicode char U+00AF (decimal 175)
   defining Unicode char U+00B0 (decimal 176)
   defining Unicode char U+00B1 (decimal 177)
   defining Unicode char U+00B2 (decimal 178)
   defining Unicode char U+00B3 (decimal 179)
   defining Unicode char U+00B4 (decimal 180)
   defining Unicode char U+00B5 (decimal 181)
   defining Unicode char U+00B6 (decimal 182)
   defining Unicode char U+00B7 (decimal 183)
   defining Unicode char U+00B9 (decimal 185)
   defining Unicode char U+00BA (decimal 186)
   defining Unicode char U+00BC (decimal 188)
   defining Unicode char U+00BD (decimal 189)
   defining Unicode char U+00BE (decimal 190)
   defining Unicode char U+00D7 (decimal 215)
   defining Unicode char U+00F7 (decimal 247)
   defining Unicode char U+0192 (decimal 402)
   defining Unicode char U+02C7 (decimal 711)
   defining Unicode char U+02D8 (decimal 728)
   defining Unicode char U+02DD (decimal 733)
   defining Unicode char U+0E3F (decimal 3647)
   defining Unicode char U+2016 (decimal 8214)
   defining Unicode char U+2020 (decimal 8224)
   defining Unicode char U+2021 (decimal 8225)
   defining Unicode char U+2022 (decimal 8226)
   defining Unicode char U+2030 (decimal 8240)
   defining Unicode char U+2031 (decimal 8241)
   defining Unicode char U+203B (decimal 8251)
   defining Unicode char U+203D (decimal 8253)
   defining Unicode char U+2044 (decimal 8260)
   defining Unicode char U+204E (decimal 8270)
   defining Unicode char U+2052 (decimal 8274)
   defining Unicode char U+20A1 (decimal 8353)
   defining Unicode char U+20A4 (decimal 8356)
   defining Unicode char U+20A6 (decimal 8358)
   defining Unicode char U+20A9 (decimal 8361)
   defining Unicode char U+20AB (decimal 8363)
   defining Unicode char U+20AC (decimal 8364)
   defining Unicode char U+20B1 (decimal 8369)
   defining Unicode char U+2103 (decimal 8451)
   defining Unicode char U+2116 (decimal 8470)
   defining Unicode char U+2117 (decimal 8471)
   defining Unicode char U+211E (decimal 8478)
   defining Unicode char U+2120 (decimal 8480)
   defining Unicode char U+2122 (decimal 8482)
   defining Unicode char U+2126 (decimal 8486)
   defining Unicode char U+2127 (decimal 8487)
   defining Unicode char U+212E (decimal 8494)
   defining Unicode char U+2190 (decimal 8592)
   defining Unicode char U+2191 (decimal 8593)
   defining Unicode char U+2192 (decimal 8594)
   defining Unicode char U+2193 (decimal 8595)
   defining Unicode char U+2329 (decimal 9001)
   defining Unicode char U+232A (decimal 9002)
   defining Unicode char U+2422 (decimal 9250)
   defining Unicode char U+25E6 (decimal 9702)
   defining Unicode char U+25EF (decimal 9711)
   defining Unicode char U+266A (decimal 9834)
))
LaTeX Info: Redefining \oldstylenums on input line 266.
Package textcomp Info: Setting cmr sub-encoding to TS1/0 on input line 281.
Package textcomp Info: Setting cmss sub-encoding to TS1/0 on input line 282.
Package textcomp Info: Setting cmtt sub-encoding to TS1/0 on input line 283.
Package textcomp Info: Setting cmvtt sub-encoding to TS1/0 on input line 284.
Package textcomp Info: Setting cmbr sub-encoding to TS1/0 on input line 285.
Package textcomp Info: Setting cmtl sub-encoding to TS1/0 on input line 286.
Package textcomp Info: Setting ccr sub-encoding to TS1/0 on input line 287.
Package textcomp Info: Setting ptm sub-encoding to TS1/4 on input line 288.
Package textcomp Info: Setting pcr sub-encoding to TS1/4 on input line 289.
Package textcomp Info: Setting phv sub-encoding to TS1/4 on input line 290.
Package textcomp Info: Setting ppl sub-encoding to TS1/3 on input line 291.
Package textcomp Info: Setting pag sub-encoding to TS1/4 on input line 292.
Package textcomp Info: Setting pbk sub-encoding to TS1/4 on input line 293.
Package textcomp Info: Setting pnc sub-encoding to TS1/4 on input line 294.
Package textcomp Info: Setting pzc sub-encoding to TS1/4 on input line 295.
Package textcomp Info: Setting bch sub-encoding to TS1/4 on input line 296.
Package textcomp Info: Setting put sub-encoding to TS1/5 on input line 297.
Package textcomp Info: Setting uag sub-encoding to TS1/5 on input line 298.
Package textcomp Info: Setting ugq sub-encoding to TS1/5 on input line 299.
Package textcomp Info: Setting ul8 sub-encoding to TS1/4 on input line 300.
Package textcomp Info: Setting ul9 sub-encoding to TS1/4 on input line 301.
Package textcomp Info: Setting augie sub-encoding to TS1/5 on input line 302.
Package textcomp Info: Setting dayrom sub-encoding to TS1/3 on input line 303.
Package textcomp Info: Setting dayroms sub-encoding to TS1/3 on input line 304.

Package textcomp Info: Setting pxr sub-encoding to TS1/0 on input line 305.
Package textcomp Info: Setting pxss sub-encoding to TS1/0 on input line 306.
Package textcomp Info: Setting pxtt sub-encoding to TS1/0 on input line 307.
Package textcomp Info: Setting txr sub-encoding to TS1/0 on input line 308.
Package textcomp Info: Setting txss sub-encoding to TS1/0 on input line 309.
Package textcomp Info: Setting txtt sub-encoding to TS1/0 on input line 310.
Package textcomp Info: Setting lmr sub-encoding to TS1/0 on input line 311.
Package textcomp Info: Setting lmdh sub-encoding to TS1/0 on input line 312.
Package textcomp Info: Setting lmss sub-encoding to TS1/0 on input line 313.
Package textcomp Info: Setting lmssq sub-encoding to TS1/0 on input line 314.
Package textcomp Info: Setting lmvtt sub-encoding to TS1/0 on input line 315.
Package textcomp Info: Setting qhv sub-encoding to TS1/0 on input line 316.
Package textcomp Info: Setting qag sub-encoding to TS1/0 on input line 317.
Package textcomp Info: Setting qbk sub-encoding to TS1/0 on input line 318.
Package textcomp Info: Setting qcr sub-encoding to TS1/0 on input line 319.
Package textcomp Info: Setting qcs sub-encoding to TS1/0 on input line 320.
Package textcomp Info: Setting qpl sub-encoding to TS1/0 on input line 321.
Package textcomp Info: Setting qtm sub-encoding to TS1/0 on input line 322.
Package textcomp Info: Setting qzc sub-encoding to TS1/0 on input line 323.
Package textcomp Info: Setting qhvc sub-encoding to TS1/0 on input line 324.
Package textcomp Info: Setting futs sub-encoding to TS1/4 on input line 325.
Package textcomp Info: Setting futx sub-encoding to TS1/4 on input line 326.
Package textcomp Info: Setting futj sub-encoding to TS1/4 on input line 327.
Package textcomp Info: Setting hlh sub-encoding to TS1/3 on input line 328.
Package textcomp Info: Setting hls sub-encoding to TS1/3 on input line 329.
Package textcomp Info: Setting hlst sub-encoding to TS1/3 on input line 330.
Package textcomp Info: Setting hlct sub-encoding to TS1/5 on input line 331.
Package textcomp Info: Setting hlx sub-encoding to TS1/5 on input line 332.
Package textcomp Info: Setting hlce sub-encoding to TS1/5 on input line 333.
Package textcomp Info: Setting hlcn sub-encoding to TS1/5 on input line 334.
Package textcomp Info: Setting hlcw sub-encoding to TS1/5 on input line 335.
Package textcomp Info: Setting hlcf sub-encoding to TS1/5 on input line 336.
Package textcomp Info: Setting pplx sub-encoding to TS1/3 on input line 337.
Package textcomp Info: Setting pplj sub-encoding to TS1/3 on input line 338.
Package textcomp Info: Setting ptmx sub-encoding to TS1/4 on input line 339.
Package textcomp Info: Setting ptmj sub-encoding to TS1/4 on input line 340.
)
(/usr/local/texlive/2012/texmf-dist/tex/latex/tools/array.sty
Package: array 2008/09/09 v2.4c Tabular extension package (FMi)
\col@sep=\dimen113
\extrarowheight=\dimen114
\NC@list=\toks22
\extratabsurround=\skip46
\backup@length=\skip47
)
(/usr/local/texlive/2012/texmf-dist/tex/latex/supertabular/supertabular.sty
Package: supertabular 2004/02/20 v4.1e the supertabular environment
\c@tracingst=\count102
\ST@wd=\dimen115
\ST@rightskip=\skip48
\ST@leftskip=\skip49
\ST@parfillskip=\skip50
\ST@pageleft=\dimen116
\ST@headht=\dimen117
\ST@tailht=\dimen118
\ST@pagesofar=\dimen119
\ST@pboxht=\dimen120
\ST@lineht=\dimen121
\ST@stretchht=\dimen122
\ST@prevht=\dimen123
\ST@toadd=\dimen124
\ST@dimen=\dimen125
\ST@pbox=\box28
)
(/usr/local/texlive/2012/texmf-dist/tex/latex/tools/hhline.sty
Package: hhline 1994/05/23 v2.03 Table rule package (DPC)
)
(/usr/local/texlive/2012/texmf-dist/tex/latex/graphics/graphicx.sty
Package: graphicx 1999/02/16 v1.0f Enhanced LaTeX Graphics (DPC,SPQR)

(/usr/local/texlive/2012/texmf-dist/tex/latex/graphics/keyval.sty
Package: keyval 1999/03/16 v1.13 key=value parser (DPC)
\KV@toks@=\toks23
)
(/usr/local/texlive/2012/texmf-dist/tex/latex/graphics/graphics.sty
Package: graphics 2009/02/05 v1.0o Standard LaTeX Graphics (DPC,SPQR)

(/usr/local/texlive/2012/texmf-dist/tex/latex/graphics/trig.sty
Package: trig 1999/03/16 v1.09 sin cos tan (DPC)
)
(/usr/local/texlive/2012/texmf-dist/tex/latex/latexconfig/graphics.cfg
File: graphics.cfg 2010/04/23 v1.9 graphics configuration of TeX Live
)
Package graphics Info: Driver file: pdftex.def on input line 91.

(/usr/local/texlive/2012/texmf-dist/tex/latex/pdftex-def/pdftex.def
File: pdftex.def 2011/05/27 v0.06d Graphics/color for pdfTeX

(/usr/local/texlive/2012/texmf-dist/tex/generic/oberdiek/infwarerr.sty
Package: infwarerr 2010/04/08 v1.3 Providing info/warning/error messages (HO)
)
(/usr/local/texlive/2012/texmf-dist/tex/generic/oberdiek/ltxcmds.sty
Package: ltxcmds 2011/11/09 v1.22 LaTeX kernel commands for general use (HO)
)
\Gread@gobject=\count103
))
\Gin@req@height=\dimen126
\Gin@req@width=\dimen127
)
\c@Figura=\count104

(./Análisis2.1.aux
LaTeX Info: Redefining \. on input line 16.
LaTeX Info: Redefining \% on input line 16.
LaTeX Info: Redefining \. on input line 24.
LaTeX Info: Redefining \% on input line 24.
LaTeX Info: Redefining \. on input line 32.
LaTeX Info: Redefining \% on input line 32.
LaTeX Info: Redefining \. on input line 40.
LaTeX Info: Redefining \% on input line 40.
LaTeX Info: Redefining \. on input line 48.
LaTeX Info: Redefining \% on input line 48.
LaTeX Info: Redefining \. on input line 56.
LaTeX Info: Redefining \% on input line 56.
LaTeX Info: Redefining \. on input line 64.
LaTeX Info: Redefining \% on input line 64.
LaTeX Info: Redefining \. on input line 72.
LaTeX Info: Redefining \% on input line 72.
LaTeX Info: Redefining \. on input line 80.
LaTeX Info: Redefining \% on input line 80.
LaTeX Info: Redefining \. on input line 88.
LaTeX Info: Redefining \% on input line 88.
LaTeX Info: Redefining \. on input line 96.
LaTeX Info: Redefining \% on input line 96.
LaTeX Info: Redefining \. on input line 104.
LaTeX Info: Redefining \% on input line 104.
LaTeX Info: Redefining \. on input line 112.
LaTeX Info: Redefining \% on input line 112.
LaTeX Info: Redefining \. on input line 122.
LaTeX Info: Redefining \% on input line 122.
LaTeX Info: Redefining \. on input line 130.
LaTeX Info: Redefining \% on input line 130.
LaTeX Info: Redefining \. on input line 138.
LaTeX Info: Redefining \% on input line 138.
LaTeX Info: Redefining \. on input line 146.
LaTeX Info: Redefining \% on input line 146.
LaTeX Info: Redefining \. on input line 154.
LaTeX Info: Redefining \% on input line 154.
LaTeX Info: Redefining \. on input line 162.
LaTeX Info: Redefining \% on input line 162.
LaTeX Info: Redefining \. on input line 170.
LaTeX Info: Redefining \% on input line 170.
LaTeX Info: Redefining \. on input line 178.
LaTeX Info: Redefining \% on input line 178.
LaTeX Info: Redefining \. on input line 187.
LaTeX Info: Redefining \% on input line 187.
LaTeX Info: Redefining \. on input line 195.
LaTeX Info: Redefining \% on input line 195.
LaTeX Info: Redefining \. on input line 203.
LaTeX Info: Redefining \% on input line 203.
LaTeX Info: Redefining \. on input line 211.
LaTeX Info: Redefining \% on input line 211.
LaTeX Info: Redefining \. on input line 219.
LaTeX Info: Redefining \% on input line 219.
LaTeX Info: Redefining \. on input line 227.
LaTeX Info: Redefining \% on input line 227.
LaTeX Info: Redefining \. on input line 235.
LaTeX Info: Redefining \% on input line 235.
LaTeX Info: Redefining \. on input line 243.
LaTeX Info: Redefining \% on input line 243.
LaTeX Info: Redefining \. on input line 251.
LaTeX Info: Redefining \% on input line 251.
LaTeX Info: Redefining \. on input line 259.
LaTeX Info: Redefining \% on input line 259.
LaTeX Info: Redefining \. on input line 267.
LaTeX Info: Redefining \% on input line 267.
LaTeX Info: Redefining \. on input line 275.
LaTeX Info: Redefining \% on input line 275.
LaTeX Info: Redefining \. on input line 283.
LaTeX Info: Redefining \% on input line 283.
LaTeX Info: Redefining \. on input line 291.
LaTeX Info: Redefining \% on input line 291.
LaTeX Info: Redefining \. on input line 299.
LaTeX Info: Redefining \% on input line 299.
LaTeX Info: Redefining \. on input line 307.
LaTeX Info: Redefining \% on input line 307.
LaTeX Info: Redefining \. on input line 315.
LaTeX Info: Redefining \% on input line 315.
LaTeX Info: Redefining \. on input line 323.
LaTeX Info: Redefining \% on input line 323.
LaTeX Info: Redefining \. on input line 331.
LaTeX Info: Redefining \% on input line 331.
LaTeX Info: Redefining \. on input line 339.
LaTeX Info: Redefining \% on input line 339.
LaTeX Info: Redefining \. on input line 347.
LaTeX Info: Redefining \% on input line 347.
LaTeX Info: Redefining \. on input line 355.
LaTeX Info: Redefining \% on input line 355.
LaTeX Info: Redefining \. on input line 363.
LaTeX Info: Redefining \% on input line 363.
LaTeX Info: Redefining \. on input line 371.
LaTeX Info: Redefining \% on input line 371.
LaTeX Info: Redefining \. on input line 379.
LaTeX Info: Redefining \% on input line 379.
LaTeX Info: Redefining \. on input line 387.
LaTeX Info: Redefining \% on input line 387.
LaTeX Info: Redefining \. on input line 395.
LaTeX Info: Redefining \% on input line 395.
LaTeX Info: Redefining \. on input line 403.
LaTeX Info: Redefining \% on input line 403.
LaTeX Info: Redefining \. on input line 411.
LaTeX Info: Redefining \% on input line 411.
LaTeX Info: Redefining \. on input line 419.
LaTeX Info: Redefining \% on input line 419.
LaTeX Info: Redefining \. on input line 427.
LaTeX Info: Redefining \% on input line 427.
LaTeX Info: Redefining \. on input line 435.
LaTeX Info: Redefining \% on input line 435.
LaTeX Info: Redefining \. on input line 443.
LaTeX Info: Redefining \% on input line 443.
LaTeX Info: Redefining \. on input line 451.
LaTeX Info: Redefining \% on input line 451.
LaTeX Info: Redefining \. on input line 459.
LaTeX Info: Redefining \% on input line 459.
LaTeX Info: Redefining \. on input line 467.
LaTeX Info: Redefining \% on input line 467.
LaTeX Info: Redefining \. on input line 475.
LaTeX Info: Redefining \% on input line 475.
LaTeX Info: Redefining \. on input line 483.
LaTeX Info: Redefining \% on input line 483.
LaTeX Info: Redefining \. on input line 491.
LaTeX Info: Redefining \% on input line 491.
LaTeX Info: Redefining \. on input line 499.
LaTeX Info: Redefining \% on input line 499.
LaTeX Info: Redefining \. on input line 507.
LaTeX Info: Redefining \% on input line 507.
LaTeX Info: Redefining \. on input line 515.
LaTeX Info: Redefining \% on input line 515.
LaTeX Info: Redefining \. on input line 523.
LaTeX Info: Redefining \% on input line 523.
LaTeX Info: Redefining \. on input line 531.
LaTeX Info: Redefining \% on input line 531.
LaTeX Info: Redefining \. on input line 539.
LaTeX Info: Redefining \% on input line 539.
LaTeX Info: Redefining \. on input line 547.
LaTeX Info: Redefining \% on input line 547.
LaTeX Info: Redefining \. on input line 555.
LaTeX Info: Redefining \% on input line 555.
LaTeX Info: Redefining \. on input line 563.
LaTeX Info: Redefining \% on input line 563.
LaTeX Info: Redefining \. on input line 571.
LaTeX Info: Redefining \% on input line 571.
LaTeX Info: Redefining \. on input line 579.
LaTeX Info: Redefining \% on input line 579.
LaTeX Info: Redefining \. on input line 589.
LaTeX Info: Redefining \% on input line 589.
LaTeX Info: Redefining \. on input line 606.
LaTeX Info: Redefining \% on input line 606.
LaTeX Info: Redefining \. on input line 647.
LaTeX Info: Redefining \% on input line 647.
LaTeX Info: Redefining \. on input line 655.
LaTeX Info: Redefining \% on input line 655.
LaTeX Info: Redefining \. on input line 663.
LaTeX Info: Redefining \% on input line 663.
LaTeX Info: Redefining \. on input line 671.
LaTeX Info: Redefining \% on input line 671.
LaTeX Info: Redefining \. on input line 679.
LaTeX Info: Redefining \% on input line 679.
LaTeX Info: Redefining \. on input line 687.
LaTeX Info: Redefining \% on input line 687.
LaTeX Info: Redefining \. on input line 695.
LaTeX Info: Redefining \% on input line 695.
LaTeX Info: Redefining \. on input line 703.
LaTeX Info: Redefining \% on input line 703.
LaTeX Info: Redefining \. on input line 711.
LaTeX Info: Redefining \% on input line 711.
LaTeX Info: Redefining \. on input line 719.
LaTeX Info: Redefining \% on input line 719.
LaTeX Info: Redefining \. on input line 727.
LaTeX Info: Redefining \% on input line 727.
LaTeX Info: Redefining \. on input line 735.
LaTeX Info: Redefining \% on input line 735.
LaTeX Info: Redefining \. on input line 743.
LaTeX Info: Redefining \% on input line 743.
LaTeX Info: Redefining \. on input line 751.
LaTeX Info: Redefining \% on input line 751.
LaTeX Info: Redefining \. on input line 759.
LaTeX Info: Redefining \% on input line 759.
LaTeX Info: Redefining \. on input line 767.
LaTeX Info: Redefining \% on input line 767.
LaTeX Info: Redefining \. on input line 775.
LaTeX Info: Redefining \% on input line 775.
LaTeX Info: Redefining \. on input line 783.
LaTeX Info: Redefining \% on input line 783.
LaTeX Info: Redefining \. on input line 791.
LaTeX Info: Redefining \% on input line 791.
LaTeX Info: Redefining \. on input line 799.
LaTeX Info: Redefining \% on input line 799.
LaTeX Info: Redefining \. on input line 807.
LaTeX Info: Redefining \% on input line 807.
LaTeX Info: Redefining \. on input line 815.
LaTeX Info: Redefining \% on input line 815.
LaTeX Info: Redefining \. on input line 823.
LaTeX Info: Redefining \% on input line 823.
LaTeX Info: Redefining \. on input line 831.
LaTeX Info: Redefining \% on input line 831.
LaTeX Info: Redefining \. on input line 839.
LaTeX Info: Redefining \% on input line 839.
LaTeX Info: Redefining \. on input line 847.
LaTeX Info: Redefining \% on input line 847.
LaTeX Info: Redefining \. on input line 855.
LaTeX Info: Redefining \% on input line 855.
LaTeX Info: Redefining \. on input line 863.
LaTeX Info: Redefining \% on input line 863.
LaTeX Info: Redefining \. on input line 871.
LaTeX Info: Redefining \% on input line 871.
LaTeX Info: Redefining \. on input line 879.
LaTeX Info: Redefining \% on input line 879.
LaTeX Info: Redefining \. on input line 887.
LaTeX Info: Redefining \% on input line 887.
LaTeX Info: Redefining \. on input line 895.
LaTeX Info: Redefining \% on input line 895.
LaTeX Info: Redefining \. on input line 903.
LaTeX Info: Redefining \% on input line 903.
LaTeX Info: Redefining \. on input line 911.
LaTeX Info: Redefining \% on input line 911.
LaTeX Info: Redefining \. on input line 919.
LaTeX Info: Redefining \% on input line 919.
LaTeX Info: Redefining \. on input line 927.
LaTeX Info: Redefining \% on input line 927.
LaTeX Info: Redefining \. on input line 935.
LaTeX Info: Redefining \% on input line 935.
LaTeX Info: Redefining \. on input line 943.
LaTeX Info: Redefining \% on input line 943.
LaTeX Info: Redefining \. on input line 951.
LaTeX Info: Redefining \% on input line 951.
LaTeX Info: Redefining \. on input line 959.
LaTeX Info: Redefining \% on input line 959.
LaTeX Info: Redefining \. on input line 967.
LaTeX Info: Redefining \% on input line 967.
LaTeX Info: Redefining \. on input line 975.
LaTeX Info: Redefining \% on input line 975.
LaTeX Info: Redefining \. on input line 983.
LaTeX Info: Redefining \% on input line 983.
LaTeX Info: Redefining \. on input line 991.
LaTeX Info: Redefining \% on input line 991.
LaTeX Info: Redefining \. on input line 999.
LaTeX Info: Redefining \% on input line 999.
LaTeX Info: Redefining \. on input line 1007.
LaTeX Info: Redefining \% on input line 1007.
LaTeX Info: Redefining \. on input line 1015.
LaTeX Info: Redefining \% on input line 1015.
LaTeX Info: Redefining \. on input line 1023.
LaTeX Info: Redefining \% on input line 1023.
LaTeX Info: Redefining \. on input line 1031.
LaTeX Info: Redefining \% on input line 1031.
LaTeX Info: Redefining \. on input line 1039.
LaTeX Info: Redefining \% on input line 1039.
LaTeX Info: Redefining \. on input line 1047.
LaTeX Info: Redefining \% on input line 1047.
LaTeX Info: Redefining \. on input line 1055.
LaTeX Info: Redefining \% on input line 1055.
LaTeX Info: Redefining \. on input line 1063.
LaTeX Info: Redefining \% on input line 1063.
LaTeX Info: Redefining \. on input line 1071.
LaTeX Info: Redefining \% on input line 1071.
LaTeX Info: Redefining \. on input line 1079.
LaTeX Info: Redefining \% on input line 1079.
LaTeX Info: Redefining \. on input line 1087.
LaTeX Info: Redefining \% on input line 1087.
LaTeX Info: Redefining \. on input line 1095.
LaTeX Info: Redefining \% on input line 1095.
LaTeX Info: Redefining \. on input line 1103.
LaTeX Info: Redefining \% on input line 1103.
)
\openout1 = `Análisis2.1.aux'.

LaTeX Font Info:    Checking defaults for OML/cmm/m/it on input line 21.
LaTeX Font Info:    ... okay on input line 21.
LaTeX Font Info:    Checking defaults for T1/cmr/m/n on input line 21.
LaTeX Font Info:    ... okay on input line 21.
LaTeX Font Info:    Checking defaults for OT1/cmr/m/n on input line 21.
LaTeX Font Info:    ... okay on input line 21.
LaTeX Font Info:    Checking defaults for OMS/cmsy/m/n on input line 21.
LaTeX Font Info:    ... okay on input line 21.
LaTeX Font Info:    Checking defaults for OMX/cmex/m/n on input line 21.
LaTeX Font Info:    ... okay on input line 21.
LaTeX Font Info:    Checking defaults for U/cmr/m/n on input line 21.
LaTeX Font Info:    ... okay on input line 21.
LaTeX Font Info:    Checking defaults for TS1/cmr/m/n on input line 21.
LaTeX Font Info:    Try loading font information for TS1+cmr on input line 21.

(/usr/local/texlive/2012/texmf-dist/tex/latex/base/ts1cmr.fd
File: ts1cmr.fd 1999/05/25 v2.5h Standard LaTeX font definitions
)
LaTeX Font Info:    ... okay on input line 21.

(/usr/local/texlive/2012/texmf-dist/tex/context/base/supp-pdf.mkii
[Loading MPS to PDF converter (version 2006.09.02).]
\scratchcounter=\count105
\scratchdimen=\dimen128
\scratchbox=\box29
\nofMPsegments=\count106
\nofMParguments=\count107
\everyMPshowfont=\toks24
\MPscratchCnt=\count108
\MPscratchDim=\dimen129
\MPnumerator=\count109
\makeMPintoPDFobject=\count110
\everyMPtoPDFconversion=\toks25
) (/usr/local/texlive/2012/texmf-dist/tex/generic/oberdiek/pdftexcmds.sty
Package: pdftexcmds 2011/11/29 v0.20 Utility functions of pdfTeX for LuaTeX (HO
)

(/usr/local/texlive/2012/texmf-dist/tex/generic/oberdiek/ifluatex.sty
Package: ifluatex 2010/03/01 v1.3 Provides the ifluatex switch (HO)
Package ifluatex Info: LuaTeX not detected.
)
(/usr/local/texlive/2012/texmf-dist/tex/generic/oberdiek/ifpdf.sty
Package: ifpdf 2011/01/30 v2.3 Provides the ifpdf switch (HO)
Package ifpdf Info: pdfTeX in PDF mode is detected.
)
Package pdftexcmds Info: LuaTeX not detected.
Package pdftexcmds Info: \pdf@primitive is available.
Package pdftexcmds Info: \pdf@ifprimitive is available.
Package pdftexcmds Info: \pdfdraftmode found.
)
(/usr/local/texlive/2012/texmf-dist/tex/latex/oberdiek/epstopdf-base.sty
Package: epstopdf-base 2010/02/09 v2.5 Base part for package epstopdf

(/usr/local/texlive/2012/texmf-dist/tex/latex/oberdiek/grfext.sty
Package: grfext 2010/08/19 v1.1 Manage graphics extensions (HO)

(/usr/local/texlive/2012/texmf-dist/tex/generic/oberdiek/kvdefinekeys.sty
Package: kvdefinekeys 2011/04/07 v1.3 Define keys (HO)
))
(/usr/local/texlive/2012/texmf-dist/tex/latex/oberdiek/kvoptions.sty
Package: kvoptions 2011/06/30 v3.11 Key value format for package options (HO)

(/usr/local/texlive/2012/texmf-dist/tex/generic/oberdiek/kvsetkeys.sty
Package: kvsetkeys 2012/04/25 v1.16 Key value parser (HO)

(/usr/local/texlive/2012/texmf-dist/tex/generic/oberdiek/etexcmds.sty
Package: etexcmds 2011/02/16 v1.5 Avoid name clashes with e-TeX commands (HO)
Package etexcmds Info: Could not find \expanded.
(etexcmds)             That can mean that you are not using pdfTeX 1.50 or
(etexcmds)             that some package has redefined \expanded.
(etexcmds)             In the latter case, load this package earlier.
)))
Package grfext Info: Graphics extension search list:
(grfext)             [.png,.pdf,.jpg,.mps,.jpeg,.jbig2,.jb2,.PNG,.PDF,.JPG,.JPE
G,.JBIG2,.JB2,.eps]
(grfext)             \AppendGraphicsExtensions on input line 452.

(/usr/local/texlive/2012/texmf-dist/tex/latex/latexconfig/epstopdf-sys.cfg
File: epstopdf-sys.cfg 2010/07/13 v1.3 Configuration of (r)epstopdf for TeX Liv
e
))
LaTeX Font Info:    Try loading font information for U+msa on input line 47.

(/usr/local/texlive/2012/texmf-dist/tex/latex/amsfonts/umsa.fd
File: umsa.fd 2009/06/22 v3.00 AMS symbols A
)
LaTeX Font Info:    Try loading font information for U+msb on input line 47.

(/usr/local/texlive/2012/texmf-dist/tex/latex/amsfonts/umsb.fd
File: umsb.fd 2009/06/22 v3.00 AMS symbols B
)
Underfull \hbox (badness 10000) in paragraph at lines 39--57

 []

[1

{/usr/local/texlive/2012/texmf-var/fonts/map/pdftex/updmap/pdftex.map}]
./Análisis2.1.tex:62: Too many }'s.
l.62 ...ación de seguridad entre organizaciones.}
                                                  
You've closed more groups than you opened.
Such booboos are generally harmless, so keep going.

[1

] [2] [3] [4]
LaTeX Info: Redefining \. on input line 270.
LaTeX Info: Redefining \% on input line 270.

./Análisis2.1.tex:270: Undefined control sequence.
l.270 ...h{\selectlanguage{spanish}\bfseries\color
                                                  {black} Requerimientos fun...
The control sequence at the end of the top line
of your error message was never \def'ed. If you have
misspelled it (e.g., `\hobx'), type `I' and the correct
spelling (e.g., `I\hbox'). Otherwise just continue,
and I'll forget about whatever was undefined.

./Análisis2.1.tex:271: Undefined control sequence.
<recently read> \liststyleWWNumii 
                                  
l.271 \liststyleWWNumii
                       
The control sequence at the end of the top line
of your error message was never \def'ed. If you have
misspelled it (e.g., `\hobx'), type `I' and the correct
spelling (e.g., `I\hbox'). Otherwise just continue,
and I'll forget about whatever was undefined.

LaTeX Info: Redefining \. on input line 273.
LaTeX Info: Redefining \% on input line 273.
LaTeX Info: Redefining \. on input line 274.
LaTeX Info: Redefining \% on input line 274.
LaTeX Info: Redefining \. on input line 275.
LaTeX Info: Redefining \% on input line 275.
LaTeX Info: Redefining \. on input line 277.
LaTeX Info: Redefining \% on input line 277.
LaTeX Info: Redefining \. on input line 278.
LaTeX Info: Redefining \% on input line 278.
LaTeX Info: Redefining \. on input line 280.
LaTeX Info: Redefining \% on input line 280.
LaTeX Info: Redefining \. on input line 281.
LaTeX Info: Redefining \% on input line 281.
LaTeX Info: Redefining \. on input line 283.
LaTeX Info: Redefining \% on input line 283.

Overfull \hbox (68.19746pt too wide) in paragraph at lines 268--288
[]  
 []

[5]
LaTeX Info: Redefining \. on input line 304.
LaTeX Info: Redefining \% on input line 304.

./Análisis2.1.tex:304: Undefined control sequence.
l.304 ...h{\selectlanguage{spanish}\bfseries\color
                                                  {black} Requerimientos no ...
The control sequence at the end of the top line
of your error message was never \def'ed. If you have
misspelled it (e.g., `\hobx'), type `I' and the correct
spelling (e.g., `I\hbox'). Otherwise just continue,
and I'll forget about whatever was undefined.

./Análisis2.1.tex:305: Undefined control sequence.
<recently read> \liststyleWWNumiii 
                                   
l.305 \liststyleWWNumiii
                        
The control sequence at the end of the top line
of your error message was never \def'ed. If you have
misspelled it (e.g., `\hobx'), type `I' and the correct
spelling (e.g., `I\hbox'). Otherwise just continue,
and I'll forget about whatever was undefined.

LaTeX Info: Redefining \. on input line 307.
LaTeX Info: Redefining \% on input line 307.
LaTeX Info: Redefining \. on input line 309.
LaTeX Info: Redefining \% on input line 309.
LaTeX Info: Redefining \. on input line 311.
LaTeX Info: Redefining \% on input line 311.

Overfull \hbox (68.19746pt too wide) in paragraph at lines 302--313
[]  
 []

[6]
LaTeX Info: Redefining \. on input line 339.
LaTeX Info: Redefining \% on input line 339.

./Análisis2.1.tex:339: Undefined control sequence.
l.339 {\selectlanguage{spanish}\color
                                     {black} Actor} &
The control sequence at the end of the top line
of your error message was never \def'ed. If you have
misspelled it (e.g., `\hobx'), type `I' and the correct
spelling (e.g., `I\hbox'). Otherwise just continue,
and I'll forget about whatever was undefined.

LaTeX Info: Redefining \. on input line 340.
LaTeX Info: Redefining \% on input line 340.
./Análisis2.1.tex:340: Undefined control sequence.
l.340 {\selectlanguage{spanish}\color
                                     {black} Analista}\\\hline
The control sequence at the end of the top line
of your error message was never \def'ed. If you have
misspelled it (e.g., `\hobx'), type `I' and the correct
spelling (e.g., `I\hbox'). Otherwise just continue,
and I'll forget about whatever was undefined.

LaTeX Info: Redefining \. on input line 341.
LaTeX Info: Redefining \% on input line 341.
./Análisis2.1.tex:341: Undefined control sequence.
\@sharp ->{\selectlanguage {spanish}\color 
                                           {black} Descripción}
l.341 ...uage{spanish}\color{black} Descripción}}
                                                   &
The control sequence at the end of the top line
of your error message was never \def'ed. If you have
misspelled it (e.g., `\hobx'), type `I' and the correct
spelling (e.g., `I\hbox'). Otherwise just continue,
and I'll forget about whatever was undefined.


Underfull \hbox (badness 10000) in paragraph at lines 341--341
[]\T1/cmr/m/n/10.95 black Des-
 []

LaTeX Info: Redefining \. on input line 344.
LaTeX Info: Redefining \% on input line 344.
./Análisis2.1.tex:344: Undefined control sequence.
\@sharp ->{\selectlanguage {spanish}\color 
                                           {black} Este actor tiene la posib...
l.344 ...manejo de los casos creados en el RTIR.}}
                                                  \\
The control sequence at the end of the top line
of your error message was never \def'ed. If you have
misspelled it (e.g., `\hobx'), type `I' and the correct
spelling (e.g., `I\hbox'). Otherwise just continue,
and I'll forget about whatever was undefined.


Overfull \hbox (68.14705pt too wide) in paragraph at lines 338--346
[]  
 []

LaTeX Info: Redefining \. on input line 359.
LaTeX Info: Redefining \% on input line 359.
./Análisis2.1.tex:359: Undefined control sequence.
l.359 {\selectlanguage{spanish}\color
                                     {black} Actor} &
The control sequence at the end of the top line
of your error message was never \def'ed. If you have
misspelled it (e.g., `\hobx'), type `I' and the correct
spelling (e.g., `I\hbox'). Otherwise just continue,
and I'll forget about whatever was undefined.

LaTeX Info: Redefining \. on input line 360.
LaTeX Info: Redefining \% on input line 360.
./Análisis2.1.tex:360: Undefined control sequence.
l.360 {\selectlanguage{spanish}\color
                                     {black} Cliente TAXII}\\\hline
The control sequence at the end of the top line
of your error message was never \def'ed. If you have
misspelled it (e.g., `\hobx'), type `I' and the correct
spelling (e.g., `I\hbox'). Otherwise just continue,
and I'll forget about whatever was undefined.

LaTeX Info: Redefining \. on input line 361.
LaTeX Info: Redefining \% on input line 361.
./Análisis2.1.tex:361: Undefined control sequence.
\@sharp ->{\selectlanguage {spanish}\color 
                                           {black} Descripción}
l.361 ...uage{spanish}\color{black} Descripción}}
                                                   &
The control sequence at the end of the top line
of your error message was never \def'ed. If you have
misspelled it (e.g., `\hobx'), type `I' and the correct
spelling (e.g., `I\hbox'). Otherwise just continue,
and I'll forget about whatever was undefined.


Underfull \hbox (badness 10000) in paragraph at lines 361--361
[]\T1/cmr/m/n/10.95 black Des-
 []

LaTeX Info: Redefining \. on input line 364.
LaTeX Info: Redefining \% on input line 364.
./Análisis2.1.tex:364: Undefined control sequence.
\@sharp ->{\selectlanguage {spanish}\color 
                                           {black} Este actor es el que inte...
l.364 el intercambio sea exitoso.}}
                                   \\
The control sequence at the end of the top line
of your error message was never \def'ed. If you have
misspelled it (e.g., `\hobx'), type `I' and the correct
spelling (e.g., `I\hbox'). Otherwise just continue,
and I'll forget about whatever was undefined.


Overfull \hbox (68.14595pt too wide) in paragraph at lines 358--366
[]  
 []

LaTeX Info: Redefining \. on input line 377.
LaTeX Info: Redefining \% on input line 377.
./Análisis2.1.tex:377: Undefined control sequence.
\@sharp ->{\selectlanguage {spanish}\color 
                                           {black} Nombre}
l.377 ...ctlanguage{spanish}\color{black} Nombre}}
                                                   &
The control sequence at the end of the top line
of your error message was never \def'ed. If you have
misspelled it (e.g., `\hobx'), type `I' and the correct
spelling (e.g., `I\hbox'). Otherwise just continue,
and I'll forget about whatever was undefined.

LaTeX Info: Redefining \. on input line 378.
LaTeX Info: Redefining \% on input line 378.
./Análisis2.1.tex:378: Undefined control sequence.
\@sharp ->{\selectlanguage {spanish}\color 
                                           {black} ABM de políticas}
l.378 ...spanish}\color{black} ABM de políticas}}
                                                  \\\hline
The control sequence at the end of the top line
of your error message was never \def'ed. If you have
misspelled it (e.g., `\hobx'), type `I' and the correct
spelling (e.g., `I\hbox'). Otherwise just continue,
and I'll forget about whatever was undefined.

LaTeX Info: Redefining \. on input line 379.
LaTeX Info: Redefining \% on input line 379.
./Análisis2.1.tex:379: Undefined control sequence.
l.379 {\selectlanguage{spanish}\color
                                     {black} Actor} &
The control sequence at the end of the top line
of your error message was never \def'ed. If you have
misspelled it (e.g., `\hobx'), type `I' and the correct
spelling (e.g., `I\hbox'). Otherwise just continue,
and I'll forget about whatever was undefined.

LaTeX Info: Redefining \. on input line 380.
LaTeX Info: Redefining \% on input line 380.
./Análisis2.1.tex:380: Undefined control sequence.
l.380 {\selectlanguage{spanish}\color
                                     {black} Analista}\\
The control sequence at the end of the top line
of your error message was never \def'ed. If you have
misspelled it (e.g., `\hobx'), type `I' and the correct
spelling (e.g., `I\hbox'). Otherwise just continue,
and I'll forget about whatever was undefined.

LaTeX Info: Redefining \. on input line 381.
LaTeX Info: Redefining \% on input line 381.
./Análisis2.1.tex:381: Undefined control sequence.
l.381 {\selectlanguage{spanish}\color
                                     {black} Descripción} &
The control sequence at the end of the top line
of your error message was never \def'ed. If you have
misspelled it (e.g., `\hobx'), type `I' and the correct
spelling (e.g., `I\hbox'). Otherwise just continue,
and I'll forget about whatever was undefined.


Underfull \hbox (badness 10000) in paragraph at lines 381--381
[]\T1/cmr/m/n/10.95 black Des-crip-
 []

LaTeX Info: Redefining \. on input line 382.
LaTeX Info: Redefining \% on input line 382.
./Análisis2.1.tex:382: Undefined control sequence.
l.382 {\selectlanguage{spanish}\color
                                     {black} Este caso de uso comienza cuand...
The control sequence at the end of the top line
of your error message was never \def'ed. If you have
misspelled it (e.g., `\hobx'), type `I' and the correct
spelling (e.g., `I\hbox'). Otherwise just continue,
and I'll forget about whatever was undefined.


Overfull \hbox (76.97789pt too wide) in paragraph at lines 376--386
[]  
 []

[7]
LaTeX Info: Redefining \. on input line 396.
LaTeX Info: Redefining \% on input line 396.

./Análisis2.1.tex:396: Undefined control sequence.
\@sharp ->{\selectlanguage {spanish}\color 
                                           {black} Nombre}
l.396 ...ctlanguage{spanish}\color{black} Nombre}}
                                                   &
The control sequence at the end of the top line
of your error message was never \def'ed. If you have
misspelled it (e.g., `\hobx'), type `I' and the correct
spelling (e.g., `I\hbox'). Otherwise just continue,
and I'll forget about whatever was undefined.

LaTeX Info: Redefining \. on input line 397.
LaTeX Info: Redefining \% on input line 397.
./Análisis2.1.tex:397: Undefined control sequence.
\@sharp ->{\selectlanguage {spanish}\color 
                                           {black} ABM de servicios TAXII}
l.397 ...sh}\color{black} ABM de servicios TAXII}}
                                                  \\\hline
The control sequence at the end of the top line
of your error message was never \def'ed. If you have
misspelled it (e.g., `\hobx'), type `I' and the correct
spelling (e.g., `I\hbox'). Otherwise just continue,
and I'll forget about whatever was undefined.

LaTeX Info: Redefining \. on input line 398.
LaTeX Info: Redefining \% on input line 398.
./Análisis2.1.tex:398: Undefined control sequence.
l.398 {\selectlanguage{spanish}\color
                                     {black} Actor} &
The control sequence at the end of the top line
of your error message was never \def'ed. If you have
misspelled it (e.g., `\hobx'), type `I' and the correct
spelling (e.g., `I\hbox'). Otherwise just continue,
and I'll forget about whatever was undefined.

LaTeX Info: Redefining \. on input line 399.
LaTeX Info: Redefining \% on input line 399.
./Análisis2.1.tex:399: Undefined control sequence.
l.399 {\selectlanguage{spanish}\color
                                     {black} Analista}\\
The control sequence at the end of the top line
of your error message was never \def'ed. If you have
misspelled it (e.g., `\hobx'), type `I' and the correct
spelling (e.g., `I\hbox'). Otherwise just continue,
and I'll forget about whatever was undefined.

LaTeX Info: Redefining \. on input line 400.
LaTeX Info: Redefining \% on input line 400.
./Análisis2.1.tex:400: Undefined control sequence.
l.400 {\selectlanguage{spanish}\color
                                     {black} Descripción} &
The control sequence at the end of the top line
of your error message was never \def'ed. If you have
misspelled it (e.g., `\hobx'), type `I' and the correct
spelling (e.g., `I\hbox'). Otherwise just continue,
and I'll forget about whatever was undefined.


Underfull \hbox (badness 10000) in paragraph at lines 400--400
[]\T1/cmr/m/n/10.95 black Des-crip-
 []

LaTeX Info: Redefining \. on input line 401.
LaTeX Info: Redefining \% on input line 401.
./Análisis2.1.tex:401: Undefined control sequence.
l.401 {\selectlanguage{spanish}\color
                                     {black} Este caso de uso comienza cuand...
The control sequence at the end of the top line
of your error message was never \def'ed. If you have
misspelled it (e.g., `\hobx'), type `I' and the correct
spelling (e.g., `I\hbox'). Otherwise just continue,
and I'll forget about whatever was undefined.


Overfull \hbox (76.97789pt too wide) in paragraph at lines 395--405
[]  
 []

LaTeX Info: Redefining \. on input line 418.
LaTeX Info: Redefining \% on input line 418.
./Análisis2.1.tex:418: Undefined control sequence.
\@sharp ->{\selectlanguage {spanish}\color 
                                           {black} Nombre}
l.418 ...ctlanguage{spanish}\color{black} Nombre}}
                                                   &
The control sequence at the end of the top line
of your error message was never \def'ed. If you have
misspelled it (e.g., `\hobx'), type `I' and the correct
spelling (e.g., `I\hbox'). Otherwise just continue,
and I'll forget about whatever was undefined.


Underfull \hbox (badness 10000) in paragraph at lines 418--418
[]\T1/cmr/m/n/10.95 black Nom-
 []

LaTeX Info: Redefining \. on input line 419.
LaTeX Info: Redefining \% on input line 419.
./Análisis2.1.tex:419: Undefined control sequence.
\@sharp ->{\selectlanguage {spanish}\color 
                                           {black} Alta de información RTIR}
l.419 ...\color{black} Alta de información RTIR}}
                                                  \\\hline
The control sequence at the end of the top line
of your error message was never \def'ed. If you have
misspelled it (e.g., `\hobx'), type `I' and the correct
spelling (e.g., `I\hbox'). Otherwise just continue,
and I'll forget about whatever was undefined.

LaTeX Info: Redefining \. on input line 420.
LaTeX Info: Redefining \% on input line 420.
./Análisis2.1.tex:420: Undefined control sequence.
l.420 {\selectlanguage{spanish}\color
                                     {black} Actor} &
The control sequence at the end of the top line
of your error message was never \def'ed. If you have
misspelled it (e.g., `\hobx'), type `I' and the correct
spelling (e.g., `I\hbox'). Otherwise just continue,
and I'll forget about whatever was undefined.

LaTeX Info: Redefining \. on input line 421.
LaTeX Info: Redefining \% on input line 421.
./Análisis2.1.tex:421: Undefined control sequence.
l.421 {\selectlanguage{spanish}\color
                                     {black} Analista}\\
The control sequence at the end of the top line
of your error message was never \def'ed. If you have
misspelled it (e.g., `\hobx'), type `I' and the correct
spelling (e.g., `I\hbox'). Otherwise just continue,
and I'll forget about whatever was undefined.

LaTeX Info: Redefining \. on input line 422.
LaTeX Info: Redefining \% on input line 422.
./Análisis2.1.tex:422: Undefined control sequence.
l.422 {\selectlanguage{spanish}\color
                                     {black} Descripción} &
The control sequence at the end of the top line
of your error message was never \def'ed. If you have
misspelled it (e.g., `\hobx'), type `I' and the correct
spelling (e.g., `I\hbox'). Otherwise just continue,
and I'll forget about whatever was undefined.


Underfull \hbox (badness 10000) in paragraph at lines 422--422
[]\T1/cmr/m/n/10.95 black Des-
 []

LaTeX Info: Redefining \. on input line 423.
LaTeX Info: Redefining \% on input line 423.
./Análisis2.1.tex:423: Undefined control sequence.
l.423 {\selectlanguage{spanish}\color
                                     {black} Este caso de uso comienza cuand...
The control sequence at the end of the top line
of your error message was never \def'ed. If you have
misspelled it (e.g., `\hobx'), type `I' and the correct
spelling (e.g., `I\hbox'). Otherwise just continue,
and I'll forget about whatever was undefined.


Overfull \hbox (68.14595pt too wide) in paragraph at lines 417--428
[]  
 []

LaTeX Info: Redefining \. on input line 438.
LaTeX Info: Redefining \% on input line 438.
./Análisis2.1.tex:438: Undefined control sequence.
\@sharp ->{\selectlanguage {spanish}\color 
                                           {black} Nombre}
l.438 ...ctlanguage{spanish}\color{black} Nombre}}
                                                   &
The control sequence at the end of the top line
of your error message was never \def'ed. If you have
misspelled it (e.g., `\hobx'), type `I' and the correct
spelling (e.g., `I\hbox'). Otherwise just continue,
and I'll forget about whatever was undefined.


Underfull \hbox (badness 10000) in paragraph at lines 438--438
[]\T1/cmr/m/n/10.95 black Nom-
 []

LaTeX Info: Redefining \. on input line 440.
LaTeX Info: Redefining \% on input line 440.
./Análisis2.1.tex:440: Undefined control sequence.
\@sharp ->{\selectlanguage {spanish}\color 
                                           {black} \foreignlanguage {english...
l.440 Feed}}}
             \\\hline
The control sequence at the end of the top line
of your error message was never \def'ed. If you have
misspelled it (e.g., `\hobx'), type `I' and the correct
spelling (e.g., `I\hbox'). Otherwise just continue,
and I'll forget about whatever was undefined.

LaTeX Info: Redefining \. on input line 441.
LaTeX Info: Redefining \% on input line 441.
./Análisis2.1.tex:441: Undefined control sequence.
l.441 {\selectlanguage{spanish}\color
                                     {black} Actor} &
The control sequence at the end of the top line
of your error message was never \def'ed. If you have
misspelled it (e.g., `\hobx'), type `I' and the correct
spelling (e.g., `I\hbox'). Otherwise just continue,
and I'll forget about whatever was undefined.

LaTeX Info: Redefining \. on input line 442.
LaTeX Info: Redefining \% on input line 442.
./Análisis2.1.tex:442: Undefined control sequence.
l.442 {\selectlanguage{spanish}\color
                                     {black} Analista}\\
The control sequence at the end of the top line
of your error message was never \def'ed. If you have
misspelled it (e.g., `\hobx'), type `I' and the correct
spelling (e.g., `I\hbox'). Otherwise just continue,
and I'll forget about whatever was undefined.

LaTeX Info: Redefining \. on input line 443.
LaTeX Info: Redefining \% on input line 443.
./Análisis2.1.tex:443: Undefined control sequence.
l.443 {\selectlanguage{spanish}\color
                                     {black} Descripción} &
The control sequence at the end of the top line
of your error message was never \def'ed. If you have
misspelled it (e.g., `\hobx'), type `I' and the correct
spelling (e.g., `I\hbox'). Otherwise just continue,
and I'll forget about whatever was undefined.


Underfull \hbox (badness 10000) in paragraph at lines 443--443
[]\T1/cmr/m/n/10.95 black Des-
 []

LaTeX Info: Redefining \. on input line 444.
LaTeX Info: Redefining \% on input line 444.
./Análisis2.1.tex:444: Undefined control sequence.
l.444 {\selectlanguage{spanish}\color
                                     {black} Con este caso de uso un analist...
The control sequence at the end of the top line
of your error message was never \def'ed. If you have
misspelled it (e.g., `\hobx'), type `I' and the correct
spelling (e.g., `I\hbox'). Otherwise just continue,
and I'll forget about whatever was undefined.


Overfull \hbox (68.14595pt too wide) in paragraph at lines 437--447
[]  
 []

LaTeX Info: Redefining \. on input line 457.
LaTeX Info: Redefining \% on input line 457.
./Análisis2.1.tex:457: Undefined control sequence.
\@sharp ->{\selectlanguage {spanish}\color 
                                           {black} Nombre}
l.457 ...ctlanguage{spanish}\color{black} Nombre}}
                                                   &
The control sequence at the end of the top line
of your error message was never \def'ed. If you have
misspelled it (e.g., `\hobx'), type `I' and the correct
spelling (e.g., `I\hbox'). Otherwise just continue,
and I'll forget about whatever was undefined.


Underfull \hbox (badness 10000) in paragraph at lines 457--457
[]\T1/cmr/m/n/10.95 black Nom-
 []

LaTeX Info: Redefining \. on input line 458.
LaTeX Info: Redefining \% on input line 458.
./Análisis2.1.tex:458: Undefined control sequence.
\@sharp ->{\selectlanguage {spanish}\color 
                                           {black} Recepción de información}
l.458 ...color{black} Recepción de información}}
                                                  \\\hline
The control sequence at the end of the top line
of your error message was never \def'ed. If you have
misspelled it (e.g., `\hobx'), type `I' and the correct
spelling (e.g., `I\hbox'). Otherwise just continue,
and I'll forget about whatever was undefined.

LaTeX Info: Redefining \. on input line 459.
LaTeX Info: Redefining \% on input line 459.
./Análisis2.1.tex:459: Undefined control sequence.
l.459 {\selectlanguage{spanish}\color
                                     {black} Actor} &
The control sequence at the end of the top line
of your error message was never \def'ed. If you have
misspelled it (e.g., `\hobx'), type `I' and the correct
spelling (e.g., `I\hbox'). Otherwise just continue,
and I'll forget about whatever was undefined.

LaTeX Info: Redefining \. on input line 460.
LaTeX Info: Redefining \% on input line 460.
./Análisis2.1.tex:460: Undefined control sequence.
l.460 {\selectlanguage{spanish}\color
                                     {black} Cliente TAXII}\\
The control sequence at the end of the top line
of your error message was never \def'ed. If you have
misspelled it (e.g., `\hobx'), type `I' and the correct
spelling (e.g., `I\hbox'). Otherwise just continue,
and I'll forget about whatever was undefined.

LaTeX Info: Redefining \. on input line 461.
LaTeX Info: Redefining \% on input line 461.
./Análisis2.1.tex:461: Undefined control sequence.
l.461 {\selectlanguage{spanish}\color
                                     {black} Descripción} &
The control sequence at the end of the top line
of your error message was never \def'ed. If you have
misspelled it (e.g., `\hobx'), type `I' and the correct
spelling (e.g., `I\hbox'). Otherwise just continue,
and I'll forget about whatever was undefined.


Underfull \hbox (badness 10000) in paragraph at lines 461--461
[]\T1/cmr/m/n/10.95 black Des-
 []

LaTeX Info: Redefining \. on input line 462.
LaTeX Info: Redefining \% on input line 462.
./Análisis2.1.tex:462: Undefined control sequence.
l.462 {\selectlanguage{spanish}\color
                                     {black} Este caso de uso se da cuando u...
The control sequence at the end of the top line
of your error message was never \def'ed. If you have
misspelled it (e.g., `\hobx'), type `I' and the correct
spelling (e.g., `I\hbox'). Otherwise just continue,
and I'll forget about whatever was undefined.


Overfull \hbox (68.14595pt too wide) in paragraph at lines 456--464
[]  
 []

[8]
LaTeX Info: Redefining \. on input line 479.
LaTeX Info: Redefining \% on input line 479.

./Análisis2.1.tex:479: Undefined control sequence.
\@sharp ->{\selectlanguage {spanish}\color 
                                           {black} Nombre}
l.479 ...ctlanguage{spanish}\color{black} Nombre}}
                                                   &
The control sequence at the end of the top line
of your error message was never \def'ed. If you have
misspelled it (e.g., `\hobx'), type `I' and the correct
spelling (e.g., `I\hbox'). Otherwise just continue,
and I'll forget about whatever was undefined.


Underfull \hbox (badness 10000) in paragraph at lines 479--479
[]\T1/cmr/m/n/10.95 black Nom-
 []

LaTeX Info: Redefining \. on input line 480.
LaTeX Info: Redefining \% on input line 480.
./Análisis2.1.tex:480: Undefined control sequence.
\@sharp ->{\selectlanguage {spanish}\color 
                                           {black} Envío de información}
l.480 ...sh}\color{black} Envío de información}}
                                                  \\\hline
The control sequence at the end of the top line
of your error message was never \def'ed. If you have
misspelled it (e.g., `\hobx'), type `I' and the correct
spelling (e.g., `I\hbox'). Otherwise just continue,
and I'll forget about whatever was undefined.

LaTeX Info: Redefining \. on input line 481.
LaTeX Info: Redefining \% on input line 481.
./Análisis2.1.tex:481: Undefined control sequence.
l.481 {\selectlanguage{spanish}\color
                                     {black} Actor} &
The control sequence at the end of the top line
of your error message was never \def'ed. If you have
misspelled it (e.g., `\hobx'), type `I' and the correct
spelling (e.g., `I\hbox'). Otherwise just continue,
and I'll forget about whatever was undefined.

LaTeX Info: Redefining \. on input line 482.
LaTeX Info: Redefining \% on input line 482.
./Análisis2.1.tex:482: Undefined control sequence.
l.482 {\selectlanguage{spanish}\color
                                     {black} Cliente TAXII}\\
The control sequence at the end of the top line
of your error message was never \def'ed. If you have
misspelled it (e.g., `\hobx'), type `I' and the correct
spelling (e.g., `I\hbox'). Otherwise just continue,
and I'll forget about whatever was undefined.

LaTeX Info: Redefining \. on input line 483.
LaTeX Info: Redefining \% on input line 483.
./Análisis2.1.tex:483: Undefined control sequence.
l.483 {\selectlanguage{spanish}\color
                                     {black} Descripción} &
The control sequence at the end of the top line
of your error message was never \def'ed. If you have
misspelled it (e.g., `\hobx'), type `I' and the correct
spelling (e.g., `I\hbox'). Otherwise just continue,
and I'll forget about whatever was undefined.


Underfull \hbox (badness 10000) in paragraph at lines 483--483
[]\T1/cmr/m/n/10.95 black Des-
 []

LaTeX Info: Redefining \. on input line 484.
LaTeX Info: Redefining \% on input line 484.
./Análisis2.1.tex:484: Undefined control sequence.
l.484 {\selectlanguage{spanish}\color
                                     {black} Este caso de uso se da cuando e...
The control sequence at the end of the top line
of your error message was never \def'ed. If you have
misspelled it (e.g., `\hobx'), type `I' and the correct
spelling (e.g., `I\hbox'). Otherwise just continue,
and I'll forget about whatever was undefined.


Overfull \hbox (68.14595pt too wide) in paragraph at lines 478--488
[]  
 []

LaTeX Info: Redefining \. on input line 498.
LaTeX Info: Redefining \% on input line 498.
./Análisis2.1.tex:498: Undefined control sequence.
\@sharp ->{\selectlanguage {spanish}\color 
                                           {black} Nombre}
l.498 ...ctlanguage{spanish}\color{black} Nombre}}
                                                   &
The control sequence at the end of the top line
of your error message was never \def'ed. If you have
misspelled it (e.g., `\hobx'), type `I' and the correct
spelling (e.g., `I\hbox'). Otherwise just continue,
and I'll forget about whatever was undefined.


Underfull \hbox (badness 10000) in paragraph at lines 498--498
[]\T1/cmr/m/n/10.95 black Nom-
 []

LaTeX Info: Redefining \. on input line 499.
LaTeX Info: Redefining \% on input line 499.
./Análisis2.1.tex:499: Undefined control sequence.
\@sharp ->{\selectlanguage {spanish}\color 
                                           {black} Poll de información}
l.499 ...nish}\color{black} Poll de información}}
                                                  \\\hline
The control sequence at the end of the top line
of your error message was never \def'ed. If you have
misspelled it (e.g., `\hobx'), type `I' and the correct
spelling (e.g., `I\hbox'). Otherwise just continue,
and I'll forget about whatever was undefined.

LaTeX Info: Redefining \. on input line 500.
LaTeX Info: Redefining \% on input line 500.
./Análisis2.1.tex:500: Undefined control sequence.
l.500 {\selectlanguage{spanish}\color
                                     {black} Actor} &
The control sequence at the end of the top line
of your error message was never \def'ed. If you have
misspelled it (e.g., `\hobx'), type `I' and the correct
spelling (e.g., `I\hbox'). Otherwise just continue,
and I'll forget about whatever was undefined.

LaTeX Info: Redefining \. on input line 501.
LaTeX Info: Redefining \% on input line 501.
./Análisis2.1.tex:501: Undefined control sequence.
l.501 {\selectlanguage{spanish}\color
                                     {black} Cliente TAXII}\\
The control sequence at the end of the top line
of your error message was never \def'ed. If you have
misspelled it (e.g., `\hobx'), type `I' and the correct
spelling (e.g., `I\hbox'). Otherwise just continue,
and I'll forget about whatever was undefined.

LaTeX Info: Redefining \. on input line 502.
LaTeX Info: Redefining \% on input line 502.
./Análisis2.1.tex:502: Undefined control sequence.
l.502 {\selectlanguage{spanish}\color
                                     {black} Descripción} &
The control sequence at the end of the top line
of your error message was never \def'ed. If you have
misspelled it (e.g., `\hobx'), type `I' and the correct
spelling (e.g., `I\hbox'). Otherwise just continue,
and I'll forget about whatever was undefined.


Underfull \hbox (badness 10000) in paragraph at lines 502--502
[]\T1/cmr/m/n/10.95 black Des-
 []

LaTeX Info: Redefining \. on input line 503.
LaTeX Info: Redefining \% on input line 503.
./Análisis2.1.tex:503: Undefined control sequence.
l.503 {\selectlanguage{spanish}\color
                                     {black} Este caso de uso se da cuando u...
The control sequence at the end of the top line
of your error message was never \def'ed. If you have
misspelled it (e.g., `\hobx'), type `I' and the correct
spelling (e.g., `I\hbox'). Otherwise just continue,
and I'll forget about whatever was undefined.


Overfull \hbox (68.14595pt too wide) in paragraph at lines 497--506
[]  
 []

LaTeX Info: Redefining \. on input line 516.
LaTeX Info: Redefining \% on input line 516.
./Análisis2.1.tex:516: Undefined control sequence.
\@sharp ->{\selectlanguage {spanish}\color 
                                           {black} Nombre}
l.516 ...ctlanguage{spanish}\color{black} Nombre}}
                                                   &
The control sequence at the end of the top line
of your error message was never \def'ed. If you have
misspelled it (e.g., `\hobx'), type `I' and the correct
spelling (e.g., `I\hbox'). Otherwise just continue,
and I'll forget about whatever was undefined.


Underfull \hbox (badness 10000) in paragraph at lines 516--516
[]\T1/cmr/m/n/10.95 black Nom-
 []

LaTeX Info: Redefining \. on input line 517.
LaTeX Info: Redefining \% on input line 517.
./Análisis2.1.tex:517: Undefined control sequence.
\@sharp ->{\selectlanguage {spanish}\color 
                                           {black} Poll de información a un...
l.517 ...Poll de información a un cliente TAXII}}
                                                  \\\hline
The control sequence at the end of the top line
of your error message was never \def'ed. If you have
misspelled it (e.g., `\hobx'), type `I' and the correct
spelling (e.g., `I\hbox'). Otherwise just continue,
and I'll forget about whatever was undefined.

LaTeX Info: Redefining \. on input line 518.
LaTeX Info: Redefining \% on input line 518.
./Análisis2.1.tex:518: Undefined control sequence.
l.518 {\selectlanguage{spanish}\color
                                     {black} Actor} &
The control sequence at the end of the top line
of your error message was never \def'ed. If you have
misspelled it (e.g., `\hobx'), type `I' and the correct
spelling (e.g., `I\hbox'). Otherwise just continue,
and I'll forget about whatever was undefined.

LaTeX Info: Redefining \. on input line 519.
LaTeX Info: Redefining \% on input line 519.
./Análisis2.1.tex:519: Undefined control sequence.
l.519 {\selectlanguage{spanish}\color
                                     {black} Cliente TAXII}\\
The control sequence at the end of the top line
of your error message was never \def'ed. If you have
misspelled it (e.g., `\hobx'), type `I' and the correct
spelling (e.g., `I\hbox'). Otherwise just continue,
and I'll forget about whatever was undefined.

LaTeX Info: Redefining \. on input line 520.
LaTeX Info: Redefining \% on input line 520.
./Análisis2.1.tex:520: Undefined control sequence.
l.520 {\selectlanguage{spanish}\color
                                     {black} Descripción} &
The control sequence at the end of the top line
of your error message was never \def'ed. If you have
misspelled it (e.g., `\hobx'), type `I' and the correct
spelling (e.g., `I\hbox'). Otherwise just continue,
and I'll forget about whatever was undefined.


Underfull \hbox (badness 10000) in paragraph at lines 520--520
[]\T1/cmr/m/n/10.95 black Des-
 []

LaTeX Info: Redefining \. on input line 521.
LaTeX Info: Redefining \% on input line 521.
./Análisis2.1.tex:521: Undefined control sequence.
l.521 {\selectlanguage{spanish}\color
                                     {black} Este caso de uso se da cuando e...
The control sequence at the end of the top line
of your error message was never \def'ed. If you have
misspelled it (e.g., `\hobx'), type `I' and the correct
spelling (e.g., `I\hbox'). Otherwise just continue,
and I'll forget about whatever was undefined.


Overfull \hbox (68.14595pt too wide) in paragraph at lines 515--525
[]  
 []

LaTeX Info: Redefining \. on input line 529.
LaTeX Info: Redefining \% on input line 529.
LaTeX Info: Redefining \. on input line 534.
LaTeX Info: Redefining \% on input line 534.
LaTeX Info: Redefining \. on input line 546.
LaTeX Info: Redefining \% on input line 546.
[9] <Analisis21-img006.png, id=41, 615.0478pt x 441.14813pt>
File: Analisis21-img006.png Graphic file (type png)

<use Analisis21-img006.png>
Package pdftex.def Info: Analisis21-img006.png used on input line 549.
(pdftex.def)             Requested size: 416.55647pt x 298.7651pt.

Overfull \hbox (73.55647pt too wide) in paragraph at lines 549--550
[][] 
 []

LaTeX Info: Redefining \. on input line 552.
LaTeX Info: Redefining \% on input line 552.
LaTeX Info: Redefining \. on input line 552.
LaTeX Info: Redefining \% on input line 552.
LaTeX Info: Redefining \. on input line 559.
LaTeX Info: Redefining \% on input line 559.
<Analisis21-img007.png, id=43, 566.86781pt x 280.79906pt>
File: Analisis21-img007.png Graphic file (type png)

<use Analisis21-img007.png>
Package pdftex.def Info: Analisis21-img007.png used on input line 563.
(pdftex.def)             Requested size: 416.56067pt x 206.30984pt.

Overfull \hbox (73.56067pt too wide) in paragraph at lines 563--564
[][] 
 []

LaTeX Info: Redefining \. on input line 566.
LaTeX Info: Redefining \% on input line 566.
[10 <./Analisis21-img006.png>]
LaTeX Info: Redefining \. on input line 567.
LaTeX Info: Redefining \% on input line 567.

<Analisis21-img008.png, id=48, 1088.56688pt x 358.33875pt>
File: Analisis21-img008.png Graphic file (type png)

<use Analisis21-img008.png>
Package pdftex.def Info: Analisis21-img008.png used on input line 570.
(pdftex.def)             Requested size: 416.54988pt x 137.06139pt.

Overfull \hbox (73.54988pt too wide) in paragraph at lines 570--571
[][] 
 []

LaTeX Info: Redefining \. on input line 573.
LaTeX Info: Redefining \% on input line 573.
LaTeX Info: Redefining \. on input line 574.
LaTeX Info: Redefining \% on input line 574.
<Analisis21-img009.png, id=49, 666.23906pt x 296.60812pt>
File: Analisis21-img009.png Graphic file (type png)

<use Analisis21-img009.png>
Package pdftex.def Info: Analisis21-img009.png used on input line 574.
(pdftex.def)             Requested size: 416.56104pt x 185.45656pt.

Overfull \hbox (56.56104pt too wide) in paragraph at lines 573--575
 [] 
 []

LaTeX Info: Redefining \. on input line 578.
LaTeX Info: Redefining \% on input line 578.
[11 <./Analisis21-img007.png> <./Analisis21-img008.png>]
LaTeX Info: Redefining \. on input line 579.
LaTeX Info: Redefining \% on input line 579.

<Analisis21-img010.png, id=55, 856.70062pt x 284.56313pt>
File: Analisis21-img010.png Graphic file (type png)

<use Analisis21-img010.png>
Package pdftex.def Info: Analisis21-img010.png used on input line 579.
(pdftex.def)             Requested size: 416.54507pt x 138.37334pt.

Overfull \hbox (56.54507pt too wide) in paragraph at lines 578--580
 [] 
 []

LaTeX Info: Redefining \. on input line 583.
LaTeX Info: Redefining \% on input line 583.
LaTeX Info: Redefining \. on input line 584.
LaTeX Info: Redefining \% on input line 584.
LaTeX Info: Redefining \. on input line 598.
LaTeX Info: Redefining \% on input line 598.
LaTeX Info: Redefining \. on input line 599.
LaTeX Info: Redefining \% on input line 599.
LaTeX Info: Redefining \. on input line 600.
LaTeX Info: Redefining \% on input line 600.
LaTeX Info: Redefining \. on input line 601.
LaTeX Info: Redefining \% on input line 601.
LaTeX Info: Redefining \. on input line 602.
LaTeX Info: Redefining \% on input line 602.
LaTeX Info: Redefining \. on input line 603.
LaTeX Info: Redefining \% on input line 603.
LaTeX Info: Redefining \. on input line 604.
LaTeX Info: Redefining \% on input line 604.
LaTeX Info: Redefining \. on input line 605.
LaTeX Info: Redefining \% on input line 605.
LaTeX Info: Redefining \. on input line 606.
LaTeX Info: Redefining \% on input line 606.
LaTeX Info: Redefining \. on input line 607.
LaTeX Info: Redefining \% on input line 607.

Overfull \hbox (68.54704pt too wide) in paragraph at lines 596--607
[]  
 []

[12 <./Analisis21-img009.png> <./Analisis21-img010.png>]
LaTeX Info: Redefining \. on input line 620.
LaTeX Info: Redefining \% on input line 620.
LaTeX Info: Redefining \. on input line 621.
LaTeX Info: Redefining \% on input line 621.
LaTeX Info: Redefining \. on input line 622.
LaTeX Info: Redefining \% on input line 622.
LaTeX Info: Redefining \. on input line 623.
LaTeX Info: Redefining \% on input line 623.
LaTeX Info: Redefining \. on input line 624.
LaTeX Info: Redefining \% on input line 624.
LaTeX Info: Redefining \. on input line 625.
LaTeX Info: Redefining \% on input line 625.
LaTeX Info: Redefining \. on input line 626.
LaTeX Info: Redefining \% on input line 626.
LaTeX Info: Redefining \. on input line 627.
LaTeX Info: Redefining \% on input line 627.
LaTeX Info: Redefining \. on input line 628.
LaTeX Info: Redefining \% on input line 628.
LaTeX Info: Redefining \. on input line 629.
LaTeX Info: Redefining \% on input line 629.

Overfull \hbox (68.54704pt too wide) in paragraph at lines 618--632
[]  
 []

LaTeX Info: Redefining \. on input line 643.
LaTeX Info: Redefining \% on input line 643.
LaTeX Info: Redefining \. on input line 644.
LaTeX Info: Redefining \% on input line 644.
LaTeX Info: Redefining \. on input line 645.
LaTeX Info: Redefining \% on input line 645.
LaTeX Info: Redefining \. on input line 646.
LaTeX Info: Redefining \% on input line 646.
LaTeX Info: Redefining \. on input line 647.
LaTeX Info: Redefining \% on input line 647.
LaTeX Info: Redefining \. on input line 648.
LaTeX Info: Redefining \% on input line 648.
LaTeX Info: Redefining \. on input line 649.
LaTeX Info: Redefining \% on input line 649.
LaTeX Info: Redefining \. on input line 650.
LaTeX Info: Redefining \% on input line 650.
LaTeX Info: Redefining \. on input line 651.
LaTeX Info: Redefining \% on input line 651.
LaTeX Info: Redefining \. on input line 652.
LaTeX Info: Redefining \% on input line 652.

Overfull \hbox (68.54704pt too wide) in paragraph at lines 641--655
[]  
 []

LaTeX Info: Redefining \. on input line 666.
LaTeX Info: Redefining \% on input line 666.
LaTeX Info: Redefining \. on input line 667.
LaTeX Info: Redefining \% on input line 667.
LaTeX Info: Redefining \. on input line 668.
LaTeX Info: Redefining \% on input line 668.
LaTeX Info: Redefining \. on input line 669.
LaTeX Info: Redefining \% on input line 669.
LaTeX Info: Redefining \. on input line 670.
LaTeX Info: Redefining \% on input line 670.
LaTeX Info: Redefining \. on input line 673.
LaTeX Info: Redefining \% on input line 673.
LaTeX Info: Redefining \. on input line 674.
LaTeX Info: Redefining \% on input line 674.
LaTeX Info: Redefining \. on input line 676.
LaTeX Info: Redefining \% on input line 676.
LaTeX Info: Redefining \. on input line 677.
LaTeX Info: Redefining \% on input line 677.

Overfull \hbox (68.54704pt too wide) in paragraph at lines 664--680
[]  
 []

[13]
LaTeX Info: Redefining \. on input line 694.
LaTeX Info: Redefining \% on input line 694.
LaTeX Info: Redefining \. on input line 695.
LaTeX Info: Redefining \% on input line 695.
LaTeX Info: Redefining \. on input line 696.
LaTeX Info: Redefining \% on input line 696.
LaTeX Info: Redefining \. on input line 697.
LaTeX Info: Redefining \% on input line 697.
LaTeX Info: Redefining \. on input line 698.
LaTeX Info: Redefining \% on input line 698.
LaTeX Info: Redefining \. on input line 699.
LaTeX Info: Redefining \% on input line 699.
LaTeX Info: Redefining \. on input line 700.
LaTeX Info: Redefining \% on input line 700.
LaTeX Info: Redefining \. on input line 703.
LaTeX Info: Redefining \% on input line 703.
LaTeX Info: Redefining \. on input line 704.
LaTeX Info: Redefining \% on input line 704.

Overfull \hbox (68.54704pt too wide) in paragraph at lines 692--707
[]  
 []

LaTeX Info: Redefining \. on input line 718.
LaTeX Info: Redefining \% on input line 718.
LaTeX Info: Redefining \. on input line 719.
LaTeX Info: Redefining \% on input line 719.
LaTeX Info: Redefining \. on input line 720.
LaTeX Info: Redefining \% on input line 720.
LaTeX Info: Redefining \. on input line 721.
LaTeX Info: Redefining \% on input line 721.
LaTeX Info: Redefining \. on input line 722.
LaTeX Info: Redefining \% on input line 722.
LaTeX Info: Redefining \. on input line 723.
LaTeX Info: Redefining \% on input line 723.
LaTeX Info: Redefining \. on input line 724.
LaTeX Info: Redefining \% on input line 724.
LaTeX Info: Redefining \. on input line 725.
LaTeX Info: Redefining \% on input line 725.
LaTeX Info: Redefining \. on input line 726.
LaTeX Info: Redefining \% on input line 726.
LaTeX Info: Redefining \. on input line 727.
LaTeX Info: Redefining \% on input line 727.

Overfull \hbox (68.54704pt too wide) in paragraph at lines 716--730
[]  
 []

[14] (./Análisis2.1.aux
LaTeX Info: Redefining \. on input line 16.
LaTeX Info: Redefining \% on input line 16.
LaTeX Info: Redefining \. on input line 24.
LaTeX Info: Redefining \% on input line 24.
LaTeX Info: Redefining \. on input line 32.
LaTeX Info: Redefining \% on input line 32.
LaTeX Info: Redefining \. on input line 40.
LaTeX Info: Redefining \% on input line 40.
LaTeX Info: Redefining \. on input line 48.
LaTeX Info: Redefining \% on input line 48.
LaTeX Info: Redefining \. on input line 56.
LaTeX Info: Redefining \% on input line 56.
LaTeX Info: Redefining \. on input line 64.
LaTeX Info: Redefining \% on input line 64.
LaTeX Info: Redefining \. on input line 72.
LaTeX Info: Redefining \% on input line 72.
LaTeX Info: Redefining \. on input line 80.
LaTeX Info: Redefining \% on input line 80.
LaTeX Info: Redefining \. on input line 88.
LaTeX Info: Redefining \% on input line 88.
LaTeX Info: Redefining \. on input line 96.
LaTeX Info: Redefining \% on input line 96.
LaTeX Info: Redefining \. on input line 104.
LaTeX Info: Redefining \% on input line 104.
LaTeX Info: Redefining \. on input line 112.
LaTeX Info: Redefining \% on input line 112.
LaTeX Info: Redefining \. on input line 122.
LaTeX Info: Redefining \% on input line 122.
LaTeX Info: Redefining \. on input line 130.
LaTeX Info: Redefining \% on input line 130.
LaTeX Info: Redefining \. on input line 138.
LaTeX Info: Redefining \% on input line 138.
LaTeX Info: Redefining \. on input line 146.
LaTeX Info: Redefining \% on input line 146.
LaTeX Info: Redefining \. on input line 154.
LaTeX Info: Redefining \% on input line 154.
LaTeX Info: Redefining \. on input line 162.
LaTeX Info: Redefining \% on input line 162.
LaTeX Info: Redefining \. on input line 170.
LaTeX Info: Redefining \% on input line 170.
LaTeX Info: Redefining \. on input line 178.
LaTeX Info: Redefining \% on input line 178.
LaTeX Info: Redefining \. on input line 187.
LaTeX Info: Redefining \% on input line 187.
LaTeX Info: Redefining \. on input line 195.
LaTeX Info: Redefining \% on input line 195.
LaTeX Info: Redefining \. on input line 203.
LaTeX Info: Redefining \% on input line 203.
LaTeX Info: Redefining \. on input line 211.
LaTeX Info: Redefining \% on input line 211.
LaTeX Info: Redefining \. on input line 219.
LaTeX Info: Redefining \% on input line 219.
LaTeX Info: Redefining \. on input line 227.
LaTeX Info: Redefining \% on input line 227.
LaTeX Info: Redefining \. on input line 235.
LaTeX Info: Redefining \% on input line 235.
LaTeX Info: Redefining \. on input line 243.
LaTeX Info: Redefining \% on input line 243.
LaTeX Info: Redefining \. on input line 251.
LaTeX Info: Redefining \% on input line 251.
LaTeX Info: Redefining \. on input line 259.
LaTeX Info: Redefining \% on input line 259.
LaTeX Info: Redefining \. on input line 267.
LaTeX Info: Redefining \% on input line 267.
LaTeX Info: Redefining \. on input line 275.
LaTeX Info: Redefining \% on input line 275.
LaTeX Info: Redefining \. on input line 283.
LaTeX Info: Redefining \% on input line 283.
LaTeX Info: Redefining \. on input line 291.
LaTeX Info: Redefining \% on input line 291.
LaTeX Info: Redefining \. on input line 299.
LaTeX Info: Redefining \% on input line 299.
LaTeX Info: Redefining \. on input line 307.
LaTeX Info: Redefining \% on input line 307.
LaTeX Info: Redefining \. on input line 315.
LaTeX Info: Redefining \% on input line 315.
LaTeX Info: Redefining \. on input line 323.
LaTeX Info: Redefining \% on input line 323.
LaTeX Info: Redefining \. on input line 331.
LaTeX Info: Redefining \% on input line 331.
LaTeX Info: Redefining \. on input line 339.
LaTeX Info: Redefining \% on input line 339.
LaTeX Info: Redefining \. on input line 347.
LaTeX Info: Redefining \% on input line 347.
LaTeX Info: Redefining \. on input line 355.
LaTeX Info: Redefining \% on input line 355.
LaTeX Info: Redefining \. on input line 363.
LaTeX Info: Redefining \% on input line 363.
LaTeX Info: Redefining \. on input line 371.
LaTeX Info: Redefining \% on input line 371.
LaTeX Info: Redefining \. on input line 379.
LaTeX Info: Redefining \% on input line 379.
LaTeX Info: Redefining \. on input line 387.
LaTeX Info: Redefining \% on input line 387.
LaTeX Info: Redefining \. on input line 395.
LaTeX Info: Redefining \% on input line 395.
LaTeX Info: Redefining \. on input line 403.
LaTeX Info: Redefining \% on input line 403.
LaTeX Info: Redefining \. on input line 411.
LaTeX Info: Redefining \% on input line 411.
LaTeX Info: Redefining \. on input line 419.
LaTeX Info: Redefining \% on input line 419.
LaTeX Info: Redefining \. on input line 427.
LaTeX Info: Redefining \% on input line 427.
LaTeX Info: Redefining \. on input line 435.
LaTeX Info: Redefining \% on input line 435.
LaTeX Info: Redefining \. on input line 443.
LaTeX Info: Redefining \% on input line 443.
LaTeX Info: Redefining \. on input line 451.
LaTeX Info: Redefining \% on input line 451.
LaTeX Info: Redefining \. on input line 459.
LaTeX Info: Redefining \% on input line 459.
LaTeX Info: Redefining \. on input line 467.
LaTeX Info: Redefining \% on input line 467.
LaTeX Info: Redefining \. on input line 475.
LaTeX Info: Redefining \% on input line 475.
LaTeX Info: Redefining \. on input line 483.
LaTeX Info: Redefining \% on input line 483.
LaTeX Info: Redefining \. on input line 491.
LaTeX Info: Redefining \% on input line 491.
LaTeX Info: Redefining \. on input line 499.
LaTeX Info: Redefining \% on input line 499.
LaTeX Info: Redefining \. on input line 507.
LaTeX Info: Redefining \% on input line 507.
LaTeX Info: Redefining \. on input line 515.
LaTeX Info: Redefining \% on input line 515.
LaTeX Info: Redefining \. on input line 523.
LaTeX Info: Redefining \% on input line 523.
LaTeX Info: Redefining \. on input line 531.
LaTeX Info: Redefining \% on input line 531.
LaTeX Info: Redefining \. on input line 539.
LaTeX Info: Redefining \% on input line 539.
LaTeX Info: Redefining \. on input line 547.
LaTeX Info: Redefining \% on input line 547.
LaTeX Info: Redefining \. on input line 555.
LaTeX Info: Redefining \% on input line 555.
LaTeX Info: Redefining \. on input line 563.
LaTeX Info: Redefining \% on input line 563.
LaTeX Info: Redefining \. on input line 571.
LaTeX Info: Redefining \% on input line 571.
LaTeX Info: Redefining \. on input line 579.
LaTeX Info: Redefining \% on input line 579.
LaTeX Info: Redefining \. on input line 589.
LaTeX Info: Redefining \% on input line 589.
LaTeX Info: Redefining \. on input line 606.
LaTeX Info: Redefining \% on input line 606.
LaTeX Info: Redefining \. on input line 647.
LaTeX Info: Redefining \% on input line 647.
LaTeX Info: Redefining \. on input line 655.
LaTeX Info: Redefining \% on input line 655.
LaTeX Info: Redefining \. on input line 663.
LaTeX Info: Redefining \% on input line 663.
LaTeX Info: Redefining \. on input line 671.
LaTeX Info: Redefining \% on input line 671.
LaTeX Info: Redefining \. on input line 679.
LaTeX Info: Redefining \% on input line 679.
LaTeX Info: Redefining \. on input line 687.
LaTeX Info: Redefining \% on input line 687.
LaTeX Info: Redefining \. on input line 695.
LaTeX Info: Redefining \% on input line 695.
LaTeX Info: Redefining \. on input line 703.
LaTeX Info: Redefining \% on input line 703.
LaTeX Info: Redefining \. on input line 711.
LaTeX Info: Redefining \% on input line 711.
LaTeX Info: Redefining \. on input line 719.
LaTeX Info: Redefining \% on input line 719.
LaTeX Info: Redefining \. on input line 727.
LaTeX Info: Redefining \% on input line 727.
LaTeX Info: Redefining \. on input line 735.
LaTeX Info: Redefining \% on input line 735.
LaTeX Info: Redefining \. on input line 743.
LaTeX Info: Redefining \% on input line 743.
LaTeX Info: Redefining \. on input line 751.
LaTeX Info: Redefining \% on input line 751.
LaTeX Info: Redefining \. on input line 759.
LaTeX Info: Redefining \% on input line 759.
LaTeX Info: Redefining \. on input line 767.
LaTeX Info: Redefining \% on input line 767.
LaTeX Info: Redefining \. on input line 775.
LaTeX Info: Redefining \% on input line 775.
LaTeX Info: Redefining \. on input line 783.
LaTeX Info: Redefining \% on input line 783.
LaTeX Info: Redefining \. on input line 791.
LaTeX Info: Redefining \% on input line 791.
LaTeX Info: Redefining \. on input line 799.
LaTeX Info: Redefining \% on input line 799.
LaTeX Info: Redefining \. on input line 807.
LaTeX Info: Redefining \% on input line 807.
LaTeX Info: Redefining \. on input line 815.
LaTeX Info: Redefining \% on input line 815.
LaTeX Info: Redefining \. on input line 823.
LaTeX Info: Redefining \% on input line 823.
LaTeX Info: Redefining \. on input line 831.
LaTeX Info: Redefining \% on input line 831.
LaTeX Info: Redefining \. on input line 839.
LaTeX Info: Redefining \% on input line 839.
LaTeX Info: Redefining \. on input line 847.
LaTeX Info: Redefining \% on input line 847.
LaTeX Info: Redefining \. on input line 855.
LaTeX Info: Redefining \% on input line 855.
LaTeX Info: Redefining \. on input line 863.
LaTeX Info: Redefining \% on input line 863.
LaTeX Info: Redefining \. on input line 871.
LaTeX Info: Redefining \% on input line 871.
LaTeX Info: Redefining \. on input line 879.
LaTeX Info: Redefining \% on input line 879.
LaTeX Info: Redefining \. on input line 887.
LaTeX Info: Redefining \% on input line 887.
LaTeX Info: Redefining \. on input line 895.
LaTeX Info: Redefining \% on input line 895.
LaTeX Info: Redefining \. on input line 903.
LaTeX Info: Redefining \% on input line 903.
LaTeX Info: Redefining \. on input line 911.
LaTeX Info: Redefining \% on input line 911.
LaTeX Info: Redefining \. on input line 919.
LaTeX Info: Redefining \% on input line 919.
LaTeX Info: Redefining \. on input line 927.
LaTeX Info: Redefining \% on input line 927.
LaTeX Info: Redefining \. on input line 935.
LaTeX Info: Redefining \% on input line 935.
LaTeX Info: Redefining \. on input line 943.
LaTeX Info: Redefining \% on input line 943.
LaTeX Info: Redefining \. on input line 951.
LaTeX Info: Redefining \% on input line 951.
LaTeX Info: Redefining \. on input line 959.
LaTeX Info: Redefining \% on input line 959.
LaTeX Info: Redefining \. on input line 967.
LaTeX Info: Redefining \% on input line 967.
LaTeX Info: Redefining \. on input line 975.
LaTeX Info: Redefining \% on input line 975.
LaTeX Info: Redefining \. on input line 983.
LaTeX Info: Redefining \% on input line 983.
LaTeX Info: Redefining \. on input line 991.
LaTeX Info: Redefining \% on input line 991.
LaTeX Info: Redefining \. on input line 999.
LaTeX Info: Redefining \% on input line 999.
LaTeX Info: Redefining \. on input line 1007.
LaTeX Info: Redefining \% on input line 1007.
LaTeX Info: Redefining \. on input line 1015.
LaTeX Info: Redefining \% on input line 1015.
LaTeX Info: Redefining \. on input line 1023.
LaTeX Info: Redefining \% on input line 1023.
LaTeX Info: Redefining \. on input line 1031.
LaTeX Info: Redefining \% on input line 1031.
LaTeX Info: Redefining \. on input line 1039.
LaTeX Info: Redefining \% on input line 1039.
LaTeX Info: Redefining \. on input line 1047.
LaTeX Info: Redefining \% on input line 1047.
LaTeX Info: Redefining \. on input line 1055.
LaTeX Info: Redefining \% on input line 1055.
LaTeX Info: Redefining \. on input line 1063.
LaTeX Info: Redefining \% on input line 1063.
LaTeX Info: Redefining \. on input line 1071.
LaTeX Info: Redefining \% on input line 1071.
LaTeX Info: Redefining \. on input line 1079.
LaTeX Info: Redefining \% on input line 1079.
LaTeX Info: Redefining \. on input line 1087.
LaTeX Info: Redefining \% on input line 1087.
LaTeX Info: Redefining \. on input line 1095.
LaTeX Info: Redefining \% on input line 1095.
LaTeX Info: Redefining \. on input line 1103.
LaTeX Info: Redefining \% on input line 1103.
) ) 
Here is how much of TeX's memory you used:
 4108 strings out of 493488
 52877 string characters out of 3141326
 110898 words of memory out of 3000000
 7326 multiletter control sequences out of 15000+200000
 13948 words of font info for 40 fonts, out of 3000000 for 9000
 957 hyphenation exceptions out of 8191
 37i,11n,27p,243b,499s stack positions out of 5000i,500n,10000p,200000b,50000s
{/usr/local/texlive/2012/texmf-dist/fonts/enc/dvips/cm-super/cm-super-ts1.en
c}{/usr/local/texlive/2012/texmf-dist/fonts/enc/dvips/cm-super/cm-super-t1.enc}
</usr/local/texlive/2012/texmf-dist/fonts/type1/public/cm-super/sfbx1095.pfb></
usr/local/texlive/2012/texmf-dist/fonts/type1/public/cm-super/sfbx1200.pfb></us
r/local/texlive/2012/texmf-dist/fonts/type1/public/cm-super/sfbx1440.pfb></usr/
local/texlive/2012/texmf-dist/fonts/type1/public/cm-super/sfrm1095.pfb></usr/lo
cal/texlive/2012/texmf-dist/fonts/type1/public/cm-super/sfrm1200.pfb></usr/loca
l/texlive/2012/texmf-dist/fonts/type1/public/cm-super/sfti1200.pfb>
Output written on Análisis2.1.pdf (15 pages, 295071 bytes).
PDF statistics:
 92 PDF objects out of 1000 (max. 8388607)
 58 compressed objects within 1 object stream
 0 named destinations out of 1000 (max. 500000)
 26 words of extra memory for PDF output out of 10000 (max. 10000000)

