\BOOKMARK [0][-]{chapter.1}{\376\377\0001\000\040\000R\000T\000I\000R}{}% 1
\BOOKMARK [1][-]{section.2}{\376\377\0001\000.\0001\000\040\000Q\000u\000e\000\040\000e\000s\000\040\000R\000T\000I\000R}{chapter.1}% 2
\BOOKMARK [1][-]{section.3}{\376\377\0001\000.\0002\000\040\000L\000e\000a\000r\000n\000i\000n\000g\000\040\000L\000a\000T\000e\000X}{chapter.1}% 3
\BOOKMARK [2][-]{subsection.4}{\376\377\0001\000.\0002\000.\0001\000\040\000A\000\040\000\050\000n\000o\000t\000\040\000s\000o\000\040\000s\000h\000o\000r\000t\000\051\000\040\000I\000n\000t\000r\000o\000d\000u\000c\000t\000i\000o\000n\000\040\000t\000o\000\040\000L\000a\000T\000e\000X}{section.3}% 4
\BOOKMARK [2][-]{subsection.5}{\376\377\0001\000.\0002\000.\0002\000\040\000A\000\040\000S\000h\000o\000r\000t\000\040\000M\000a\000t\000h\000\040\000G\000u\000i\000d\000e\000\040\000f\000o\000r\000\040\000L\000a\000T\000e\000X}{section.3}% 5
\BOOKMARK [2][-]{subsection.6}{\376\377\0001\000.\0002\000.\0003\000\040\000C\000o\000m\000m\000o\000n\000\040\000L\000a\000T\000e\000X\000\040\000M\000a\000t\000h\000\040\000S\000y\000m\000b\000o\000l\000s}{section.3}% 6
\BOOKMARK [2][-]{subsection.7}{\376\377\0001\000.\0002\000.\0004\000\040\000L\000a\000T\000e\000X\000\040\000o\000n\000\040\000a\000\040\000M\000a\000c}{section.3}% 7
\BOOKMARK [1][-]{section.8}{\376\377\0001\000.\0003\000\040\000G\000e\000t\000t\000i\000n\000g\000\040\000S\000t\000a\000r\000t\000e\000d\000\040\000w\000i\000t\000h\000\040\000t\000h\000i\000s\000\040\000T\000e\000m\000p\000l\000a\000t\000e}{chapter.1}% 8
\BOOKMARK [2][-]{subsection.9}{\376\377\0001\000.\0003\000.\0001\000\040\000A\000b\000o\000u\000t\000\040\000t\000h\000i\000s\000\040\000T\000e\000m\000p\000l\000a\000t\000e}{section.8}% 9
\BOOKMARK [1][-]{section.10}{\376\377\0001\000.\0004\000\040\000W\000h\000a\000t\000\040\000t\000h\000i\000s\000\040\000T\000e\000m\000p\000l\000a\000t\000e\000\040\000I\000n\000c\000l\000u\000d\000e\000s}{chapter.1}% 10
\BOOKMARK [2][-]{subsection.11}{\376\377\0001\000.\0004\000.\0001\000\040\000F\000o\000l\000d\000e\000r\000s}{section.10}% 11
\BOOKMARK [2][-]{subsection.12}{\376\377\0001\000.\0004\000.\0002\000\040\000F\000i\000l\000e\000s}{section.10}% 12
\BOOKMARK [1][-]{section.13}{\376\377\0001\000.\0005\000\040\000F\000i\000l\000l\000i\000n\000g\000\040\000i\000n\000\040\000t\000h\000e\000\040\000`\000T\000h\000e\000s\000i\000s\000.\000c\000l\000s\000'\000\040\000F\000i\000l\000e}{chapter.1}% 13
\BOOKMARK [1][-]{section.14}{\376\377\0001\000.\0006\000\040\000T\000h\000e\000\040\000`\000T\000h\000e\000s\000i\000s\000.\000t\000e\000x\000'\000\040\000F\000i\000l\000e\000\040\000E\000x\000p\000l\000a\000i\000n\000e\000d}{chapter.1}% 14
\BOOKMARK [1][-]{section.15}{\376\377\0001\000.\0007\000\040\000T\000h\000e\000s\000i\000s\000\040\000F\000e\000a\000t\000u\000r\000e\000s\000\040\000a\000n\000d\000\040\000C\000o\000n\000v\000e\000n\000t\000i\000o\000n\000s}{chapter.1}% 15
\BOOKMARK [2][-]{subsection.16}{\376\377\0001\000.\0007\000.\0001\000\040\000P\000r\000i\000n\000t\000i\000n\000g\000\040\000F\000o\000r\000m\000a\000t}{section.15}% 16
\BOOKMARK [2][-]{subsection.17}{\376\377\0001\000.\0007\000.\0002\000\040\000U\000s\000i\000n\000g\000\040\000U\000S\000\040\000L\000e\000t\000t\000e\000r\000\040\000P\000a\000p\000e\000r}{section.15}% 17
\BOOKMARK [2][-]{subsection.18}{\376\377\0001\000.\0007\000.\0003\000\040\000R\000e\000f\000e\000r\000e\000n\000c\000e\000s}{section.15}% 18
\BOOKMARK [2][-]{subsection.20}{\376\377\0001\000.\0007\000.\0004\000\040\000F\000i\000g\000u\000r\000e\000s}{section.15}% 19
\BOOKMARK [2][-]{subsection.22}{\376\377\0001\000.\0007\000.\0005\000\040\000T\000y\000p\000e\000s\000e\000t\000t\000i\000n\000g\000\040\000m\000a\000t\000h\000e\000m\000a\000t\000i\000c\000s}{section.15}% 20
\BOOKMARK [1][-]{section.24}{\376\377\0001\000.\0008\000\040\000S\000e\000c\000t\000i\000o\000n\000i\000n\000g\000\040\000a\000n\000d\000\040\000S\000u\000b\000s\000e\000c\000t\000i\000o\000n\000i\000n\000g}{chapter.1}% 21
\BOOKMARK [1][-]{section.25}{\376\377\0001\000.\0009\000\040\000I\000n\000\040\000C\000l\000o\000s\000i\000n\000g}{chapter.1}% 22
\BOOKMARK [0][-]{chapter.26}{\376\377\0002\000\040\000T\000A\000X\000I\000I}{}% 23
\BOOKMARK [1][-]{section.27}{\376\377\0002\000.\0001\000\040\000I\000n\000t\000r\000o\000d\000u\000c\000c\000i\000\363\000n}{chapter.26}% 24
\BOOKMARK [2][-]{subsection.28}{\376\377\0002\000.\0001\000.\0001\000\040\000F\000u\000n\000d\000a\000m\000e\000n\000t\000o\000s}{section.27}% 25
\BOOKMARK [2][-]{subsection.29}{\376\377\0002\000.\0001\000.\0002\000\040\000C\000o\000m\000u\000n\000i\000d\000a\000d\000e\000s}{section.27}% 26
\BOOKMARK [2][-]{subsection.30}{\376\377\0002\000.\0001\000.\0003\000\040\000M\000o\000d\000e\000l\000o\000s}{section.27}% 27
\BOOKMARK [2][-]{subsection.31}{\376\377\0002\000.\0001\000.\0004\000\040\000M\000\351\000t\000o\000d\000o\000s\000\040\000p\000a\000r\000a\000\040\000e\000l\000\040\000i\000n\000t\000e\000r\000c\000a\000m\000b\000i\000o\000\040\000d\000e\000\040\000i\000n\000f\000o\000r\000m\000a\000c\000i\000\363\000n}{section.27}% 28
\BOOKMARK [2][-]{subsection.32}{\376\377\0002\000.\0001\000.\0005\000\040\000I\000n\000f\000o\000r\000m\000a\000c\000i\000\363\000n\000\040\000c\000o\000m\000p\000a\000r\000t\000i\000d\000a}{section.27}% 29
\BOOKMARK [2][-]{subsection.33}{\376\377\0002\000.\0001\000.\0006\000\040\000Q\000u\000e\000\040\000e\000s\000\040\000T\000A\000X\000I\000I}{section.27}% 30
\BOOKMARK [2][-]{subsection.34}{\376\377\0002\000.\0001\000.\0007\000\040\000O\000b\000j\000e\000t\000i\000v\000o\000s\000\040\000d\000e\000\040\000T\000A\000X\000I\000I}{section.27}% 31
\BOOKMARK [2][-]{subsection.35}{\376\377\0002\000.\0001\000.\0008\000\040\000R\000e\000p\000r\000e\000s\000e\000n\000t\000a\000c\000i\000\363\000n\000\040\000e\000s\000t\000\341\000n\000d\000a\000r\000\040\000d\000e\000\040\000l\000a\000\040\000i\000n\000f\000o\000r\000m\000a\000c\000i\000\363\000n}{section.27}% 32
\BOOKMARK [2][-]{subsection.36}{\376\377\0002\000.\0001\000.\0009\000\040\000U\000n\000\040\000f\000r\000a\000m\000e\000w\000o\000r\000k\000\040\000d\000e\000\040\000I\000n\000t\000e\000r\000c\000a\000m\000b\000i\000o}{section.27}% 33
\BOOKMARK [2][-]{subsection.37}{\376\377\0002\000.\0001\000.\0001\0000\000\040\000C\000a\000s\000o\000s\000\040\000d\000e\000\040\000U\000s\000o}{section.27}% 34
\BOOKMARK [1][-]{section.38}{\376\377\0002\000.\0002\000\040\000C\000o\000m\000p\000o\000n\000e\000n\000t\000e\000s\000\040\000d\000e\000\040\000T\000A\000X\000I\000I}{chapter.26}% 35
\BOOKMARK [2][-]{subsection.39}{\376\377\0002\000.\0002\000.\0001\000\040\000T\000A\000X\000I\000I\000\040\000T\000o\000o\000l\000k\000i\000t}{section.38}% 36
\BOOKMARK [2][-]{subsection.40}{\376\377\0002\000.\0002\000.\0002\000\040\000E\000s\000p\000e\000c\000i\000f\000i\000c\000a\000c\000i\000\363\000n\000\040\000d\000e\000\040\000S\000e\000r\000v\000i\000c\000i\000o\000s}{section.38}% 37
\BOOKMARK [2][-]{subsection.41}{\376\377\0002\000.\0002\000.\0003\000\040\000T\000e\000r\000m\000i\000n\000i\000o\000s\000\040\000y\000\040\000d\000e\000f\000i\000n\000i\000c\000i\000o\000n\000e\000s}{section.38}% 38
\BOOKMARK [2][-]{subsection.42}{\376\377\0002\000.\0002\000.\0004\000\040\000C\000a\000p\000a\000c\000i\000d\000a\000d\000e\000s}{section.38}% 39
\BOOKMARK [2][-]{subsection.43}{\376\377\0002\000.\0002\000.\0005\000\040\000S\000e\000r\000v\000i\000c\000i\000o\000s\000\040\000T\000A\000X\000I\000I}{section.38}% 40
\BOOKMARK [0][-]{chapter.44}{\376\377\0003\000\040\000S\000T\000I\000X}{}% 41
\BOOKMARK [1][-]{section.45}{\376\377\0003\000.\0001\000\040\000B\000a\000c\000k\000g\000r\000o\000u\000n\000d}{chapter.44}% 42
\BOOKMARK [1][-]{section.46}{\376\377\0003\000.\0002\000\040\000A\000p\000r\000o\000x\000i\000m\000a\000c\000i\000o\000n\000e\000s\000\040\000d\000e\000\040\000l\000a\000\040\000a\000c\000t\000u\000a\000l\000i\000d\000a\000d}{chapter.44}% 43
\BOOKMARK [1][-]{section.47}{\376\377\0003\000.\0003\000\040\000C\000a\000s\000o\000s\000\040\000d\000e\000\040\000u\000s\000o}{chapter.44}% 44
\BOOKMARK [2][-]{subsection.48}{\376\377\0003\000.\0003\000.\0001\000\040\000A\000n\000a\000l\000i\000s\000i\000s\000\040\000d\000e\000\040\000a\000m\000e\000n\000a\000z\000a\000s}{section.47}% 45
\BOOKMARK [2][-]{subsection.49}{\376\377\0003\000.\0003\000.\0002\000\040\000E\000s\000p\000e\000c\000i\000f\000i\000c\000a\000c\000i\000\363\000n\000\040\000d\000e\000\040\000p\000a\000t\000r\000o\000n\000e\000s\000\040\000d\000e\000\040\000i\000n\000d\000i\000c\000a\000d\000o\000r\000e\000s}{section.47}% 46
\BOOKMARK [2][-]{subsection.50}{\376\377\0003\000.\0003\000.\0003\000\040\000M\000a\000n\000e\000j\000o\000\040\000d\000e\000\040\000l\000a\000s\000\040\000a\000c\000t\000i\000v\000i\000d\000a\000d\000e\000s\000\040\000d\000e\000\040\000r\000e\000s\000p\000u\000e\000s\000t\000a}{section.47}% 47
\BOOKMARK [2][-]{subsection.51}{\376\377\0003\000.\0003\000.\0004\000\040\000C\000o\000m\000p\000a\000r\000t\000i\000r\000\040\000i\000n\000f\000o\000r\000m\000a\000c\000i\000\363\000n\000\040\000d\000e\000\040\000a\000m\000e\000n\000a\000z\000a\000s}{section.47}% 48
\BOOKMARK [1][-]{section.52}{\376\377\0003\000.\0004\000\040\000P\000r\000i\000n\000c\000i\000p\000i\000o\000s\000\040\000d\000e\000\040\000g\000u\000i\000a}{chapter.44}% 49
\BOOKMARK [2][-]{subsection.53}{\376\377\0003\000.\0004\000.\0001\000\040\000E\000x\000p\000r\000e\000s\000i\000v\000i\000d\000a\000d}{section.52}% 50
\BOOKMARK [2][-]{subsection.54}{\376\377\0003\000.\0004\000.\0002\000\040\000I\000n\000t\000e\000g\000r\000a\000c\000i\000\363\000n\000\040\000e\000n\000\040\000l\000u\000g\000a\000r\000\040\000d\000e\000\040\000d\000u\000p\000l\000i\000c\000a\000c\000i\000\363\000n}{section.52}% 51
\BOOKMARK [2][-]{subsection.55}{\376\377\0003\000.\0004\000.\0003\000\040\000F\000l\000e\000x\000i\000b\000i\000l\000d\000i\000a\000d}{section.52}% 52
\BOOKMARK [2][-]{subsection.56}{\376\377\0003\000.\0004\000.\0004\000\040\000E\000x\000t\000e\000n\000s\000i\000b\000i\000l\000d\000i\000a\000d}{section.52}% 53
\BOOKMARK [2][-]{subsection.57}{\376\377\0003\000.\0004\000.\0005\000\040\000A\000u\000t\000o\000m\000a\000t\000i\000z\000a\000c\000i\000\363\000n}{section.52}% 54
\BOOKMARK [1][-]{section.58}{\376\377\0003\000.\0005\000\040\000A\000r\000q\000u\000i\000t\000e\000c\000t\000u\000r\000a}{chapter.44}% 55
\BOOKMARK [2][-]{subsection.59}{\376\377\0003\000.\0005\000.\0001\000\040\000S\000u\000b\000s\000e\000c\000t\000i\000o\000n\000\040\0001}{section.58}% 56
\BOOKMARK [2][-]{subsection.60}{\376\377\0003\000.\0005\000.\0002\000\040\000S\000u\000b\000s\000e\000c\000t\000i\000o\000n\000\040\0002}{section.58}% 57
\BOOKMARK [1][-]{section.61}{\376\377\0003\000.\0006\000\040\000M\000a\000i\000n\000\040\000S\000e\000c\000t\000i\000o\000n\000\040\0002}{chapter.44}% 58
\BOOKMARK [0][-]{chapter.62}{\376\377\0004\000\040\000S\000T\000I\000X}{}% 59
\BOOKMARK [1][-]{section.63}{\376\377\0004\000.\0001\000\040\000I\000O\000D\000E\000F}{chapter.62}% 60
\BOOKMARK [2][-]{subsection.64}{\376\377\0004\000.\0001\000.\0001\000\040\000M\000o\000d\000e\000l\000o\000\040\000d\000e\000\040\000d\000a\000o\000s\000\040\000d\000e\000\040\000I\000O\000D\000E\000F}{section.63}% 61
\BOOKMARK [2][-]{subsection.65}{\376\377\0004\000.\0001\000.\0002\000\040\000I\000m\000p\000l\000e\000m\000e\000n\000t\000a\000c\000i\000o\000n\000e\000s\000\040\000d\000e\000\040\000I\000D\000M\000E\000F}{section.63}% 62
\BOOKMARK [2][-]{subsection.66}{\376\377\0004\000.\0001\000.\0003\000\040\000I\000n\000t\000e\000r\000n\000a\000c\000i\000o\000n\000a\000l\000i\000z\000a\000c\000i\000\363\000n}{section.63}% 63
\BOOKMARK [2][-]{subsection.67}{\376\377\0004\000.\0001\000.\0004\000\040\000C\000o\000n\000s\000i\000d\000e\000r\000a\000c\000i\000o\000n\000e\000s\000\040\000d\000e\000\040\000S\000e\000g\000u\000r\000i\000d\000a\000d}{section.63}% 64
\BOOKMARK [1][-]{section.68}{\376\377\0004\000.\0002\000\040\000I\000D\000M\000E\000F}{chapter.62}% 65
\BOOKMARK [2][-]{subsection.69}{\376\377\0004\000.\0002\000.\0001\000\040\000M\000o\000d\000e\000l\000o\000\040\000d\000e\000\040\000d\000a\000t\000o\000s\000\040\000d\000e\000\040\000I\000D\000M\000E\000F}{section.68}% 66
\BOOKMARK [2][-]{subsection.70}{\376\377\0004\000.\0002\000.\0002\000\040\000E\000l\000\040\000d\000i\000s\000e\000\361\000o\000\040\000d\000e\000l\000\040\000m\000o\000d\000e\000l\000o\000\040\000d\000e\000\040\000d\000a\000t\000o\000s}{section.68}% 67
\BOOKMARK [0][-]{dummy.71}{\376\377\000B\000i\000b\000l\000i\000o\000g\000r\000a\000f\000\355\000a}{}% 68
