\BOOKMARK [0][-]{chapter.2}{\376\377\0001\000\040\000G\000l\000o\000s\000a\000r\000i\000o}{}% 1
\BOOKMARK [0][-]{chapter.3}{\376\377\0002\000\040\000I\000n\000t\000r\000o\000d\000u\000c\000c\000i\000\363\000n}{}% 2
\BOOKMARK [1][-]{section.4}{\376\377\0002\000.\0001\000\040\000I\000n\000t\000r\000o\000d\000u\000c\000c\000i\000\363\000n}{chapter.3}% 3
\BOOKMARK [0][-]{chapter.6}{\376\377\0003\000\040\000R\000T\000I\000R}{}% 4
\BOOKMARK [1][-]{section.7}{\376\377\0003\000.\0001\000\040\000Q\000u\000e\000\040\000e\000s\000\040\000R\000T\000I\000R}{chapter.6}% 5
\BOOKMARK [0][-]{chapter.8}{\376\377\0004\000\040\000M\000\351\000t\000o\000d\000o\000s\000\040\000a\000c\000t\000u\000a\000l\000e\000s}{}% 6
\BOOKMARK [1][-]{section.9}{\376\377\0004\000.\0001\000\040\000I\000D\000M\000E\000F}{chapter.8}% 7
\BOOKMARK [2][-]{subsection.10}{\376\377\0004\000.\0001\000.\0001\000\040\000M\000o\000d\000e\000l\000o\000\040\000d\000e\000\040\000d\000a\000t\000o\000s\000\040\000d\000e\000\040\000I\000D\000M\000E\000F}{section.9}% 8
\BOOKMARK [2][-]{subsection.11}{\376\377\0004\000.\0001\000.\0002\000\040\000E\000l\000\040\000d\000i\000s\000e\000\361\000o\000\040\000d\000e\000l\000\040\000m\000o\000d\000e\000l\000o\000\040\000d\000e\000\040\000d\000a\000t\000o\000s}{section.9}% 9
\BOOKMARK [3][-]{subsubsection.12}{\376\377\0004\000.\0001\000.\0002\000.\0001\000\040\000R\000e\000p\000r\000e\000s\000e\000n\000t\000a\000c\000i\000\363\000n\000\040\000d\000e\000\040\000e\000v\000e\000n\000t\000o\000s}{subsection.11}% 10
\BOOKMARK [3][-]{subsubsection.13}{\376\377\0004\000.\0001\000.\0002\000.\0002\000\040\000E\000n\000f\000o\000c\000a\000d\000a\000\040\000a\000l\000\040\000c\000o\000n\000t\000e\000n\000i\000d\000o}{subsection.11}% 11
\BOOKMARK [3][-]{subsubsection.14}{\376\377\0004\000.\0001\000.\0002\000.\0003\000\040\000R\000e\000l\000a\000c\000i\000\363\000n\000\040\000e\000n\000t\000r\000e\000\040\000a\000l\000e\000r\000t\000a\000s}{subsection.11}% 12
\BOOKMARK [1][-]{section.15}{\376\377\0004\000.\0002\000\040\000I\000O\000D\000E\000F}{chapter.8}% 13
\BOOKMARK [2][-]{subsection.16}{\376\377\0004\000.\0002\000.\0001\000\040\000M\000o\000d\000e\000l\000o\000\040\000d\000e\000\040\000d\000a\000t\000o\000s\000\040\000d\000e\000\040\000I\000O\000D\000E\000F}{section.15}% 14
\BOOKMARK [2][-]{subsection.17}{\376\377\0004\000.\0002\000.\0002\000\040\000I\000m\000p\000l\000e\000m\000e\000n\000t\000a\000c\000i\000o\000n\000e\000s\000\040\000d\000e\000\040\000I\000O\000D\000E\000F}{section.15}% 15
\BOOKMARK [2][-]{subsection.18}{\376\377\0004\000.\0002\000.\0003\000\040\000I\000n\000t\000e\000r\000n\000a\000c\000i\000o\000n\000a\000l\000i\000z\000a\000c\000i\000\363\000n}{section.15}% 16
\BOOKMARK [2][-]{subsection.19}{\376\377\0004\000.\0002\000.\0004\000\040\000C\000o\000n\000s\000i\000d\000e\000r\000a\000c\000i\000o\000n\000e\000s\000\040\000d\000e\000\040\000S\000e\000g\000u\000r\000i\000d\000a\000d}{section.15}% 17
\BOOKMARK [1][-]{section.20}{\376\377\0004\000.\0003\000\040\000P\000r\000o\000t\000o\000c\000o\000l\000o\000\040\000R\000I\000D}{chapter.8}% 18
\BOOKMARK [0][-]{chapter.21}{\376\377\0005\000\040\000S\000T\000I\000X}{}% 19
\BOOKMARK [1][-]{section.22}{\376\377\0005\000.\0001\000\040\000B\000a\000c\000k\000g\000r\000o\000u\000n\000d}{chapter.21}% 20
\BOOKMARK [1][-]{section.23}{\376\377\0005\000.\0002\000\040\000A\000p\000r\000o\000x\000i\000m\000a\000c\000i\000o\000n\000e\000s\000\040\000d\000e\000\040\000l\000a\000\040\000a\000c\000t\000u\000a\000l\000i\000d\000a\000d}{chapter.21}% 21
\BOOKMARK [1][-]{section.24}{\376\377\0005\000.\0003\000\040\000C\000a\000s\000o\000s\000\040\000d\000e\000\040\000u\000s\000o}{chapter.21}% 22
\BOOKMARK [2][-]{subsection.25}{\376\377\0005\000.\0003\000.\0001\000\040\000A\000n\000\341\000l\000i\000s\000i\000s\000\040\000d\000e\000\040\000a\000m\000e\000n\000a\000z\000a\000s}{section.24}% 23
\BOOKMARK [2][-]{subsection.26}{\376\377\0005\000.\0003\000.\0002\000\040\000E\000s\000p\000e\000c\000i\000f\000i\000c\000a\000c\000i\000\363\000n\000\040\000d\000e\000\040\000p\000a\000t\000r\000o\000n\000e\000s\000\040\000d\000e\000\040\000i\000n\000d\000i\000c\000a\000d\000o\000r\000e\000s}{section.24}% 24
\BOOKMARK [2][-]{subsection.27}{\376\377\0005\000.\0003\000.\0003\000\040\000M\000a\000n\000e\000j\000o\000\040\000d\000e\000\040\000l\000a\000s\000\040\000a\000c\000t\000i\000v\000i\000d\000a\000d\000e\000s\000\040\000d\000e\000\040\000r\000e\000s\000p\000u\000e\000s\000t\000a}{section.24}% 25
\BOOKMARK [3][-]{subsubsection.28}{\376\377\0005\000.\0003\000.\0003\000.\0001\000\040\000P\000r\000e\000v\000e\000n\000c\000i\000\363\000n\000\040\000d\000e\000\040\000a\000m\000e\000n\000a\000z\000a\000s}{subsection.27}% 26
\BOOKMARK [3][-]{subsubsection.29}{\376\377\0005\000.\0003\000.\0003\000.\0002\000\040\000D\000e\000t\000e\000c\000c\000i\000\363\000n\000\040\000d\000e\000\040\000a\000m\000e\000n\000a\000z\000a\000s}{subsection.27}% 27
\BOOKMARK [3][-]{subsubsection.30}{\376\377\0005\000.\0003\000.\0003\000.\0003\000\040\000R\000e\000s\000p\000u\000e\000s\000t\000a\000\040\000a\000\040\000i\000n\000c\000i\000d\000e\000n\000t\000e\000s}{subsection.27}% 28
\BOOKMARK [2][-]{subsection.31}{\376\377\0005\000.\0003\000.\0004\000\040\000C\000o\000m\000p\000a\000r\000t\000i\000r\000\040\000i\000n\000f\000o\000r\000m\000a\000c\000i\000\363\000n\000\040\000d\000e\000\040\000a\000m\000e\000n\000a\000z\000a\000s}{section.24}% 29
\BOOKMARK [1][-]{section.32}{\376\377\0005\000.\0004\000\040\000P\000r\000i\000n\000c\000i\000p\000i\000o\000s\000\040\000d\000e\000\040\000g\000u\000\355\000a}{chapter.21}% 30
\BOOKMARK [2][-]{subsection.33}{\376\377\0005\000.\0004\000.\0001\000\040\000E\000x\000p\000r\000e\000s\000i\000v\000i\000d\000a\000d}{section.32}% 31
\BOOKMARK [2][-]{subsection.34}{\376\377\0005\000.\0004\000.\0002\000\040\000I\000n\000t\000e\000g\000r\000a\000c\000i\000\363\000n\000\040\000e\000n\000\040\000l\000u\000g\000a\000r\000\040\000d\000e\000\040\000d\000u\000p\000l\000i\000c\000a\000c\000i\000\363\000n}{section.32}% 32
\BOOKMARK [2][-]{subsection.35}{\376\377\0005\000.\0004\000.\0003\000\040\000F\000l\000e\000x\000i\000b\000i\000l\000i\000d\000a\000d}{section.32}% 33
\BOOKMARK [2][-]{subsection.36}{\376\377\0005\000.\0004\000.\0004\000\040\000E\000x\000t\000e\000n\000s\000i\000b\000i\000l\000i\000d\000a\000d}{section.32}% 34
\BOOKMARK [2][-]{subsection.37}{\376\377\0005\000.\0004\000.\0005\000\040\000A\000u\000t\000o\000m\000a\000t\000i\000z\000a\000c\000i\000\363\000n}{section.32}% 35
\BOOKMARK [2][-]{subsection.38}{\376\377\0005\000.\0004\000.\0006\000\040\000L\000e\000c\000t\000u\000r\000a}{section.32}% 36
\BOOKMARK [1][-]{section.39}{\376\377\0005\000.\0005\000\040\000I\000m\000p\000l\000e\000m\000e\000n\000t\000a\000c\000i\000\363\000n}{chapter.21}% 37
\BOOKMARK [0][-]{chapter.40}{\376\377\0006\000\040\000T\000A\000X\000I\000I}{}% 38
\BOOKMARK [1][-]{section.41}{\376\377\0006\000.\0001\000\040\000B\000a\000c\000k\000g\000r\000o\000u\000n\000d}{chapter.40}% 39
\BOOKMARK [2][-]{subsection.42}{\376\377\0006\000.\0001\000.\0001\000\040\000F\000u\000n\000d\000a\000m\000e\000n\000t\000o\000s}{section.41}% 40
\BOOKMARK [2][-]{subsection.43}{\376\377\0006\000.\0001\000.\0002\000\040\000C\000o\000m\000u\000n\000i\000d\000a\000d\000e\000s}{section.41}% 41
\BOOKMARK [2][-]{subsection.44}{\376\377\0006\000.\0001\000.\0003\000\040\000M\000o\000d\000e\000l\000o\000s}{section.41}% 42
\BOOKMARK [2][-]{subsection.45}{\376\377\0006\000.\0001\000.\0004\000\040\000M\000\351\000t\000o\000d\000o\000s\000\040\000p\000a\000r\000a\000\040\000e\000l\000\040\000i\000n\000t\000e\000r\000c\000a\000m\000b\000i\000o\000\040\000d\000e\000\040\000i\000n\000f\000o\000r\000m\000a\000c\000i\000\363\000n}{section.41}% 43
\BOOKMARK [2][-]{subsection.46}{\376\377\0006\000.\0001\000.\0005\000\040\000I\000n\000f\000o\000r\000m\000a\000c\000i\000\363\000n\000\040\000c\000o\000m\000p\000a\000r\000t\000i\000d\000a}{section.41}% 44
\BOOKMARK [3][-]{subsubsection.47}{\376\377\0006\000.\0001\000.\0005\000.\0001\000\040\000L\000i\000m\000i\000t\000a\000c\000i\000o\000n\000e\000s}{subsection.46}% 45
\BOOKMARK [3][-]{subsubsection.48}{\376\377\0006\000.\0001\000.\0005\000.\0002\000\040\000M\000o\000t\000i\000v\000a\000c\000i\000\363\000n}{subsection.46}% 46
\BOOKMARK [2][-]{subsection.49}{\376\377\0006\000.\0001\000.\0006\000\040\000Q\000u\000e\000\040\000e\000s\000\040\000T\000A\000X\000I\000I}{section.41}% 47
\BOOKMARK [2][-]{subsection.51}{\376\377\0006\000.\0001\000.\0007\000\040\000O\000b\000j\000e\000t\000i\000v\000o\000s\000\040\000d\000e\000\040\000T\000A\000X\000I\000I}{section.41}% 48
\BOOKMARK [2][-]{subsection.52}{\376\377\0006\000.\0001\000.\0008\000\040\000R\000e\000p\000r\000e\000s\000e\000n\000t\000a\000c\000i\000\363\000n\000\040\000e\000s\000t\000\341\000n\000d\000a\000r\000\040\000d\000e\000\040\000l\000a\000\040\000i\000n\000f\000o\000r\000m\000a\000c\000i\000\363\000n}{section.41}% 49
\BOOKMARK [2][-]{subsection.53}{\376\377\0006\000.\0001\000.\0009\000\040\000U\000n\000\040\000f\000r\000a\000m\000e\000w\000o\000r\000k\000\040\000d\000e\000\040\000I\000n\000t\000e\000r\000c\000a\000m\000b\000i\000o}{section.41}% 50
\BOOKMARK [2][-]{subsection.54}{\376\377\0006\000.\0001\000.\0001\0000\000\040\000C\000a\000s\000o\000s\000\040\000d\000e\000\040\000U\000s\000o}{section.41}% 51
\BOOKMARK [3][-]{subsubsection.55}{\376\377\0006\000.\0001\000.\0001\0000\000.\0001\000\040\000T\000r\000a\000n\000s\000f\000e\000r\000e\000n\000c\000i\000a}{subsection.54}% 52
\BOOKMARK [1][-]{section.56}{\376\377\0006\000.\0002\000\040\000C\000o\000m\000p\000o\000n\000e\000n\000t\000e\000s\000\040\000d\000e\000\040\000T\000A\000X\000I\000I}{chapter.40}% 53
\BOOKMARK [2][-]{subsection.57}{\376\377\0006\000.\0002\000.\0001\000\040\000T\000A\000X\000I\000I\000\040\000T\000o\000o\000l\000k\000i\000t}{section.56}% 54
\BOOKMARK [2][-]{subsection.59}{\376\377\0006\000.\0002\000.\0002\000\040\000E\000s\000p\000e\000c\000i\000f\000i\000c\000a\000c\000i\000\363\000n\000\040\000d\000e\000\040\000S\000e\000r\000v\000i\000c\000i\000o\000s}{section.56}% 55
\BOOKMARK [3][-]{subsubsection.60}{\376\377\0006\000.\0002\000.\0002\000.\0001\000\040\000U\000n\000i\000d\000a\000d\000e\000s\000\040\000f\000u\000n\000c\000i\000o\000n\000a\000l\000e\000s\000\040\000d\000e\000\040\000T\000A\000X\000I\000I}{subsection.59}% 56
\BOOKMARK [3][-]{subsubsection.62}{\376\377\0006\000.\0002\000.\0002\000.\0002\000\040\000R\000o\000l\000e\000s\000\040\000e\000n\000\040\000T\000A\000X\000I\000I}{subsection.59}% 57
\BOOKMARK [3][-]{subsubsection.63}{\376\377\0006\000.\0002\000.\0002\000.\0003\000\040\000C\000o\000m\000p\000o\000n\000e\000n\000t\000e\000s\000\040\000d\000e\000\040\000r\000e\000d}{subsection.59}% 58
\BOOKMARK [2][-]{subsection.64}{\376\377\0006\000.\0002\000.\0003\000\040\000C\000a\000p\000a\000c\000i\000d\000a\000d\000e\000s}{section.56}% 59
\BOOKMARK [3][-]{subsubsection.65}{\376\377\0006\000.\0002\000.\0003\000.\0001\000\040\000P\000u\000s\000h\000\040\000M\000e\000s\000s\000a\000g\000i\000n\000g}{subsection.64}% 60
\BOOKMARK [3][-]{subsubsection.66}{\376\377\0006\000.\0002\000.\0003\000.\0002\000\040\000P\000u\000l\000l\000\040\000M\000e\000s\000s\000a\000g\000i\000n\000g}{subsection.64}% 61
\BOOKMARK [3][-]{subsubsection.67}{\376\377\0006\000.\0002\000.\0003\000.\0003\000\040\000D\000i\000s\000c\000o\000v\000e\000r\000y}{subsection.64}% 62
\BOOKMARK [2][-]{subsection.68}{\376\377\0006\000.\0002\000.\0004\000\040\000S\000e\000r\000v\000i\000c\000i\000o\000s\000\040\000T\000A\000X\000I\000I}{section.56}% 63
\BOOKMARK [3][-]{subsubsection.69}{\376\377\0006\000.\0002\000.\0004\000.\0001\000\040\000D\000i\000s\000c\000o\000v\000e\000r\000y\000\040\000S\000e\000r\000v\000i\000c\000e}{subsection.68}% 64
\BOOKMARK [3][-]{subsubsection.70}{\376\377\0006\000.\0002\000.\0004\000.\0002\000\040\000F\000e\000e\000d\000\040\000M\000a\000n\000a\000g\000m\000e\000n\000t\000\040\000S\000e\000r\000v\000i\000c\000e}{subsection.68}% 65
\BOOKMARK [3][-]{subsubsection.71}{\376\377\0006\000.\0002\000.\0004\000.\0003\000\040\000I\000n\000b\000o\000x\000\040\000s\000e\000r\000v\000i\000c\000e}{subsection.68}% 66
\BOOKMARK [3][-]{subsubsection.72}{\376\377\0006\000.\0002\000.\0004\000.\0004\000\040\000P\000o\000l\000l\000\040\000s\000e\000r\000v\000i\000c\000e}{subsection.68}% 67
\BOOKMARK [1][-]{section.73}{\376\377\0006\000.\0003\000\040\000I\000n\000t\000e\000r\000c\000a\000m\000b\000i\000o\000\040\000m\000e\000n\000s\000a\000j\000e\000s\000\040\000T\000A\000X\000I\000I}{chapter.40}% 68
\BOOKMARK [2][-]{subsection.74}{\376\377\0006\000.\0003\000.\0001\000\040\000D\000a\000t\000a\000\040\000P\000u\000s\000h\000\040\000E\000x\000c\000h\000a\000n\000g\000e}{section.73}% 69
\BOOKMARK [2][-]{subsection.76}{\376\377\0006\000.\0003\000.\0002\000\040\000D\000i\000s\000c\000o\000v\000e\000r\000y\000\040\000E\000x\000c\000h\000a\000n\000g\000e}{section.73}% 70
\BOOKMARK [2][-]{subsection.78}{\376\377\0006\000.\0003\000.\0003\000\040\000F\000e\000e\000d\000\040\000I\000n\000f\000o\000r\000m\000a\000t\000i\000o\000n\000\040\000E\000x\000c\000h\000a\000n\000g\000e}{section.73}% 71
\BOOKMARK [2][-]{subsection.80}{\376\377\0006\000.\0003\000.\0004\000\040\000S\000u\000b\000s\000c\000r\000i\000p\000t\000i\000o\000n\000\040\000M\000a\000n\000a\000g\000m\000e\000n\000t\000\040\000E\000x\000c\000h\000a\000n\000g\000e}{section.73}% 72
\BOOKMARK [2][-]{subsection.82}{\376\377\0006\000.\0003\000.\0005\000\040\000F\000e\000e\000d\000\040\000P\000o\000l\000l\000\040\000E\000x\000c\000h\000a\000n\000g\000e}{section.73}% 73
\BOOKMARK [1][-]{section.84}{\376\377\0006\000.\0004\000\040\000U\000s\000o\000\040\000d\000e\000\040\000T\000A\000X\000I\000I}{chapter.40}% 74
\BOOKMARK [2][-]{subsection.85}{\376\377\0006\000.\0004\000.\0001\000\040\000S\000o\000u\000r\000c\000e\000/\000S\000u\000s\000c\000r\000i\000b\000e\000r}{section.84}% 75
\BOOKMARK [2][-]{subsection.87}{\376\377\0006\000.\0004\000.\0002\000\040\000P\000e\000e\000r\000-\000t\000o\000-\000p\000e\000e\000r}{section.84}% 76
\BOOKMARK [2][-]{subsection.89}{\376\377\0006\000.\0004\000.\0003\000\040\000H\000u\000b\000\040\000a\000n\000d\000\040\000S\000p\000o\000k\000e}{section.84}% 77
\BOOKMARK [0][-]{dummy.91}{\376\377\000B\000i\000b\000l\000i\000o\000g\000r\000a\000f\000\355\000a}{}% 78
