This is pdfTeX, Version 3.1415926-2.4-1.40.13 (TeX Live 2012) (format=pdflatex 2012.6.30)  1 JUN 2014 17:54
entering extended mode
 restricted \write18 enabled.
 file:line:error style messages enabled.
 %&-line parsing enabled.
**Analisis2.2
(./Analisis2.2.tex
LaTeX2e <2011/06/27>
Babel <v3.8m> and hyphenation patterns for english, dumylang, nohyphenation, ge
rman-x-2012-05-30, ngerman-x-2012-05-30, afrikaans, ancientgreek, ibycus, arabi
c, armenian, basque, bulgarian, catalan, pinyin, coptic, croatian, czech, danis
h, dutch, ukenglish, usenglishmax, esperanto, estonian, ethiopic, farsi, finnis
h, french, friulan, galician, german, ngerman, swissgerman, monogreek, greek, h
ungarian, icelandic, assamese, bengali, gujarati, hindi, kannada, malayalam, ma
rathi, oriya, panjabi, tamil, telugu, indonesian, interlingua, irish, italian, 
kurmanji, latin, latvian, lithuanian, mongolian, mongolianlmc, bokmal, nynorsk,
 polish, portuguese, romanian, romansh, russian, sanskrit, serbian, serbianc, s
lovak, slovenian, spanish, swedish, turkish, turkmen, ukrainian, uppersorbian, 
welsh, loaded.
(/usr/local/texlive/2012/texmf-dist/tex/latex/base/article.cls
Document Class: article 2007/10/19 v1.4h Standard LaTeX document class
(/usr/local/texlive/2012/texmf-dist/tex/latex/base/size11.clo
File: size11.clo 2007/10/19 v1.4h Standard LaTeX file (size option)
)
\c@part=\count79
\c@section=\count80
\c@subsection=\count81
\c@subsubsection=\count82
\c@paragraph=\count83
\c@subparagraph=\count84
\c@figure=\count85
\c@table=\count86
\abovecaptionskip=\skip41
\belowcaptionskip=\skip42
\bibindent=\dimen102
)
(/usr/local/texlive/2012/texmf-dist/tex/latex/base/inputenc.sty
Package: inputenc 2008/03/30 v1.1d Input encoding file
\inpenc@prehook=\toks14
\inpenc@posthook=\toks15

(/usr/local/texlive/2012/texmf-dist/tex/latex/base/utf8.def
File: utf8.def 2008/04/05 v1.1m UTF-8 support for inputenc
Now handling font encoding OML ...
... no UTF-8 mapping file for font encoding OML
Now handling font encoding T1 ...
... processing UTF-8 mapping file for font encoding T1

(/usr/local/texlive/2012/texmf-dist/tex/latex/base/t1enc.dfu
File: t1enc.dfu 2008/04/05 v1.1m UTF-8 support for inputenc
   defining Unicode char U+00A1 (decimal 161)
   defining Unicode char U+00A3 (decimal 163)
   defining Unicode char U+00AB (decimal 171)
   defining Unicode char U+00BB (decimal 187)
   defining Unicode char U+00BF (decimal 191)
   defining Unicode char U+00C0 (decimal 192)
   defining Unicode char U+00C1 (decimal 193)
   defining Unicode char U+00C2 (decimal 194)
   defining Unicode char U+00C3 (decimal 195)
   defining Unicode char U+00C4 (decimal 196)
   defining Unicode char U+00C5 (decimal 197)
   defining Unicode char U+00C6 (decimal 198)
   defining Unicode char U+00C7 (decimal 199)
   defining Unicode char U+00C8 (decimal 200)
   defining Unicode char U+00C9 (decimal 201)
   defining Unicode char U+00CA (decimal 202)
   defining Unicode char U+00CB (decimal 203)
   defining Unicode char U+00CC (decimal 204)
   defining Unicode char U+00CD (decimal 205)
   defining Unicode char U+00CE (decimal 206)
   defining Unicode char U+00CF (decimal 207)
   defining Unicode char U+00D0 (decimal 208)
   defining Unicode char U+00D1 (decimal 209)
   defining Unicode char U+00D2 (decimal 210)
   defining Unicode char U+00D3 (decimal 211)
   defining Unicode char U+00D4 (decimal 212)
   defining Unicode char U+00D5 (decimal 213)
   defining Unicode char U+00D6 (decimal 214)
   defining Unicode char U+00D8 (decimal 216)
   defining Unicode char U+00D9 (decimal 217)
   defining Unicode char U+00DA (decimal 218)
   defining Unicode char U+00DB (decimal 219)
   defining Unicode char U+00DC (decimal 220)
   defining Unicode char U+00DD (decimal 221)
   defining Unicode char U+00DE (decimal 222)
   defining Unicode char U+00DF (decimal 223)
   defining Unicode char U+00E0 (decimal 224)
   defining Unicode char U+00E1 (decimal 225)
   defining Unicode char U+00E2 (decimal 226)
   defining Unicode char U+00E3 (decimal 227)
   defining Unicode char U+00E4 (decimal 228)
   defining Unicode char U+00E5 (decimal 229)
   defining Unicode char U+00E6 (decimal 230)
   defining Unicode char U+00E7 (decimal 231)
   defining Unicode char U+00E8 (decimal 232)
   defining Unicode char U+00E9 (decimal 233)
   defining Unicode char U+00EA (decimal 234)
   defining Unicode char U+00EB (decimal 235)
   defining Unicode char U+00EC (decimal 236)
   defining Unicode char U+00ED (decimal 237)
   defining Unicode char U+00EE (decimal 238)
   defining Unicode char U+00EF (decimal 239)
   defining Unicode char U+00F0 (decimal 240)
   defining Unicode char U+00F1 (decimal 241)
   defining Unicode char U+00F2 (decimal 242)
   defining Unicode char U+00F3 (decimal 243)
   defining Unicode char U+00F4 (decimal 244)
   defining Unicode char U+00F5 (decimal 245)
   defining Unicode char U+00F6 (decimal 246)
   defining Unicode char U+00F8 (decimal 248)
   defining Unicode char U+00F9 (decimal 249)
   defining Unicode char U+00FA (decimal 250)
   defining Unicode char U+00FB (decimal 251)
   defining Unicode char U+00FC (decimal 252)
   defining Unicode char U+00FD (decimal 253)
   defining Unicode char U+00FE (decimal 254)
   defining Unicode char U+00FF (decimal 255)
   defining Unicode char U+0102 (decimal 258)
   defining Unicode char U+0103 (decimal 259)
   defining Unicode char U+0104 (decimal 260)
   defining Unicode char U+0105 (decimal 261)
   defining Unicode char U+0106 (decimal 262)
   defining Unicode char U+0107 (decimal 263)
   defining Unicode char U+010C (decimal 268)
   defining Unicode char U+010D (decimal 269)
   defining Unicode char U+010E (decimal 270)
   defining Unicode char U+010F (decimal 271)
   defining Unicode char U+0110 (decimal 272)
   defining Unicode char U+0111 (decimal 273)
   defining Unicode char U+0118 (decimal 280)
   defining Unicode char U+0119 (decimal 281)
   defining Unicode char U+011A (decimal 282)
   defining Unicode char U+011B (decimal 283)
   defining Unicode char U+011E (decimal 286)
   defining Unicode char U+011F (decimal 287)
   defining Unicode char U+0130 (decimal 304)
   defining Unicode char U+0131 (decimal 305)
   defining Unicode char U+0132 (decimal 306)
   defining Unicode char U+0133 (decimal 307)
   defining Unicode char U+0139 (decimal 313)
   defining Unicode char U+013A (decimal 314)
   defining Unicode char U+013D (decimal 317)
   defining Unicode char U+013E (decimal 318)
   defining Unicode char U+0141 (decimal 321)
   defining Unicode char U+0142 (decimal 322)
   defining Unicode char U+0143 (decimal 323)
   defining Unicode char U+0144 (decimal 324)
   defining Unicode char U+0147 (decimal 327)
   defining Unicode char U+0148 (decimal 328)
   defining Unicode char U+014A (decimal 330)
   defining Unicode char U+014B (decimal 331)
   defining Unicode char U+0150 (decimal 336)
   defining Unicode char U+0151 (decimal 337)
   defining Unicode char U+0152 (decimal 338)
   defining Unicode char U+0153 (decimal 339)
   defining Unicode char U+0154 (decimal 340)
   defining Unicode char U+0155 (decimal 341)
   defining Unicode char U+0158 (decimal 344)
   defining Unicode char U+0159 (decimal 345)
   defining Unicode char U+015A (decimal 346)
   defining Unicode char U+015B (decimal 347)
   defining Unicode char U+015E (decimal 350)
   defining Unicode char U+015F (decimal 351)
   defining Unicode char U+0160 (decimal 352)
   defining Unicode char U+0161 (decimal 353)
   defining Unicode char U+0162 (decimal 354)
   defining Unicode char U+0163 (decimal 355)
   defining Unicode char U+0164 (decimal 356)
   defining Unicode char U+0165 (decimal 357)
   defining Unicode char U+016E (decimal 366)
   defining Unicode char U+016F (decimal 367)
   defining Unicode char U+0170 (decimal 368)
   defining Unicode char U+0171 (decimal 369)
   defining Unicode char U+0178 (decimal 376)
   defining Unicode char U+0179 (decimal 377)
   defining Unicode char U+017A (decimal 378)
   defining Unicode char U+017B (decimal 379)
   defining Unicode char U+017C (decimal 380)
   defining Unicode char U+017D (decimal 381)
   defining Unicode char U+017E (decimal 382)
   defining Unicode char U+200C (decimal 8204)
   defining Unicode char U+2013 (decimal 8211)
   defining Unicode char U+2014 (decimal 8212)
   defining Unicode char U+2018 (decimal 8216)
   defining Unicode char U+2019 (decimal 8217)
   defining Unicode char U+201A (decimal 8218)
   defining Unicode char U+201C (decimal 8220)
   defining Unicode char U+201D (decimal 8221)
   defining Unicode char U+201E (decimal 8222)
   defining Unicode char U+2030 (decimal 8240)
   defining Unicode char U+2031 (decimal 8241)
   defining Unicode char U+2039 (decimal 8249)
   defining Unicode char U+203A (decimal 8250)
   defining Unicode char U+2423 (decimal 9251)
)
Now handling font encoding OT1 ...
... processing UTF-8 mapping file for font encoding OT1

(/usr/local/texlive/2012/texmf-dist/tex/latex/base/ot1enc.dfu
File: ot1enc.dfu 2008/04/05 v1.1m UTF-8 support for inputenc
   defining Unicode char U+00A1 (decimal 161)
   defining Unicode char U+00A3 (decimal 163)
   defining Unicode char U+00B8 (decimal 184)
   defining Unicode char U+00BF (decimal 191)
   defining Unicode char U+00C5 (decimal 197)
   defining Unicode char U+00C6 (decimal 198)
   defining Unicode char U+00D8 (decimal 216)
   defining Unicode char U+00DF (decimal 223)
   defining Unicode char U+00E6 (decimal 230)
   defining Unicode char U+00EC (decimal 236)
   defining Unicode char U+00ED (decimal 237)
   defining Unicode char U+00EE (decimal 238)
   defining Unicode char U+00EF (decimal 239)
   defining Unicode char U+00F8 (decimal 248)
   defining Unicode char U+0131 (decimal 305)
   defining Unicode char U+0141 (decimal 321)
   defining Unicode char U+0142 (decimal 322)
   defining Unicode char U+0152 (decimal 338)
   defining Unicode char U+0153 (decimal 339)
   defining Unicode char U+2013 (decimal 8211)
   defining Unicode char U+2014 (decimal 8212)
   defining Unicode char U+2018 (decimal 8216)
   defining Unicode char U+2019 (decimal 8217)
   defining Unicode char U+201C (decimal 8220)
   defining Unicode char U+201D (decimal 8221)
)
Now handling font encoding OMS ...
... processing UTF-8 mapping file for font encoding OMS

(/usr/local/texlive/2012/texmf-dist/tex/latex/base/omsenc.dfu
File: omsenc.dfu 2008/04/05 v1.1m UTF-8 support for inputenc
   defining Unicode char U+00A7 (decimal 167)
   defining Unicode char U+00B6 (decimal 182)
   defining Unicode char U+00B7 (decimal 183)
   defining Unicode char U+2020 (decimal 8224)
   defining Unicode char U+2021 (decimal 8225)
   defining Unicode char U+2022 (decimal 8226)
)
Now handling font encoding OMX ...
... no UTF-8 mapping file for font encoding OMX
Now handling font encoding U ...
... no UTF-8 mapping file for font encoding U
   defining Unicode char U+00A9 (decimal 169)
   defining Unicode char U+00AA (decimal 170)
   defining Unicode char U+00AE (decimal 174)
   defining Unicode char U+00BA (decimal 186)
   defining Unicode char U+02C6 (decimal 710)
   defining Unicode char U+02DC (decimal 732)
   defining Unicode char U+200C (decimal 8204)
   defining Unicode char U+2026 (decimal 8230)
   defining Unicode char U+2122 (decimal 8482)
   defining Unicode char U+2423 (decimal 9251)
))
(/usr/local/texlive/2012/texmf-dist/tex/latex/base/fontenc.sty
Package: fontenc 2005/09/27 v1.99g Standard LaTeX package

(/usr/local/texlive/2012/texmf-dist/tex/latex/base/t1enc.def
File: t1enc.def 2005/09/27 v1.99g Standard LaTeX file
LaTeX Font Info:    Redeclaring font encoding T1 on input line 43.
))
(/usr/local/texlive/2012/texmf-dist/tex/generic/babel/babel.sty
Package: babel 2008/07/08 v3.8m The Babel package

(/usr/local/texlive/2012/texmf-dist/tex/generic/babel/spanish.ldf
Language: spanish.ldf 2011/10/06 v5.0k Spanish support from the babel system

(/usr/local/texlive/2012/texmf-dist/tex/generic/babel/babel.def
File: babel.def 2008/07/08 v3.8m Babel common definitions
\babel@savecnt=\count87
\U@D=\dimen103
)
\es@datefmt=\count88
\es@quottoks=\toks16
\es@quotdepth=\count89
Package babel Info: Making " an active character on input line 496.
Package babel Info: Making . an active character on input line 599.
Package babel Info: Making < an active character on input line 644.
Package babel Info: Making > an active character on input line 644.
)
(/usr/local/texlive/2012/texmf-dist/tex/generic/babel/english.ldf
Language: english 2005/03/30 v3.3o English support from the babel system
\l@canadian = a dialect from \language\l@american 
\l@australian = a dialect from \language\l@british 
\l@newzealand = a dialect from \language\l@british 
))
(/usr/local/texlive/2012/texmf-dist/tex/latex/amsmath/amsmath.sty
Package: amsmath 2000/07/18 v2.13 AMS math features
\@mathmargin=\skip43

For additional information on amsmath, use the `?' option.
(/usr/local/texlive/2012/texmf-dist/tex/latex/amsmath/amstext.sty
Package: amstext 2000/06/29 v2.01

(/usr/local/texlive/2012/texmf-dist/tex/latex/amsmath/amsgen.sty
File: amsgen.sty 1999/11/30 v2.0
\@emptytoks=\toks17
\ex@=\dimen104
))
(/usr/local/texlive/2012/texmf-dist/tex/latex/amsmath/amsbsy.sty
Package: amsbsy 1999/11/29 v1.2d
\pmbraise@=\dimen105
)
(/usr/local/texlive/2012/texmf-dist/tex/latex/amsmath/amsopn.sty
Package: amsopn 1999/12/14 v2.01 operator names
)
\inf@bad=\count90
LaTeX Info: Redefining \frac on input line 211.
\uproot@=\count91
\leftroot@=\count92
LaTeX Info: Redefining \overline on input line 307.
\classnum@=\count93
\DOTSCASE@=\count94
LaTeX Info: Redefining \ldots on input line 379.
LaTeX Info: Redefining \dots on input line 382.
LaTeX Info: Redefining \cdots on input line 467.
\Mathstrutbox@=\box26
\strutbox@=\box27
\big@size=\dimen106
LaTeX Font Info:    Redeclaring font encoding OML on input line 567.
LaTeX Font Info:    Redeclaring font encoding OMS on input line 568.
\macc@depth=\count95
\c@MaxMatrixCols=\count96
\dotsspace@=\muskip10
\c@parentequation=\count97
\dspbrk@lvl=\count98
\tag@help=\toks18
\row@=\count99
\column@=\count100
\maxfields@=\count101
\andhelp@=\toks19
\eqnshift@=\dimen107
\alignsep@=\dimen108
\tagshift@=\dimen109
\tagwidth@=\dimen110
\totwidth@=\dimen111
\lineht@=\dimen112
\@envbody=\toks20
\multlinegap=\skip44
\multlinetaggap=\skip45
\mathdisplay@stack=\toks21
LaTeX Info: Redefining \[ on input line 2666.
LaTeX Info: Redefining \] on input line 2667.
)
(/usr/local/texlive/2012/texmf-dist/tex/latex/amsfonts/amssymb.sty
Package: amssymb 2009/06/22 v3.00

(/usr/local/texlive/2012/texmf-dist/tex/latex/amsfonts/amsfonts.sty
Package: amsfonts 2009/06/22 v3.00 Basic AMSFonts support
\symAMSa=\mathgroup4
\symAMSb=\mathgroup5
LaTeX Font Info:    Overwriting math alphabet `\mathfrak' in version `bold'
(Font)                  U/euf/m/n --> U/euf/b/n on input line 96.
))
(/usr/local/texlive/2012/texmf-dist/tex/latex/base/textcomp.sty
Package: textcomp 2005/09/27 v1.99g Standard LaTeX package
Package textcomp Info: Sub-encoding information:
(textcomp)               5 = only ISO-Adobe without \textcurrency
(textcomp)               4 = 5 + \texteuro
(textcomp)               3 = 4 + \textohm
(textcomp)               2 = 3 + \textestimated + \textcurrency
(textcomp)               1 = TS1 - \textcircled - \t
(textcomp)               0 = TS1 (full)
(textcomp)             Font families with sub-encoding setting implement
(textcomp)             only a restricted character set as indicated.
(textcomp)             Family '?' is the default used for unknown fonts.
(textcomp)             See the documentation for details.
Package textcomp Info: Setting ? sub-encoding to TS1/1 on input line 71.

(/usr/local/texlive/2012/texmf-dist/tex/latex/base/ts1enc.def
File: ts1enc.def 2001/06/05 v3.0e (jk/car/fm) Standard LaTeX file
Now handling font encoding TS1 ...
... processing UTF-8 mapping file for font encoding TS1

(/usr/local/texlive/2012/texmf-dist/tex/latex/base/ts1enc.dfu
File: ts1enc.dfu 2008/04/05 v1.1m UTF-8 support for inputenc
   defining Unicode char U+00A2 (decimal 162)
   defining Unicode char U+00A3 (decimal 163)
   defining Unicode char U+00A4 (decimal 164)
   defining Unicode char U+00A5 (decimal 165)
   defining Unicode char U+00A6 (decimal 166)
   defining Unicode char U+00A7 (decimal 167)
   defining Unicode char U+00A8 (decimal 168)
   defining Unicode char U+00A9 (decimal 169)
   defining Unicode char U+00AA (decimal 170)
   defining Unicode char U+00AC (decimal 172)
   defining Unicode char U+00AE (decimal 174)
   defining Unicode char U+00AF (decimal 175)
   defining Unicode char U+00B0 (decimal 176)
   defining Unicode char U+00B1 (decimal 177)
   defining Unicode char U+00B2 (decimal 178)
   defining Unicode char U+00B3 (decimal 179)
   defining Unicode char U+00B4 (decimal 180)
   defining Unicode char U+00B5 (decimal 181)
   defining Unicode char U+00B6 (decimal 182)
   defining Unicode char U+00B7 (decimal 183)
   defining Unicode char U+00B9 (decimal 185)
   defining Unicode char U+00BA (decimal 186)
   defining Unicode char U+00BC (decimal 188)
   defining Unicode char U+00BD (decimal 189)
   defining Unicode char U+00BE (decimal 190)
   defining Unicode char U+00D7 (decimal 215)
   defining Unicode char U+00F7 (decimal 247)
   defining Unicode char U+0192 (decimal 402)
   defining Unicode char U+02C7 (decimal 711)
   defining Unicode char U+02D8 (decimal 728)
   defining Unicode char U+02DD (decimal 733)
   defining Unicode char U+0E3F (decimal 3647)
   defining Unicode char U+2016 (decimal 8214)
   defining Unicode char U+2020 (decimal 8224)
   defining Unicode char U+2021 (decimal 8225)
   defining Unicode char U+2022 (decimal 8226)
   defining Unicode char U+2030 (decimal 8240)
   defining Unicode char U+2031 (decimal 8241)
   defining Unicode char U+203B (decimal 8251)
   defining Unicode char U+203D (decimal 8253)
   defining Unicode char U+2044 (decimal 8260)
   defining Unicode char U+204E (decimal 8270)
   defining Unicode char U+2052 (decimal 8274)
   defining Unicode char U+20A1 (decimal 8353)
   defining Unicode char U+20A4 (decimal 8356)
   defining Unicode char U+20A6 (decimal 8358)
   defining Unicode char U+20A9 (decimal 8361)
   defining Unicode char U+20AB (decimal 8363)
   defining Unicode char U+20AC (decimal 8364)
   defining Unicode char U+20B1 (decimal 8369)
   defining Unicode char U+2103 (decimal 8451)
   defining Unicode char U+2116 (decimal 8470)
   defining Unicode char U+2117 (decimal 8471)
   defining Unicode char U+211E (decimal 8478)
   defining Unicode char U+2120 (decimal 8480)
   defining Unicode char U+2122 (decimal 8482)
   defining Unicode char U+2126 (decimal 8486)
   defining Unicode char U+2127 (decimal 8487)
   defining Unicode char U+212E (decimal 8494)
   defining Unicode char U+2190 (decimal 8592)
   defining Unicode char U+2191 (decimal 8593)
   defining Unicode char U+2192 (decimal 8594)
   defining Unicode char U+2193 (decimal 8595)
   defining Unicode char U+2329 (decimal 9001)
   defining Unicode char U+232A (decimal 9002)
   defining Unicode char U+2422 (decimal 9250)
   defining Unicode char U+25E6 (decimal 9702)
   defining Unicode char U+25EF (decimal 9711)
   defining Unicode char U+266A (decimal 9834)
))
LaTeX Info: Redefining \oldstylenums on input line 266.
Package textcomp Info: Setting cmr sub-encoding to TS1/0 on input line 281.
Package textcomp Info: Setting cmss sub-encoding to TS1/0 on input line 282.
Package textcomp Info: Setting cmtt sub-encoding to TS1/0 on input line 283.
Package textcomp Info: Setting cmvtt sub-encoding to TS1/0 on input line 284.
Package textcomp Info: Setting cmbr sub-encoding to TS1/0 on input line 285.
Package textcomp Info: Setting cmtl sub-encoding to TS1/0 on input line 286.
Package textcomp Info: Setting ccr sub-encoding to TS1/0 on input line 287.
Package textcomp Info: Setting ptm sub-encoding to TS1/4 on input line 288.
Package textcomp Info: Setting pcr sub-encoding to TS1/4 on input line 289.
Package textcomp Info: Setting phv sub-encoding to TS1/4 on input line 290.
Package textcomp Info: Setting ppl sub-encoding to TS1/3 on input line 291.
Package textcomp Info: Setting pag sub-encoding to TS1/4 on input line 292.
Package textcomp Info: Setting pbk sub-encoding to TS1/4 on input line 293.
Package textcomp Info: Setting pnc sub-encoding to TS1/4 on input line 294.
Package textcomp Info: Setting pzc sub-encoding to TS1/4 on input line 295.
Package textcomp Info: Setting bch sub-encoding to TS1/4 on input line 296.
Package textcomp Info: Setting put sub-encoding to TS1/5 on input line 297.
Package textcomp Info: Setting uag sub-encoding to TS1/5 on input line 298.
Package textcomp Info: Setting ugq sub-encoding to TS1/5 on input line 299.
Package textcomp Info: Setting ul8 sub-encoding to TS1/4 on input line 300.
Package textcomp Info: Setting ul9 sub-encoding to TS1/4 on input line 301.
Package textcomp Info: Setting augie sub-encoding to TS1/5 on input line 302.
Package textcomp Info: Setting dayrom sub-encoding to TS1/3 on input line 303.
Package textcomp Info: Setting dayroms sub-encoding to TS1/3 on input line 304.

Package textcomp Info: Setting pxr sub-encoding to TS1/0 on input line 305.
Package textcomp Info: Setting pxss sub-encoding to TS1/0 on input line 306.
Package textcomp Info: Setting pxtt sub-encoding to TS1/0 on input line 307.
Package textcomp Info: Setting txr sub-encoding to TS1/0 on input line 308.
Package textcomp Info: Setting txss sub-encoding to TS1/0 on input line 309.
Package textcomp Info: Setting txtt sub-encoding to TS1/0 on input line 310.
Package textcomp Info: Setting lmr sub-encoding to TS1/0 on input line 311.
Package textcomp Info: Setting lmdh sub-encoding to TS1/0 on input line 312.
Package textcomp Info: Setting lmss sub-encoding to TS1/0 on input line 313.
Package textcomp Info: Setting lmssq sub-encoding to TS1/0 on input line 314.
Package textcomp Info: Setting lmvtt sub-encoding to TS1/0 on input line 315.
Package textcomp Info: Setting qhv sub-encoding to TS1/0 on input line 316.
Package textcomp Info: Setting qag sub-encoding to TS1/0 on input line 317.
Package textcomp Info: Setting qbk sub-encoding to TS1/0 on input line 318.
Package textcomp Info: Setting qcr sub-encoding to TS1/0 on input line 319.
Package textcomp Info: Setting qcs sub-encoding to TS1/0 on input line 320.
Package textcomp Info: Setting qpl sub-encoding to TS1/0 on input line 321.
Package textcomp Info: Setting qtm sub-encoding to TS1/0 on input line 322.
Package textcomp Info: Setting qzc sub-encoding to TS1/0 on input line 323.
Package textcomp Info: Setting qhvc sub-encoding to TS1/0 on input line 324.
Package textcomp Info: Setting futs sub-encoding to TS1/4 on input line 325.
Package textcomp Info: Setting futx sub-encoding to TS1/4 on input line 326.
Package textcomp Info: Setting futj sub-encoding to TS1/4 on input line 327.
Package textcomp Info: Setting hlh sub-encoding to TS1/3 on input line 328.
Package textcomp Info: Setting hls sub-encoding to TS1/3 on input line 329.
Package textcomp Info: Setting hlst sub-encoding to TS1/3 on input line 330.
Package textcomp Info: Setting hlct sub-encoding to TS1/5 on input line 331.
Package textcomp Info: Setting hlx sub-encoding to TS1/5 on input line 332.
Package textcomp Info: Setting hlce sub-encoding to TS1/5 on input line 333.
Package textcomp Info: Setting hlcn sub-encoding to TS1/5 on input line 334.
Package textcomp Info: Setting hlcw sub-encoding to TS1/5 on input line 335.
Package textcomp Info: Setting hlcf sub-encoding to TS1/5 on input line 336.
Package textcomp Info: Setting pplx sub-encoding to TS1/3 on input line 337.
Package textcomp Info: Setting pplj sub-encoding to TS1/3 on input line 338.
Package textcomp Info: Setting ptmx sub-encoding to TS1/4 on input line 339.
Package textcomp Info: Setting ptmj sub-encoding to TS1/4 on input line 340.
)
(/usr/local/texlive/2012/texmf-dist/tex/latex/tools/array.sty
Package: array 2008/09/09 v2.4c Tabular extension package (FMi)
\col@sep=\dimen113
\extrarowheight=\dimen114
\NC@list=\toks22
\extratabsurround=\skip46
\backup@length=\skip47
)
(/usr/local/texlive/2012/texmf-dist/tex/latex/supertabular/supertabular.sty
Package: supertabular 2004/02/20 v4.1e the supertabular environment
\c@tracingst=\count102
\ST@wd=\dimen115
\ST@rightskip=\skip48
\ST@leftskip=\skip49
\ST@parfillskip=\skip50
\ST@pageleft=\dimen116
\ST@headht=\dimen117
\ST@tailht=\dimen118
\ST@pagesofar=\dimen119
\ST@pboxht=\dimen120
\ST@lineht=\dimen121
\ST@stretchht=\dimen122
\ST@prevht=\dimen123
\ST@toadd=\dimen124
\ST@dimen=\dimen125
\ST@pbox=\box28
)
(/usr/local/texlive/2012/texmf-dist/tex/latex/tools/hhline.sty
Package: hhline 1994/05/23 v2.03 Table rule package (DPC)
)
(/usr/local/texlive/2012/texmf-dist/tex/latex/graphics/graphicx.sty
Package: graphicx 1999/02/16 v1.0f Enhanced LaTeX Graphics (DPC,SPQR)

(/usr/local/texlive/2012/texmf-dist/tex/latex/graphics/keyval.sty
Package: keyval 1999/03/16 v1.13 key=value parser (DPC)
\KV@toks@=\toks23
)
(/usr/local/texlive/2012/texmf-dist/tex/latex/graphics/graphics.sty
Package: graphics 2009/02/05 v1.0o Standard LaTeX Graphics (DPC,SPQR)

(/usr/local/texlive/2012/texmf-dist/tex/latex/graphics/trig.sty
Package: trig 1999/03/16 v1.09 sin cos tan (DPC)
)
(/usr/local/texlive/2012/texmf-dist/tex/latex/latexconfig/graphics.cfg
File: graphics.cfg 2010/04/23 v1.9 graphics configuration of TeX Live
)
Package graphics Info: Driver file: pdftex.def on input line 91.

(/usr/local/texlive/2012/texmf-dist/tex/latex/pdftex-def/pdftex.def
File: pdftex.def 2011/05/27 v0.06d Graphics/color for pdfTeX

(/usr/local/texlive/2012/texmf-dist/tex/generic/oberdiek/infwarerr.sty
Package: infwarerr 2010/04/08 v1.3 Providing info/warning/error messages (HO)
)
(/usr/local/texlive/2012/texmf-dist/tex/generic/oberdiek/ltxcmds.sty
Package: ltxcmds 2011/11/09 v1.22 LaTeX kernel commands for general use (HO)
)
\Gread@gobject=\count103
))
\Gin@req@height=\dimen126
\Gin@req@width=\dimen127
)
\c@Figura=\count104
\c@Tabla=\count105

(./Analisis2.2.aux
LaTeX Info: Redefining \. on input line 11.
LaTeX Info: Redefining \% on input line 11.
LaTeX Info: Redefining \. on input line 20.
LaTeX Info: Redefining \% on input line 20.
LaTeX Info: Redefining \. on input line 28.
LaTeX Info: Redefining \% on input line 28.
LaTeX Info: Redefining \. on input line 36.
LaTeX Info: Redefining \% on input line 36.
LaTeX Info: Redefining \. on input line 44.
LaTeX Info: Redefining \% on input line 44.
LaTeX Info: Redefining \. on input line 52.
LaTeX Info: Redefining \% on input line 52.
LaTeX Info: Redefining \. on input line 60.
LaTeX Info: Redefining \% on input line 60.
LaTeX Info: Redefining \. on input line 68.
LaTeX Info: Redefining \% on input line 68.
LaTeX Info: Redefining \. on input line 76.
LaTeX Info: Redefining \% on input line 76.
LaTeX Info: Redefining \. on input line 84.
LaTeX Info: Redefining \% on input line 84.
LaTeX Info: Redefining \. on input line 92.
LaTeX Info: Redefining \% on input line 92.
LaTeX Info: Redefining \. on input line 100.
LaTeX Info: Redefining \% on input line 100.
LaTeX Info: Redefining \. on input line 108.
LaTeX Info: Redefining \% on input line 108.
LaTeX Info: Redefining \. on input line 116.
LaTeX Info: Redefining \% on input line 116.
LaTeX Info: Redefining \. on input line 124.
LaTeX Info: Redefining \% on input line 124.
LaTeX Info: Redefining \. on input line 132.
LaTeX Info: Redefining \% on input line 132.
LaTeX Info: Redefining \. on input line 140.
LaTeX Info: Redefining \% on input line 140.
LaTeX Info: Redefining \. on input line 148.
LaTeX Info: Redefining \% on input line 148.
LaTeX Info: Redefining \. on input line 156.
LaTeX Info: Redefining \% on input line 156.
LaTeX Info: Redefining \. on input line 164.
LaTeX Info: Redefining \% on input line 164.
LaTeX Info: Redefining \. on input line 172.
LaTeX Info: Redefining \% on input line 172.
LaTeX Info: Redefining \. on input line 188.
LaTeX Info: Redefining \% on input line 188.
LaTeX Info: Redefining \. on input line 196.
LaTeX Info: Redefining \% on input line 196.
LaTeX Info: Redefining \. on input line 204.
LaTeX Info: Redefining \% on input line 204.
LaTeX Info: Redefining \. on input line 212.
LaTeX Info: Redefining \% on input line 212.
LaTeX Info: Redefining \. on input line 229.
LaTeX Info: Redefining \% on input line 229.
LaTeX Info: Redefining \. on input line 237.
LaTeX Info: Redefining \% on input line 237.
LaTeX Info: Redefining \. on input line 246.
LaTeX Info: Redefining \% on input line 246.
LaTeX Info: Redefining \. on input line 254.
LaTeX Info: Redefining \% on input line 254.
LaTeX Info: Redefining \. on input line 262.
LaTeX Info: Redefining \% on input line 262.
LaTeX Info: Redefining \. on input line 270.
LaTeX Info: Redefining \% on input line 270.
LaTeX Info: Redefining \. on input line 278.
LaTeX Info: Redefining \% on input line 278.
LaTeX Info: Redefining \. on input line 286.
LaTeX Info: Redefining \% on input line 286.
LaTeX Info: Redefining \. on input line 295.
LaTeX Info: Redefining \% on input line 295.
LaTeX Info: Redefining \. on input line 303.
LaTeX Info: Redefining \% on input line 303.
LaTeX Info: Redefining \. on input line 311.
LaTeX Info: Redefining \% on input line 311.
LaTeX Info: Redefining \. on input line 319.
LaTeX Info: Redefining \% on input line 319.
LaTeX Info: Redefining \. on input line 327.
LaTeX Info: Redefining \% on input line 327.
LaTeX Info: Redefining \. on input line 335.
LaTeX Info: Redefining \% on input line 335.
LaTeX Info: Redefining \. on input line 351.
LaTeX Info: Redefining \% on input line 351.
LaTeX Info: Redefining \. on input line 361.
LaTeX Info: Redefining \% on input line 361.
LaTeX Info: Redefining \. on input line 369.
LaTeX Info: Redefining \% on input line 369.
LaTeX Info: Redefining \. on input line 377.
LaTeX Info: Redefining \% on input line 377.
LaTeX Info: Redefining \. on input line 385.
LaTeX Info: Redefining \% on input line 385.
LaTeX Info: Redefining \. on input line 393.
LaTeX Info: Redefining \% on input line 393.
LaTeX Info: Redefining \. on input line 401.
LaTeX Info: Redefining \% on input line 401.
LaTeX Info: Redefining \. on input line 409.
LaTeX Info: Redefining \% on input line 409.
LaTeX Info: Redefining \. on input line 417.
LaTeX Info: Redefining \% on input line 417.
LaTeX Info: Redefining \. on input line 427.
LaTeX Info: Redefining \% on input line 427.
LaTeX Info: Redefining \. on input line 435.
LaTeX Info: Redefining \% on input line 435.
LaTeX Info: Redefining \. on input line 443.
LaTeX Info: Redefining \% on input line 443.
LaTeX Info: Redefining \. on input line 451.
LaTeX Info: Redefining \% on input line 451.
LaTeX Info: Redefining \. on input line 459.
LaTeX Info: Redefining \% on input line 459.
LaTeX Info: Redefining \. on input line 467.
LaTeX Info: Redefining \% on input line 467.
LaTeX Info: Redefining \. on input line 483.
LaTeX Info: Redefining \% on input line 483.
LaTeX Info: Redefining \. on input line 499.
LaTeX Info: Redefining \% on input line 499.
LaTeX Info: Redefining \. on input line 515.
LaTeX Info: Redefining \% on input line 515.
LaTeX Info: Redefining \. on input line 524.
LaTeX Info: Redefining \% on input line 524.
LaTeX Info: Redefining \. on input line 532.
LaTeX Info: Redefining \% on input line 532.
LaTeX Info: Redefining \. on input line 540.
LaTeX Info: Redefining \% on input line 540.
LaTeX Info: Redefining \. on input line 548.
LaTeX Info: Redefining \% on input line 548.
LaTeX Info: Redefining \. on input line 556.
LaTeX Info: Redefining \% on input line 556.
LaTeX Info: Redefining \. on input line 564.
LaTeX Info: Redefining \% on input line 564.
LaTeX Info: Redefining \. on input line 580.
LaTeX Info: Redefining \% on input line 580.
LaTeX Info: Redefining \. on input line 596.
LaTeX Info: Redefining \% on input line 596.
LaTeX Info: Redefining \. on input line 612.
LaTeX Info: Redefining \% on input line 612.
LaTeX Info: Redefining \. on input line 621.
LaTeX Info: Redefining \% on input line 621.
LaTeX Info: Redefining \. on input line 629.
LaTeX Info: Redefining \% on input line 629.
LaTeX Info: Redefining \. on input line 637.
LaTeX Info: Redefining \% on input line 637.
LaTeX Info: Redefining \. on input line 645.
LaTeX Info: Redefining \% on input line 645.
LaTeX Info: Redefining \. on input line 653.
LaTeX Info: Redefining \% on input line 653.
LaTeX Info: Redefining \. on input line 661.
LaTeX Info: Redefining \% on input line 661.
LaTeX Info: Redefining \. on input line 677.
LaTeX Info: Redefining \% on input line 677.
LaTeX Info: Redefining \. on input line 693.
LaTeX Info: Redefining \% on input line 693.
LaTeX Info: Redefining \. on input line 709.
LaTeX Info: Redefining \% on input line 709.
LaTeX Info: Redefining \. on input line 718.
LaTeX Info: Redefining \% on input line 718.
LaTeX Info: Redefining \. on input line 726.
LaTeX Info: Redefining \% on input line 726.
LaTeX Info: Redefining \. on input line 734.
LaTeX Info: Redefining \% on input line 734.
LaTeX Info: Redefining \. on input line 742.
LaTeX Info: Redefining \% on input line 742.
LaTeX Info: Redefining \. on input line 750.
LaTeX Info: Redefining \% on input line 750.
LaTeX Info: Redefining \. on input line 758.
LaTeX Info: Redefining \% on input line 758.
LaTeX Info: Redefining \. on input line 774.
LaTeX Info: Redefining \% on input line 774.
LaTeX Info: Redefining \. on input line 783.
LaTeX Info: Redefining \% on input line 783.
LaTeX Info: Redefining \. on input line 791.
LaTeX Info: Redefining \% on input line 791.
LaTeX Info: Redefining \. on input line 799.
LaTeX Info: Redefining \% on input line 799.
LaTeX Info: Redefining \. on input line 807.
LaTeX Info: Redefining \% on input line 807.
LaTeX Info: Redefining \. on input line 815.
LaTeX Info: Redefining \% on input line 815.
LaTeX Info: Redefining \. on input line 823.
LaTeX Info: Redefining \% on input line 823.
LaTeX Info: Redefining \. on input line 831.
LaTeX Info: Redefining \% on input line 831.
LaTeX Info: Redefining \. on input line 839.
LaTeX Info: Redefining \% on input line 839.
LaTeX Info: Redefining \. on input line 848.
LaTeX Info: Redefining \% on input line 848.
LaTeX Info: Redefining \. on input line 856.
LaTeX Info: Redefining \% on input line 856.
LaTeX Info: Redefining \. on input line 864.
LaTeX Info: Redefining \% on input line 864.
LaTeX Info: Redefining \. on input line 872.
LaTeX Info: Redefining \% on input line 872.
LaTeX Info: Redefining \. on input line 880.
LaTeX Info: Redefining \% on input line 880.
LaTeX Info: Redefining \. on input line 888.
LaTeX Info: Redefining \% on input line 888.
LaTeX Info: Redefining \. on input line 904.
LaTeX Info: Redefining \% on input line 904.
LaTeX Info: Redefining \. on input line 913.
LaTeX Info: Redefining \% on input line 913.
LaTeX Info: Redefining \. on input line 921.
LaTeX Info: Redefining \% on input line 921.
LaTeX Info: Redefining \. on input line 929.
LaTeX Info: Redefining \% on input line 929.
LaTeX Info: Redefining \. on input line 937.
LaTeX Info: Redefining \% on input line 937.
LaTeX Info: Redefining \. on input line 945.
LaTeX Info: Redefining \% on input line 945.
LaTeX Info: Redefining \. on input line 953.
LaTeX Info: Redefining \% on input line 953.
LaTeX Info: Redefining \. on input line 969.
LaTeX Info: Redefining \% on input line 969.
LaTeX Info: Redefining \. on input line 978.
LaTeX Info: Redefining \% on input line 978.
LaTeX Info: Redefining \. on input line 986.
LaTeX Info: Redefining \% on input line 986.
LaTeX Info: Redefining \. on input line 994.
LaTeX Info: Redefining \% on input line 994.
LaTeX Info: Redefining \. on input line 1002.
LaTeX Info: Redefining \% on input line 1002.
LaTeX Info: Redefining \. on input line 1010.
LaTeX Info: Redefining \% on input line 1010.
LaTeX Info: Redefining \. on input line 1018.
LaTeX Info: Redefining \% on input line 1018.
LaTeX Info: Redefining \. on input line 1034.
LaTeX Info: Redefining \% on input line 1034.
LaTeX Info: Redefining \. on input line 1042.
LaTeX Info: Redefining \% on input line 1042.
LaTeX Info: Redefining \. on input line 1050.
LaTeX Info: Redefining \% on input line 1050.
)
\openout1 = `Analisis2.2.aux'.

LaTeX Font Info:    Checking defaults for OML/cmm/m/it on input line 24.
LaTeX Font Info:    ... okay on input line 24.
LaTeX Font Info:    Checking defaults for T1/cmr/m/n on input line 24.
LaTeX Font Info:    ... okay on input line 24.
LaTeX Font Info:    Checking defaults for OT1/cmr/m/n on input line 24.
LaTeX Font Info:    ... okay on input line 24.
LaTeX Font Info:    Checking defaults for OMS/cmsy/m/n on input line 24.
LaTeX Font Info:    ... okay on input line 24.
LaTeX Font Info:    Checking defaults for OMX/cmex/m/n on input line 24.
LaTeX Font Info:    ... okay on input line 24.
LaTeX Font Info:    Checking defaults for U/cmr/m/n on input line 24.
LaTeX Font Info:    ... okay on input line 24.
LaTeX Font Info:    Checking defaults for TS1/cmr/m/n on input line 24.
LaTeX Font Info:    Try loading font information for TS1+cmr on input line 24.

(/usr/local/texlive/2012/texmf-dist/tex/latex/base/ts1cmr.fd
File: ts1cmr.fd 1999/05/25 v2.5h Standard LaTeX font definitions
)
LaTeX Font Info:    ... okay on input line 24.

(/usr/local/texlive/2012/texmf-dist/tex/context/base/supp-pdf.mkii
[Loading MPS to PDF converter (version 2006.09.02).]
\scratchcounter=\count106
\scratchdimen=\dimen128
\scratchbox=\box29
\nofMPsegments=\count107
\nofMParguments=\count108
\everyMPshowfont=\toks24
\MPscratchCnt=\count109
\MPscratchDim=\dimen129
\MPnumerator=\count110
\makeMPintoPDFobject=\count111
\everyMPtoPDFconversion=\toks25
) (/usr/local/texlive/2012/texmf-dist/tex/generic/oberdiek/pdftexcmds.sty
Package: pdftexcmds 2011/11/29 v0.20 Utility functions of pdfTeX for LuaTeX (HO
)

(/usr/local/texlive/2012/texmf-dist/tex/generic/oberdiek/ifluatex.sty
Package: ifluatex 2010/03/01 v1.3 Provides the ifluatex switch (HO)
Package ifluatex Info: LuaTeX not detected.
)
(/usr/local/texlive/2012/texmf-dist/tex/generic/oberdiek/ifpdf.sty
Package: ifpdf 2011/01/30 v2.3 Provides the ifpdf switch (HO)
Package ifpdf Info: pdfTeX in PDF mode is detected.
)
Package pdftexcmds Info: LuaTeX not detected.
Package pdftexcmds Info: \pdf@primitive is available.
Package pdftexcmds Info: \pdf@ifprimitive is available.
Package pdftexcmds Info: \pdfdraftmode found.
)
(/usr/local/texlive/2012/texmf-dist/tex/latex/oberdiek/epstopdf-base.sty
Package: epstopdf-base 2010/02/09 v2.5 Base part for package epstopdf

(/usr/local/texlive/2012/texmf-dist/tex/latex/oberdiek/grfext.sty
Package: grfext 2010/08/19 v1.1 Manage graphics extensions (HO)

(/usr/local/texlive/2012/texmf-dist/tex/generic/oberdiek/kvdefinekeys.sty
Package: kvdefinekeys 2011/04/07 v1.3 Define keys (HO)
))
(/usr/local/texlive/2012/texmf-dist/tex/latex/oberdiek/kvoptions.sty
Package: kvoptions 2011/06/30 v3.11 Key value format for package options (HO)

(/usr/local/texlive/2012/texmf-dist/tex/generic/oberdiek/kvsetkeys.sty
Package: kvsetkeys 2012/04/25 v1.16 Key value parser (HO)

(/usr/local/texlive/2012/texmf-dist/tex/generic/oberdiek/etexcmds.sty
Package: etexcmds 2011/02/16 v1.5 Avoid name clashes with e-TeX commands (HO)
Package etexcmds Info: Could not find \expanded.
(etexcmds)             That can mean that you are not using pdfTeX 1.50 or
(etexcmds)             that some package has redefined \expanded.
(etexcmds)             In the latter case, load this package earlier.
)))
Package grfext Info: Graphics extension search list:
(grfext)             [.png,.pdf,.jpg,.mps,.jpeg,.jbig2,.jb2,.PNG,.PDF,.JPG,.JPE
G,.JBIG2,.JB2,.eps]
(grfext)             \AppendGraphicsExtensions on input line 452.

(/usr/local/texlive/2012/texmf-dist/tex/latex/latexconfig/epstopdf-sys.cfg
File: epstopdf-sys.cfg 2010/07/13 v1.3 Configuration of (r)epstopdf for TeX Liv
e
))
LaTeX Font Info:    Try loading font information for U+msa on input line 50.

(/usr/local/texlive/2012/texmf-dist/tex/latex/amsfonts/umsa.fd
File: umsa.fd 2009/06/22 v3.00 AMS symbols A
)
LaTeX Font Info:    Try loading font information for U+msb on input line 50.

(/usr/local/texlive/2012/texmf-dist/tex/latex/amsfonts/umsb.fd
File: umsb.fd 2009/06/22 v3.00 AMS symbols B
)
Underfull \hbox (badness 10000) in paragraph at lines 42--60

 []

[1

{/usr/local/texlive/2012/texmf-var/fonts/map/pdftex/updmap/pdftex.map}]
LaTeX Info: Redefining \. on input line 65.
LaTeX Info: Redefining \% on input line 65.
LaTeX Info: Redefining \. on input line 70.
LaTeX Info: Redefining \% on input line 70.
LaTeX Info: Redefining \. on input line 74.
LaTeX Info: Redefining \% on input line 74.
LaTeX Info: Redefining \. on input line 81.
LaTeX Info: Redefining \% on input line 81.
LaTeX Info: Redefining \. on input line 86.
LaTeX Info: Redefining \% on input line 86.
LaTeX Info: Redefining \. on input line 94.
LaTeX Info: Redefining \% on input line 94.
LaTeX Info: Redefining \. on input line 103.
LaTeX Info: Redefining \% on input line 103.

[1]
LaTeX Info: Redefining \. on input line 114.
LaTeX Info: Redefining \% on input line 114.
LaTeX Info: Redefining \. on input line 121.
LaTeX Info: Redefining \% on input line 121.
LaTeX Info: Redefining \. on input line 131.
LaTeX Info: Redefining \% on input line 131.
LaTeX Info: Redefining \. on input line 138.
LaTeX Info: Redefining \% on input line 138.
LaTeX Info: Redefining \. on input line 147.
LaTeX Info: Redefining \% on input line 147.
 [2]
LaTeX Info: Redefining \. on input line 155.
LaTeX Info: Redefining \% on input line 155.
LaTeX Info: Redefining \. on input line 160.
LaTeX Info: Redefining \% on input line 160.
LaTeX Info: Redefining \. on input line 167.
LaTeX Info: Redefining \% on input line 167.
 [3]
LaTeX Info: Redefining \. on input line 177.
LaTeX Info: Redefining \% on input line 177.
LaTeX Info: Redefining \. on input line 186.
LaTeX Info: Redefining \% on input line 186.
LaTeX Info: Redefining \. on input line 188.
LaTeX Info: Redefining \% on input line 188.
LaTeX Info: Redefining \. on input line 190.
LaTeX Info: Redefining \% on input line 190.
LaTeX Info: Redefining \. on input line 192.
LaTeX Info: Redefining \% on input line 192.
LaTeX Info: Redefining \. on input line 194.
LaTeX Info: Redefining \% on input line 194.

Overfull \hbox (68.19746pt too wide) in paragraph at lines 184--198
[]  
 []

LaTeX Info: Redefining \. on input line 200.
LaTeX Info: Redefining \% on input line 200.
LaTeX Info: Redefining \. on input line 201.
LaTeX Info: Redefining \% on input line 201.
LaTeX Info: Redefining \. on input line 204.
LaTeX Info: Redefining \% on input line 204.
LaTeX Info: Redefining \. on input line 214.
LaTeX Info: Redefining \% on input line 214.
LaTeX Info: Redefining \. on input line 216.
LaTeX Info: Redefining \% on input line 216.
LaTeX Info: Redefining \. on input line 218.
LaTeX Info: Redefining \% on input line 218.

Overfull \hbox (68.19746pt too wide) in paragraph at lines 212--223
[]  
 []

LaTeX Info: Redefining \. on input line 225.
LaTeX Info: Redefining \% on input line 225.
LaTeX Info: Redefining \. on input line 226.
LaTeX Info: Redefining \% on input line 226.
LaTeX Info: Redefining \. on input line 233.
LaTeX Info: Redefining \% on input line 233.
LaTeX Info: Redefining \. on input line 240.
LaTeX Info: Redefining \% on input line 240.
[4]
LaTeX Info: Redefining \. on input line 251.
LaTeX Info: Redefining \% on input line 251.
LaTeX Info: Redefining \. on input line 258.
LaTeX Info: Redefining \% on input line 258.
LaTeX Info: Redefining \. on input line 263.
LaTeX Info: Redefining \% on input line 263.
LaTeX Info: Redefining \. on input line 271.
LaTeX Info: Redefining \% on input line 271.
LaTeX Info: Redefining \. on input line 278.
LaTeX Info: Redefining \% on input line 278.
LaTeX Info: Redefining \. on input line 286.
LaTeX Info: Redefining \% on input line 286.
LaTeX Info: Redefining \. on input line 296.
LaTeX Info: Redefining \% on input line 296.
 [5]
LaTeX Info: Redefining \. on input line 308.
LaTeX Info: Redefining \% on input line 308.
LaTeX Info: Redefining \. on input line 315.
LaTeX Info: Redefining \% on input line 315.
LaTeX Info: Redefining \. on input line 324.
LaTeX Info: Redefining \% on input line 324.
LaTeX Info: Redefining \. on input line 335.
LaTeX Info: Redefining \% on input line 335.
LaTeX Info: Redefining \. on input line 342.
LaTeX Info: Redefining \% on input line 342.
 <Analisis22-img/Analisis22-img016.png, id=29, 1063.975pt x 963.6pt>
File: Analisis22-img/Analisis22-img016.png Graphic file (type png)

<use Analisis22-img/Analisis22-img016.png>
Package pdftex.def Info: Analisis22-img/Analisis22-img016.png used on input lin
e 349.
(pdftex.def)             Requested size: 142.16928pt x 128.71297pt.
LaTeX Info: Redefining \. on input line 352.
LaTeX Info: Redefining \% on input line 352.
LaTeX Info: Redefining \. on input line 353.
LaTeX Info: Redefining \% on input line 353.
LaTeX Info: Redefining \. on input line 353.
LaTeX Info: Redefining \% on input line 353.
 [6]
LaTeX Info: Redefining \. on input line 360.
LaTeX Info: Redefining \% on input line 360.
LaTeX Info: Redefining \. on input line 384.
LaTeX Info: Redefining \% on input line 384.
LaTeX Info: Redefining \. on input line 385.
LaTeX Info: Redefining \% on input line 385.
LaTeX Info: Redefining \. on input line 386.
LaTeX Info: Redefining \% on input line 386.
LaTeX Info: Redefining \. on input line 389.
LaTeX Info: Redefining \% on input line 389.

Overfull \hbox (68.14705pt too wide) in paragraph at lines 383--391
[]  
 []

[7 <./Analisis22-img/Analisis22-img016.png>]
LaTeX Info: Redefining \. on input line 404.
LaTeX Info: Redefining \% on input line 404.
LaTeX Info: Redefining \. on input line 405.
LaTeX Info: Redefining \% on input line 405.
LaTeX Info: Redefining \. on input line 406.
LaTeX Info: Redefining \% on input line 406.
LaTeX Info: Redefining \. on input line 409.
LaTeX Info: Redefining \% on input line 409.

Overfull \hbox (68.14595pt too wide) in paragraph at lines 403--411
[]  
 []

LaTeX Info: Redefining \. on input line 426.
LaTeX Info: Redefining \% on input line 426.
LaTeX Info: Redefining \. on input line 427.
LaTeX Info: Redefining \% on input line 427.
LaTeX Info: Redefining \. on input line 428.
LaTeX Info: Redefining \% on input line 428.
LaTeX Info: Redefining \. on input line 429.
LaTeX Info: Redefining \% on input line 429.
LaTeX Info: Redefining \. on input line 430.
LaTeX Info: Redefining \% on input line 430.
LaTeX Info: Redefining \. on input line 431.
LaTeX Info: Redefining \% on input line 431.

Overfull \hbox (76.97789pt too wide) in paragraph at lines 425--435
[]  
 []

<Analisis22-img/Analisis22-img017.png, id=39, 686.565pt x 280.79906pt>
File: Analisis22-img/Analisis22-img017.png Graphic file (type png)

<use Analisis22-img/Analisis22-img017.png>
Package pdftex.def Info: Analisis22-img/Analisis22-img017.png used on input lin
e 441.
(pdftex.def)             Requested size: 416.5412pt x 170.37454pt.

Overfull \hbox (56.5412pt too wide) in paragraph at lines 441--442
 [] 
 []

LaTeX Info: Redefining \. on input line 444.
LaTeX Info: Redefining \% on input line 444.
LaTeX Info: Redefining \. on input line 445.
LaTeX Info: Redefining \% on input line 445.
LaTeX Info: Redefining \. on input line 445.
LaTeX Info: Redefining \% on input line 445.
LaTeX Info: Redefining \. on input line 445.
LaTeX Info: Redefining \% on input line 445.
LaTeX Info: Redefining \. on input line 447.
LaTeX Info: Redefining \% on input line 447.
<Analisis22-img/Analisis22-img018.png, id=40, 799.48688pt x 404.26031pt>
File: Analisis22-img/Analisis22-img018.png Graphic file (type png)

<use Analisis22-img/Analisis22-img018.png>
Package pdftex.def Info: Analisis22-img/Analisis22-img018.png used on input lin
e 453.
(pdftex.def)             Requested size: 416.55292pt x 210.6422pt.

Overfull \hbox (56.55292pt too wide) in paragraph at lines 453--454
 [] 
 []

[8 <./Analisis22-img/Analisis22-img017.png>]
LaTeX Info: Redefining \. on input line 456.
LaTeX Info: Redefining \% on input line 456.
LaTeX Info: Redefining \. on input line 457.
LaTeX Info: Redefining \% on input line 457.
LaTeX Info: Redefining \. on input line 461.
LaTeX Info: Redefining \% on input line 461.
 [9 <./Analisis22-img/Analisis22-img018.png>]
<Analisis22-img/Analisis22-img019.png, id=49, 794.97pt x 403.5075pt>
File: Analisis22-img/Analisis22-img019.png Graphic file (type png)

<use Analisis22-img/Analisis22-img019.png>
Package pdftex.def Info: Analisis22-img/Analisis22-img019.png used on input lin
e 469.
(pdftex.def)             Requested size: 416.56491pt x 211.43208pt.
LaTeX Info: Redefining \. on input line 471.
LaTeX Info: Redefining \% on input line 471.
LaTeX Info: Redefining \. on input line 472.
LaTeX Info: Redefining \% on input line 472.

Overfull \hbox (56.56491pt too wide) in paragraph at lines 469--473
 [] 
 []

LaTeX Info: Redefining \. on input line 476.
LaTeX Info: Redefining \% on input line 476.
[10 <./Analisis22-img/Analisis22-img019.png>]
LaTeX Info: Redefining \. on input line 480.
LaTeX Info: Redefining \% on input line 480.
LaTeX Info: Redefining \. on input line 487.
LaTeX Info: Redefining \% on input line 487.
LaTeX Info: Redefining \. on input line 488.
LaTeX Info: Redefining \% on input line 488.
LaTeX Info: Redefining \. on input line 489.
LaTeX Info: Redefining \% on input line 489.
LaTeX Info: Redefining \. on input line 490.
LaTeX Info: Redefining \% on input line 490.
LaTeX Info: Redefining \. on input line 491.
LaTeX Info: Redefining \% on input line 491.
LaTeX Info: Redefining \. on input line 492.
LaTeX Info: Redefining \% on input line 492.

Overfull \hbox (76.97789pt too wide) in paragraph at lines 486--496
[]  
 []

<Analisis22-img/Analisis22-img020.png, id=54, 804.00375pt x 404.26031pt>
File: Analisis22-img/Analisis22-img020.png Graphic file (type png)

<use Analisis22-img/Analisis22-img020.png>
Package pdftex.def Info: Analisis22-img/Analisis22-img020.png used on input lin
e 500.
(pdftex.def)             Requested size: 416.51405pt x 209.43933pt.
LaTeX Info: Redefining \. on input line 502.
LaTeX Info: Redefining \% on input line 502.
LaTeX Info: Redefining \. on input line 503.
LaTeX Info: Redefining \% on input line 503.

Overfull \hbox (56.51405pt too wide) in paragraph at lines 500--504
 [] 
 []

LaTeX Info: Redefining \. on input line 506.
LaTeX Info: Redefining \% on input line 506.
<Analisis22-img/Analisis22-img021.png, id=55, 794.97pt x 403.5075pt>
File: Analisis22-img/Analisis22-img021.png Graphic file (type png)

<use Analisis22-img/Analisis22-img021.png>
Package pdftex.def Info: Analisis22-img/Analisis22-img021.png used on input lin
e 517.
(pdftex.def)             Requested size: 416.56491pt x 211.43208pt.
LaTeX Info: Redefining \. on input line 519.
LaTeX Info: Redefining \% on input line 519.
LaTeX Info: Redefining \. on input line 520.
LaTeX Info: Redefining \% on input line 520.

Overfull \hbox (56.56491pt too wide) in paragraph at lines 517--521
 [] 
 []

[11 <./Analisis22-img/Analisis22-img020.png>]
LaTeX Info: Redefining \. on input line 523.
LaTeX Info: Redefining \% on input line 523.

<Analisis22-img/Analisis22-img022.png, id=60, 718.18312pt x 280.79906pt>
File: Analisis22-img/Analisis22-img022.png Graphic file (type png)

<use Analisis22-img/Analisis22-img022.png>
Package pdftex.def Info: Analisis22-img/Analisis22-img022.png used on input lin
e 530.
(pdftex.def)             Requested size: 416.55746pt x 162.85928pt.

Overfull \hbox (56.55746pt too wide) in paragraph at lines 530--531
 [] 
 []

LaTeX Info: Redefining \. on input line 533.
LaTeX Info: Redefining \% on input line 533.
LaTeX Info: Redefining \. on input line 534.
LaTeX Info: Redefining \% on input line 534.
LaTeX Info: Redefining \. on input line 537.
LaTeX Info: Redefining \% on input line 537.
[12 <./Analisis22-img/Analisis22-img021.png> <./Analisis22-img/Analisis22-img02
2.png>]
LaTeX Info: Redefining \. on input line 555.
LaTeX Info: Redefining \% on input line 555.
LaTeX Info: Redefining \. on input line 556.
LaTeX Info: Redefining \% on input line 556.
LaTeX Info: Redefining \. on input line 557.
LaTeX Info: Redefining \% on input line 557.
LaTeX Info: Redefining \. on input line 558.
LaTeX Info: Redefining \% on input line 558.
LaTeX Info: Redefining \. on input line 559.
LaTeX Info: Redefining \% on input line 559.
LaTeX Info: Redefining \. on input line 560.
LaTeX Info: Redefining \% on input line 560.

Overfull \hbox (76.97789pt too wide) in paragraph at lines 554--564
[]  
 []

<Analisis22-img/Analisis22-img023.png, id=67, 697.10437pt x 280.79906pt>
File: Analisis22-img/Analisis22-img023.png Graphic file (type png)

<use Analisis22-img/Analisis22-img023.png>
Package pdftex.def Info: Analisis22-img/Analisis22-img023.png used on input lin
e 569.
(pdftex.def)             Requested size: 416.5533pt x 167.78662pt.
LaTeX Info: Redefining \. on input line 571.
LaTeX Info: Redefining \% on input line 571.
LaTeX Info: Redefining \. on input line 572.
LaTeX Info: Redefining \% on input line 572.

Overfull \hbox (56.5533pt too wide) in paragraph at lines 569--573
 [] 
 []

LaTeX Info: Redefining \. on input line 575.
LaTeX Info: Redefining \% on input line 575.
<Analisis22-img/Analisis22-img024.png, id=68, 804.00375pt x 404.26031pt>
File: Analisis22-img/Analisis22-img024.png Graphic file (type png)

<use Analisis22-img/Analisis22-img024.png>
Package pdftex.def Info: Analisis22-img/Analisis22-img024.png used on input lin
e 582.
(pdftex.def)             Requested size: 416.51405pt x 209.43933pt.
LaTeX Info: Redefining \. on input line 584.
LaTeX Info: Redefining \% on input line 584.
LaTeX Info: Redefining \. on input line 585.
LaTeX Info: Redefining \% on input line 585.

Overfull \hbox (56.51405pt too wide) in paragraph at lines 582--586
 [] 
 []

[13 <./Analisis22-img/Analisis22-img023.png>]
LaTeX Info: Redefining \. on input line 588.
LaTeX Info: Redefining \% on input line 588.
 [14 <./Analisis22-img/Analisis22-img024.png>]
<Analisis22-img/Analisis22-img025.png, id=77, 791.95876pt x 403.5075pt>
File: Analisis22-img/Analisis22-img025.png Graphic file (type png)

<use Analisis22-img/Analisis22-img025.png>
Package pdftex.def Info: Analisis22-img/Analisis22-img025.png used on input lin
e 593.
(pdftex.def)             Requested size: 416.55797pt x 212.22635pt.
LaTeX Info: Redefining \. on input line 595.
LaTeX Info: Redefining \% on input line 595.
LaTeX Info: Redefining \. on input line 596.
LaTeX Info: Redefining \% on input line 596.

Overfull \hbox (56.55797pt too wide) in paragraph at lines 593--597
 [] 
 []

LaTeX Info: Redefining \. on input line 600.
LaTeX Info: Redefining \% on input line 600.
[15 <./Analisis22-img/Analisis22-img025.png>]
LaTeX Info: Redefining \. on input line 612.
LaTeX Info: Redefining \% on input line 612.
LaTeX Info: Redefining \. on input line 613.
LaTeX Info: Redefining \% on input line 613.
LaTeX Info: Redefining \. on input line 614.
LaTeX Info: Redefining \% on input line 614.
LaTeX Info: Redefining \. on input line 615.
LaTeX Info: Redefining \% on input line 615.
LaTeX Info: Redefining \. on input line 616.
LaTeX Info: Redefining \% on input line 616.
LaTeX Info: Redefining \. on input line 617.
LaTeX Info: Redefining \% on input line 617.

Overfull \hbox (68.14595pt too wide) in paragraph at lines 611--622
[]  
 []

<Analisis22-img/Analisis22-img026.png, id=82, 846.91406pt x 304.13625pt>
File: Analisis22-img/Analisis22-img026.png Graphic file (type png)

<use Analisis22-img/Analisis22-img026.png>
Package pdftex.def Info: Analisis22-img/Analisis22-img026.png used on input lin
e 625.
(pdftex.def)             Requested size: 416.54227pt x 149.60815pt.
LaTeX Info: Redefining \. on input line 627.
LaTeX Info: Redefining \% on input line 627.
LaTeX Info: Redefining \. on input line 628.
LaTeX Info: Redefining \% on input line 628.

Overfull \hbox (56.54227pt too wide) in paragraph at lines 625--629
 [] 
 []

LaTeX Info: Redefining \. on input line 631.
LaTeX Info: Redefining \% on input line 631.
[16 <./Analisis22-img/Analisis22-img026.png>]
LaTeX Info: Redefining \. on input line 645.
LaTeX Info: Redefining \% on input line 645.
LaTeX Info: Redefining \. on input line 647.
LaTeX Info: Redefining \% on input line 647.
LaTeX Info: Redefining \. on input line 647.
LaTeX Info: Redefining \% on input line 647.
LaTeX Info: Redefining \. on input line 648.
LaTeX Info: Redefining \% on input line 648.
LaTeX Info: Redefining \. on input line 649.
LaTeX Info: Redefining \% on input line 649.
LaTeX Info: Redefining \. on input line 650.
LaTeX Info: Redefining \% on input line 650.
LaTeX Info: Redefining \. on input line 651.
LaTeX Info: Redefining \% on input line 651.

Overfull \hbox (68.14595pt too wide) in paragraph at lines 644--654
[]  
 []

LaTeX Info: Redefining \. on input line 658.
LaTeX Info: Redefining \% on input line 658.
<Analisis22-img/Analisis22-img027.png, id=87, 1088.56688pt x 380.92313pt>
File: Analisis22-img/Analisis22-img027.png Graphic file (type png)

<use Analisis22-img/Analisis22-img027.png>
Package pdftex.def Info: Analisis22-img/Analisis22-img027.png used on input lin
e 659.
(pdftex.def)             Requested size: 391.81734pt x 137.05666pt.
LaTeX Info: Redefining \. on input line 661.
LaTeX Info: Redefining \% on input line 661.
LaTeX Info: Redefining \. on input line 662.
LaTeX Info: Redefining \% on input line 662.

Overfull \hbox (31.81734pt too wide) in paragraph at lines 659--663
 [] 
 []

./Analisis2.2.tex:663: Extra }, or forgotten \endgroup.
l.663 \par}
           
I've deleted a group-closing symbol because it seems to be
spurious, as in `$x}$'. But perhaps the } is legitimate and
you forgot something else, as in `\hbox{$x}'. In such cases
the way to recover is to insert both the forgotten and the
deleted material, e.g., by typing `I$}'.

LaTeX Info: Redefining \. on input line 666.
LaTeX Info: Redefining \% on input line 666.
[17 <./Analisis22-img/Analisis22-img027.png>]
LaTeX Info: Redefining \. on input line 679.
LaTeX Info: Redefining \% on input line 679.
LaTeX Info: Redefining \. on input line 680.
LaTeX Info: Redefining \% on input line 680.
LaTeX Info: Redefining \. on input line 681.
LaTeX Info: Redefining \% on input line 681.
LaTeX Info: Redefining \. on input line 682.
LaTeX Info: Redefining \% on input line 682.
LaTeX Info: Redefining \. on input line 683.
LaTeX Info: Redefining \% on input line 683.
LaTeX Info: Redefining \. on input line 684.
LaTeX Info: Redefining \% on input line 684.

Overfull \hbox (68.14595pt too wide) in paragraph at lines 678--688
[]  
 []

<Analisis22-img/Analisis22-img028.png, id=92, 846.16125pt x 326.72063pt>
File: Analisis22-img/Analisis22-img028.png Graphic file (type png)

<use Analisis22-img/Analisis22-img028.png>
Package pdftex.def Info: Analisis22-img/Analisis22-img028.png used on input lin
e 690.
(pdftex.def)             Requested size: 416.54643pt x 160.8423pt.
LaTeX Info: Redefining \. on input line 692.
LaTeX Info: Redefining \% on input line 692.
LaTeX Info: Redefining \. on input line 693.
LaTeX Info: Redefining \% on input line 693.

Overfull \hbox (56.54643pt too wide) in paragraph at lines 690--694
 [] 
 []

LaTeX Info: Redefining \. on input line 697.
LaTeX Info: Redefining \% on input line 697.
[18 <./Analisis22-img/Analisis22-img028.png>]
LaTeX Info: Redefining \. on input line 708.
LaTeX Info: Redefining \% on input line 708.
LaTeX Info: Redefining \. on input line 709.
LaTeX Info: Redefining \% on input line 709.
LaTeX Info: Redefining \. on input line 710.
LaTeX Info: Redefining \% on input line 710.
LaTeX Info: Redefining \. on input line 711.
LaTeX Info: Redefining \% on input line 711.
LaTeX Info: Redefining \. on input line 712.
LaTeX Info: Redefining \% on input line 712.
LaTeX Info: Redefining \. on input line 713.
LaTeX Info: Redefining \% on input line 713.

Overfull \hbox (68.14595pt too wide) in paragraph at lines 707--717
[]  
 []

<Analisis22-img/Analisis22-img029.png, id=98, 621.07031pt x 353.06906pt>
File: Analisis22-img/Analisis22-img029.png Graphic file (type png)

<use Analisis22-img/Analisis22-img029.png>
Package pdftex.def Info: Analisis22-img/Analisis22-img029.png used on input lin
e 719.
(pdftex.def)             Requested size: 416.55087pt x 236.7867pt.

Overfull \hbox (56.55087pt too wide) in paragraph at lines 719--719
 [] 
 []

LaTeX Info: Redefining \. on input line 721.
LaTeX Info: Redefining \% on input line 721.
LaTeX Info: Redefining \. on input line 722.
LaTeX Info: Redefining \% on input line 722.
LaTeX Info: Redefining \. on input line 726.
LaTeX Info: Redefining \% on input line 726.
[19 <./Analisis22-img/Analisis22-img029.png>]
LaTeX Info: Redefining \. on input line 738.
LaTeX Info: Redefining \% on input line 738.
LaTeX Info: Redefining \. on input line 739.
LaTeX Info: Redefining \% on input line 739.
LaTeX Info: Redefining \. on input line 740.
LaTeX Info: Redefining \% on input line 740.
LaTeX Info: Redefining \. on input line 741.
LaTeX Info: Redefining \% on input line 741.
LaTeX Info: Redefining \. on input line 742.
LaTeX Info: Redefining \% on input line 742.
LaTeX Info: Redefining \. on input line 743.
LaTeX Info: Redefining \% on input line 743.

Overfull \hbox (68.14595pt too wide) in paragraph at lines 737--747
[]  
 []

<Analisis22-img/Analisis22-img030.png, id=103, 861.2175pt x 301.125pt>
File: Analisis22-img/Analisis22-img030.png Graphic file (type png)

<use Analisis22-img/Analisis22-img030.png>
Package pdftex.def Info: Analisis22-img/Analisis22-img030.png used on input lin
e 751.
(pdftex.def)             Requested size: 416.55984pt x 145.65947pt.

Overfull \hbox (56.55984pt too wide) in paragraph at lines 751--751
 [] 
 []

LaTeX Info: Redefining \. on input line 753.
LaTeX Info: Redefining \% on input line 753.
LaTeX Info: Redefining \. on input line 754.
LaTeX Info: Redefining \% on input line 754.
LaTeX Info: Redefining \. on input line 757.
LaTeX Info: Redefining \% on input line 757.
LaTeX Info: Redefining \. on input line 768.
LaTeX Info: Redefining \% on input line 768.
LaTeX Info: Redefining \. on input line 770.
LaTeX Info: Redefining \% on input line 770.
LaTeX Info: Redefining \. on input line 773.
LaTeX Info: Redefining \% on input line 773.
[20 <./Analisis22-img/Analisis22-img030.png>] (./Analisis2.2.bbl) [21]
(./Analisis2.2.aux
LaTeX Info: Redefining \. on input line 11.
LaTeX Info: Redefining \% on input line 11.
LaTeX Info: Redefining \. on input line 20.
LaTeX Info: Redefining \% on input line 20.
LaTeX Info: Redefining \. on input line 28.
LaTeX Info: Redefining \% on input line 28.
LaTeX Info: Redefining \. on input line 36.
LaTeX Info: Redefining \% on input line 36.
LaTeX Info: Redefining \. on input line 44.
LaTeX Info: Redefining \% on input line 44.
LaTeX Info: Redefining \. on input line 52.
LaTeX Info: Redefining \% on input line 52.
LaTeX Info: Redefining \. on input line 60.
LaTeX Info: Redefining \% on input line 60.
LaTeX Info: Redefining \. on input line 68.
LaTeX Info: Redefining \% on input line 68.
LaTeX Info: Redefining \. on input line 76.
LaTeX Info: Redefining \% on input line 76.
LaTeX Info: Redefining \. on input line 84.
LaTeX Info: Redefining \% on input line 84.
LaTeX Info: Redefining \. on input line 92.
LaTeX Info: Redefining \% on input line 92.
LaTeX Info: Redefining \. on input line 100.
LaTeX Info: Redefining \% on input line 100.
LaTeX Info: Redefining \. on input line 108.
LaTeX Info: Redefining \% on input line 108.
LaTeX Info: Redefining \. on input line 116.
LaTeX Info: Redefining \% on input line 116.
LaTeX Info: Redefining \. on input line 124.
LaTeX Info: Redefining \% on input line 124.
LaTeX Info: Redefining \. on input line 132.
LaTeX Info: Redefining \% on input line 132.
LaTeX Info: Redefining \. on input line 140.
LaTeX Info: Redefining \% on input line 140.
LaTeX Info: Redefining \. on input line 148.
LaTeX Info: Redefining \% on input line 148.
LaTeX Info: Redefining \. on input line 156.
LaTeX Info: Redefining \% on input line 156.
LaTeX Info: Redefining \. on input line 164.
LaTeX Info: Redefining \% on input line 164.
LaTeX Info: Redefining \. on input line 172.
LaTeX Info: Redefining \% on input line 172.
LaTeX Info: Redefining \. on input line 188.
LaTeX Info: Redefining \% on input line 188.
LaTeX Info: Redefining \. on input line 196.
LaTeX Info: Redefining \% on input line 196.
LaTeX Info: Redefining \. on input line 204.
LaTeX Info: Redefining \% on input line 204.
LaTeX Info: Redefining \. on input line 212.
LaTeX Info: Redefining \% on input line 212.
LaTeX Info: Redefining \. on input line 229.
LaTeX Info: Redefining \% on input line 229.
LaTeX Info: Redefining \. on input line 237.
LaTeX Info: Redefining \% on input line 237.
LaTeX Info: Redefining \. on input line 246.
LaTeX Info: Redefining \% on input line 246.
LaTeX Info: Redefining \. on input line 254.
LaTeX Info: Redefining \% on input line 254.
LaTeX Info: Redefining \. on input line 262.
LaTeX Info: Redefining \% on input line 262.
LaTeX Info: Redefining \. on input line 270.
LaTeX Info: Redefining \% on input line 270.
LaTeX Info: Redefining \. on input line 278.
LaTeX Info: Redefining \% on input line 278.
LaTeX Info: Redefining \. on input line 286.
LaTeX Info: Redefining \% on input line 286.
LaTeX Info: Redefining \. on input line 295.
LaTeX Info: Redefining \% on input line 295.
LaTeX Info: Redefining \. on input line 303.
LaTeX Info: Redefining \% on input line 303.
LaTeX Info: Redefining \. on input line 311.
LaTeX Info: Redefining \% on input line 311.
LaTeX Info: Redefining \. on input line 319.
LaTeX Info: Redefining \% on input line 319.
LaTeX Info: Redefining \. on input line 327.
LaTeX Info: Redefining \% on input line 327.
LaTeX Info: Redefining \. on input line 335.
LaTeX Info: Redefining \% on input line 335.
LaTeX Info: Redefining \. on input line 351.
LaTeX Info: Redefining \% on input line 351.
LaTeX Info: Redefining \. on input line 361.
LaTeX Info: Redefining \% on input line 361.
LaTeX Info: Redefining \. on input line 369.
LaTeX Info: Redefining \% on input line 369.
LaTeX Info: Redefining \. on input line 377.
LaTeX Info: Redefining \% on input line 377.
LaTeX Info: Redefining \. on input line 385.
LaTeX Info: Redefining \% on input line 385.
LaTeX Info: Redefining \. on input line 393.
LaTeX Info: Redefining \% on input line 393.
LaTeX Info: Redefining \. on input line 401.
LaTeX Info: Redefining \% on input line 401.
LaTeX Info: Redefining \. on input line 409.
LaTeX Info: Redefining \% on input line 409.
LaTeX Info: Redefining \. on input line 417.
LaTeX Info: Redefining \% on input line 417.
LaTeX Info: Redefining \. on input line 427.
LaTeX Info: Redefining \% on input line 427.
LaTeX Info: Redefining \. on input line 435.
LaTeX Info: Redefining \% on input line 435.
LaTeX Info: Redefining \. on input line 443.
LaTeX Info: Redefining \% on input line 443.
LaTeX Info: Redefining \. on input line 451.
LaTeX Info: Redefining \% on input line 451.
LaTeX Info: Redefining \. on input line 459.
LaTeX Info: Redefining \% on input line 459.
LaTeX Info: Redefining \. on input line 467.
LaTeX Info: Redefining \% on input line 467.
LaTeX Info: Redefining \. on input line 483.
LaTeX Info: Redefining \% on input line 483.
LaTeX Info: Redefining \. on input line 499.
LaTeX Info: Redefining \% on input line 499.
LaTeX Info: Redefining \. on input line 515.
LaTeX Info: Redefining \% on input line 515.
LaTeX Info: Redefining \. on input line 524.
LaTeX Info: Redefining \% on input line 524.
LaTeX Info: Redefining \. on input line 532.
LaTeX Info: Redefining \% on input line 532.
LaTeX Info: Redefining \. on input line 540.
LaTeX Info: Redefining \% on input line 540.
LaTeX Info: Redefining \. on input line 548.
LaTeX Info: Redefining \% on input line 548.
LaTeX Info: Redefining \. on input line 556.
LaTeX Info: Redefining \% on input line 556.
LaTeX Info: Redefining \. on input line 564.
LaTeX Info: Redefining \% on input line 564.
LaTeX Info: Redefining \. on input line 580.
LaTeX Info: Redefining \% on input line 580.
LaTeX Info: Redefining \. on input line 596.
LaTeX Info: Redefining \% on input line 596.
LaTeX Info: Redefining \. on input line 612.
LaTeX Info: Redefining \% on input line 612.
LaTeX Info: Redefining \. on input line 621.
LaTeX Info: Redefining \% on input line 621.
LaTeX Info: Redefining \. on input line 629.
LaTeX Info: Redefining \% on input line 629.
LaTeX Info: Redefining \. on input line 637.
LaTeX Info: Redefining \% on input line 637.
LaTeX Info: Redefining \. on input line 645.
LaTeX Info: Redefining \% on input line 645.
LaTeX Info: Redefining \. on input line 653.
LaTeX Info: Redefining \% on input line 653.
LaTeX Info: Redefining \. on input line 661.
LaTeX Info: Redefining \% on input line 661.
LaTeX Info: Redefining \. on input line 677.
LaTeX Info: Redefining \% on input line 677.
LaTeX Info: Redefining \. on input line 693.
LaTeX Info: Redefining \% on input line 693.
LaTeX Info: Redefining \. on input line 709.
LaTeX Info: Redefining \% on input line 709.
LaTeX Info: Redefining \. on input line 718.
LaTeX Info: Redefining \% on input line 718.
LaTeX Info: Redefining \. on input line 726.
LaTeX Info: Redefining \% on input line 726.
LaTeX Info: Redefining \. on input line 734.
LaTeX Info: Redefining \% on input line 734.
LaTeX Info: Redefining \. on input line 742.
LaTeX Info: Redefining \% on input line 742.
LaTeX Info: Redefining \. on input line 750.
LaTeX Info: Redefining \% on input line 750.
LaTeX Info: Redefining \. on input line 758.
LaTeX Info: Redefining \% on input line 758.
LaTeX Info: Redefining \. on input line 774.
LaTeX Info: Redefining \% on input line 774.
LaTeX Info: Redefining \. on input line 783.
LaTeX Info: Redefining \% on input line 783.
LaTeX Info: Redefining \. on input line 791.
LaTeX Info: Redefining \% on input line 791.
LaTeX Info: Redefining \. on input line 799.
LaTeX Info: Redefining \% on input line 799.
LaTeX Info: Redefining \. on input line 807.
LaTeX Info: Redefining \% on input line 807.
LaTeX Info: Redefining \. on input line 815.
LaTeX Info: Redefining \% on input line 815.
LaTeX Info: Redefining \. on input line 823.
LaTeX Info: Redefining \% on input line 823.
LaTeX Info: Redefining \. on input line 831.
LaTeX Info: Redefining \% on input line 831.
LaTeX Info: Redefining \. on input line 839.
LaTeX Info: Redefining \% on input line 839.
LaTeX Info: Redefining \. on input line 848.
LaTeX Info: Redefining \% on input line 848.
LaTeX Info: Redefining \. on input line 856.
LaTeX Info: Redefining \% on input line 856.
LaTeX Info: Redefining \. on input line 864.
LaTeX Info: Redefining \% on input line 864.
LaTeX Info: Redefining \. on input line 872.
LaTeX Info: Redefining \% on input line 872.
LaTeX Info: Redefining \. on input line 880.
LaTeX Info: Redefining \% on input line 880.
LaTeX Info: Redefining \. on input line 888.
LaTeX Info: Redefining \% on input line 888.
LaTeX Info: Redefining \. on input line 904.
LaTeX Info: Redefining \% on input line 904.
LaTeX Info: Redefining \. on input line 913.
LaTeX Info: Redefining \% on input line 913.
LaTeX Info: Redefining \. on input line 921.
LaTeX Info: Redefining \% on input line 921.
LaTeX Info: Redefining \. on input line 929.
LaTeX Info: Redefining \% on input line 929.
LaTeX Info: Redefining \. on input line 937.
LaTeX Info: Redefining \% on input line 937.
LaTeX Info: Redefining \. on input line 945.
LaTeX Info: Redefining \% on input line 945.
LaTeX Info: Redefining \. on input line 953.
LaTeX Info: Redefining \% on input line 953.
LaTeX Info: Redefining \. on input line 969.
LaTeX Info: Redefining \% on input line 969.
LaTeX Info: Redefining \. on input line 978.
LaTeX Info: Redefining \% on input line 978.
LaTeX Info: Redefining \. on input line 986.
LaTeX Info: Redefining \% on input line 986.
LaTeX Info: Redefining \. on input line 994.
LaTeX Info: Redefining \% on input line 994.
LaTeX Info: Redefining \. on input line 1002.
LaTeX Info: Redefining \% on input line 1002.
LaTeX Info: Redefining \. on input line 1010.
LaTeX Info: Redefining \% on input line 1010.
LaTeX Info: Redefining \. on input line 1018.
LaTeX Info: Redefining \% on input line 1018.
LaTeX Info: Redefining \. on input line 1034.
LaTeX Info: Redefining \% on input line 1034.
LaTeX Info: Redefining \. on input line 1042.
LaTeX Info: Redefining \% on input line 1042.
LaTeX Info: Redefining \. on input line 1050.
LaTeX Info: Redefining \% on input line 1050.
) ) 
Here is how much of TeX's memory you used:
 4198 strings out of 493488
 55335 string characters out of 3141326
 109920 words of memory out of 3000000
 7401 multiletter control sequences out of 15000+200000
 14637 words of font info for 41 fonts, out of 3000000 for 9000
 957 hyphenation exceptions out of 8191
 37i,11n,27p,241b,544s stack positions out of 5000i,500n,10000p,200000b,50000s
{/usr/local/texlive/2012/texmf-dist/fonts/enc/dvips/cm-super/cm-super-t1.enc
}{/usr/local/texlive/2012/texmf-dist/fonts/enc/dvips/cm-super/cm-super-ts1.enc}
</usr/local/texlive/2012/texmf-dist/fonts/type1/public/cm-super/sfbx1095.pfb></
usr/local/texlive/2012/texmf-dist/fonts/type1/public/cm-super/sfbx1200.pfb></us
r/local/texlive/2012/texmf-dist/fonts/type1/public/cm-super/sfbx1440.pfb></usr/
local/texlive/2012/texmf-dist/fonts/type1/public/cm-super/sfrm1095.pfb></usr/lo
cal/texlive/2012/texmf-dist/fonts/type1/public/cm-super/sfrm1200.pfb></usr/loca
l/texlive/2012/texmf-dist/fonts/type1/public/cm-super/sfti1095.pfb></usr/local/
texlive/2012/texmf-dist/fonts/type1/public/cm-super/sfti1200.pfb>
Output written on Analisis2.2.pdf (22 pages, 554517 bytes).
PDF statistics:
 138 PDF objects out of 1000 (max. 8388607)
 76 compressed objects within 1 object stream
 0 named destinations out of 1000 (max. 500000)
 76 words of extra memory for PDF output out of 10000 (max. 10000000)

