\BOOKMARK [1][-]{section.1}{Introducci\363n}{}% 1
\BOOKMARK [1][-]{section.2}{Gesti\363n de incidentes}{}% 2
\BOOKMARK [2][-]{subsection.2.1}{Herramientas}{section.2}% 3
\BOOKMARK [3][-]{subsubsection.2.1.1}{Que es RTIR}{subsection.2.1}% 4
\BOOKMARK [1][-]{section.3}{Representaci\363n}{}% 5
\BOOKMARK [2][-]{subsection.3.1}{Modelos de datos}{section.3}% 6
\BOOKMARK [3][-]{subsubsection.3.1.1}{IDMEF}{subsection.3.1}% 7
\BOOKMARK [3][-]{subsubsection.3.1.2}{IODEF}{subsection.3.1}% 8
\BOOKMARK [3][-]{subsubsection.3.1.3}{STIX}{subsection.3.1}% 9
\BOOKMARK [2][-]{subsection.3.2}{Est\341ndares}{section.3}% 10
\BOOKMARK [1][-]{section.4}{Intercambio}{}% 11
\BOOKMARK [2][-]{subsection.4.1}{Protocolos}{section.4}% 12
\BOOKMARK [3][-]{subsubsection.4.1.1}{RID}{subsection.4.1}% 13
\BOOKMARK [3][-]{subsubsection.4.1.2}{TAXII}{subsection.4.1}% 14
\BOOKMARK [2][-]{subsection.4.2}{Feed Information Exchange}{section.4}% 15
\BOOKMARK [2][-]{subsection.4.3}{Subscription Managment Exchange}{section.4}% 16
\BOOKMARK [2][-]{subsection.4.4}{Feed Poll Exchange}{section.4}% 17
\BOOKMARK [2][-]{subsection.4.5}{Modelos}{section.4}% 18
\BOOKMARK [3][-]{subsubsection.4.5.1}{Comunidades}{subsection.4.5}% 19
\BOOKMARK [3][-]{subsubsection.4.5.2}{Modelos}{subsection.4.5}% 20
\BOOKMARK [3][-]{subsubsection.4.5.3}{Implementaci\363n de Modelos en TAXII}{subsection.4.5}% 21
